2023-06-21 15:51:54,129 ERROR org.springframework.boot.SpringApplication [restartedMain] Application run failed
java.lang.IllegalStateException: java.lang.IllegalStateException: Logback configuration error detected: 
ERROR in ch.qos.logback.classic.pattern.ClassOfCallerConverter@2cb07e1d - failed to parse integer string [1.] java.lang.NumberFormatException: For input string: "1."
ERROR in ch.qos.logback.classic.pattern.ClassOfCallerConverter@76372f0b - failed to parse integer string [1.] java.lang.NumberFormatException: For input string: "1."
	at org.springframework.boot.context.logging.LoggingApplicationListener.initializeSystem(LoggingApplicationListener.java:347)
	at org.springframework.boot.context.logging.LoggingApplicationListener.initialize(LoggingApplicationListener.java:298)
	at org.springframework.boot.context.logging.LoggingApplicationListener.onApplicationEnvironmentPreparedEvent(LoggingApplicationListener.java:246)
	at org.springframework.boot.context.logging.LoggingApplicationListener.onApplicationEvent(LoggingApplicationListener.java:223)
	at org.springframework.context.event.SimpleApplicationEventMulticaster.doInvokeListener(SimpleApplicationEventMulticaster.java:176)
	at org.springframework.context.event.SimpleApplicationEventMulticaster.invokeListener(SimpleApplicationEventMulticaster.java:169)
	at org.springframework.context.event.SimpleApplicationEventMulticaster.multicastEvent(SimpleApplicationEventMulticaster.java:143)
	at org.springframework.context.event.SimpleApplicationEventMulticaster.multicastEvent(SimpleApplicationEventMulticaster.java:131)
	at org.springframework.boot.context.event.EventPublishingRunListener.multicastInitialEvent(EventPublishingRunListener.java:136)
	at org.springframework.boot.context.event.EventPublishingRunListener.environmentPrepared(EventPublishingRunListener.java:81)
	at org.springframework.boot.SpringApplicationRunListeners.lambda$environmentPrepared$2(SpringApplicationRunListeners.java:64)
	at java.base/java.lang.Iterable.forEach(Iterable.java:75)
	at org.springframework.boot.SpringApplicationRunListeners.doWithListeners(SpringApplicationRunListeners.java:118)
	at org.springframework.boot.SpringApplicationRunListeners.doWithListeners(SpringApplicationRunListeners.java:112)
	at org.springframework.boot.SpringApplicationRunListeners.environmentPrepared(SpringApplicationRunListeners.java:63)
	at org.springframework.boot.SpringApplication.prepareEnvironment(SpringApplication.java:354)
	at org.springframework.boot.SpringApplication.run(SpringApplication.java:305)
	at org.springframework.boot.SpringApplication.run(SpringApplication.java:1304)
	at org.springframework.boot.SpringApplication.run(SpringApplication.java:1293)
	at ar.edu.unq.desapp.groupb.cryptop2p.CryptoP2PApplicationKt.main(CryptoP2PApplication.kt:13)
	at java.base/jdk.internal.reflect.NativeMethodAccessorImpl.invoke0(Native Method)
	at java.base/jdk.internal.reflect.NativeMethodAccessorImpl.invoke(NativeMethodAccessorImpl.java:77)
	at java.base/jdk.internal.reflect.DelegatingMethodAccessorImpl.invoke(DelegatingMethodAccessorImpl.java:43)
	at java.base/java.lang.reflect.Method.invoke(Method.java:568)
	at org.springframework.boot.devtools.restart.RestartLauncher.run(RestartLauncher.java:49)
Caused by: java.lang.IllegalStateException: Logback configuration error detected: 
ERROR in ch.qos.logback.classic.pattern.ClassOfCallerConverter@2cb07e1d - failed to parse integer string [1.] java.lang.NumberFormatException: For input string: "1."
ERROR in ch.qos.logback.classic.pattern.ClassOfCallerConverter@76372f0b - failed to parse integer string [1.] java.lang.NumberFormatException: For input string: "1."
	at org.springframework.boot.logging.logback.LogbackLoggingSystem.reportConfigurationErrorsIfNecessary(LogbackLoggingSystem.java:261)
	at org.springframework.boot.logging.logback.LogbackLoggingSystem.loadConfiguration(LogbackLoggingSystem.java:248)
	at org.springframework.boot.logging.AbstractLoggingSystem.initializeWithConventions(AbstractLoggingSystem.java:80)
	at org.springframework.boot.logging.AbstractLoggingSystem.initialize(AbstractLoggingSystem.java:60)
	at org.springframework.boot.logging.logback.LogbackLoggingSystem.initialize(LogbackLoggingSystem.java:188)
	at org.springframework.boot.context.logging.LoggingApplicationListener.initializeSystem(LoggingApplicationListener.java:332)
	... 24 common frames omitted
2023-06-21 15:53:55,128 ERROR org.springframework.boot.SpringApplication [restartedMain] Application run failed
java.lang.IllegalStateException: java.lang.IllegalStateException: Logback configuration error detected: 
ERROR in ch.qos.logback.classic.pattern.ClassOfCallerConverter@205d801 - failed to parse integer string [1.] java.lang.NumberFormatException: For input string: "1."
ERROR in ch.qos.logback.classic.pattern.ClassOfCallerConverter@77bca5cd - failed to parse integer string [1.] java.lang.NumberFormatException: For input string: "1."
	at org.springframework.boot.context.logging.LoggingApplicationListener.initializeSystem(LoggingApplicationListener.java:347)
	at org.springframework.boot.context.logging.LoggingApplicationListener.initialize(LoggingApplicationListener.java:298)
	at org.springframework.boot.context.logging.LoggingApplicationListener.onApplicationEnvironmentPreparedEvent(LoggingApplicationListener.java:246)
	at org.springframework.boot.context.logging.LoggingApplicationListener.onApplicationEvent(LoggingApplicationListener.java:223)
	at org.springframework.context.event.SimpleApplicationEventMulticaster.doInvokeListener(SimpleApplicationEventMulticaster.java:176)
	at org.springframework.context.event.SimpleApplicationEventMulticaster.invokeListener(SimpleApplicationEventMulticaster.java:169)
	at org.springframework.context.event.SimpleApplicationEventMulticaster.multicastEvent(SimpleApplicationEventMulticaster.java:143)
	at org.springframework.context.event.SimpleApplicationEventMulticaster.multicastEvent(SimpleApplicationEventMulticaster.java:131)
	at org.springframework.boot.context.event.EventPublishingRunListener.multicastInitialEvent(EventPublishingRunListener.java:136)
	at org.springframework.boot.context.event.EventPublishingRunListener.environmentPrepared(EventPublishingRunListener.java:81)
	at org.springframework.boot.SpringApplicationRunListeners.lambda$environmentPrepared$2(SpringApplicationRunListeners.java:64)
	at java.base/java.lang.Iterable.forEach(Iterable.java:75)
	at org.springframework.boot.SpringApplicationRunListeners.doWithListeners(SpringApplicationRunListeners.java:118)
	at org.springframework.boot.SpringApplicationRunListeners.doWithListeners(SpringApplicationRunListeners.java:112)
	at org.springframework.boot.SpringApplicationRunListeners.environmentPrepared(SpringApplicationRunListeners.java:63)
	at org.springframework.boot.SpringApplication.prepareEnvironment(SpringApplication.java:354)
	at org.springframework.boot.SpringApplication.run(SpringApplication.java:305)
	at org.springframework.boot.SpringApplication.run(SpringApplication.java:1304)
	at org.springframework.boot.SpringApplication.run(SpringApplication.java:1293)
	at ar.edu.unq.desapp.groupb.cryptop2p.CryptoP2PApplicationKt.main(CryptoP2PApplication.kt:13)
	at java.base/jdk.internal.reflect.NativeMethodAccessorImpl.invoke0(Native Method)
	at java.base/jdk.internal.reflect.NativeMethodAccessorImpl.invoke(NativeMethodAccessorImpl.java:77)
	at java.base/jdk.internal.reflect.DelegatingMethodAccessorImpl.invoke(DelegatingMethodAccessorImpl.java:43)
	at java.base/java.lang.reflect.Method.invoke(Method.java:568)
	at org.springframework.boot.devtools.restart.RestartLauncher.run(RestartLauncher.java:49)
Caused by: java.lang.IllegalStateException: Logback configuration error detected: 
ERROR in ch.qos.logback.classic.pattern.ClassOfCallerConverter@205d801 - failed to parse integer string [1.] java.lang.NumberFormatException: For input string: "1."
ERROR in ch.qos.logback.classic.pattern.ClassOfCallerConverter@77bca5cd - failed to parse integer string [1.] java.lang.NumberFormatException: For input string: "1."
	at org.springframework.boot.logging.logback.LogbackLoggingSystem.reportConfigurationErrorsIfNecessary(LogbackLoggingSystem.java:261)
	at org.springframework.boot.logging.logback.LogbackLoggingSystem.loadConfiguration(LogbackLoggingSystem.java:248)
	at org.springframework.boot.logging.AbstractLoggingSystem.initializeWithConventions(AbstractLoggingSystem.java:80)
	at org.springframework.boot.logging.AbstractLoggingSystem.initialize(AbstractLoggingSystem.java:60)
	at org.springframework.boot.logging.logback.LogbackLoggingSystem.initialize(LogbackLoggingSystem.java:188)
	at org.springframework.boot.context.logging.LoggingApplicationListener.initializeSystem(LoggingApplicationListener.java:332)
	... 24 common frames omitted
2023-06-21 15:54:55,281 ERROR org.springframework.boot.SpringApplication [restartedMain] Application run failed
java.lang.IllegalStateException: java.lang.IllegalStateException: Logback configuration error detected: 
ERROR in ch.qos.logback.classic.pattern.ClassOfCallerConverter@14e91a88 - failed to parse integer string [1.] java.lang.NumberFormatException: For input string: "1."
ERROR in ch.qos.logback.classic.pattern.ClassOfCallerConverter@17ee7f53 - failed to parse integer string [1.] java.lang.NumberFormatException: For input string: "1."
	at org.springframework.boot.context.logging.LoggingApplicationListener.initializeSystem(LoggingApplicationListener.java:347)
	at org.springframework.boot.context.logging.LoggingApplicationListener.initialize(LoggingApplicationListener.java:298)
	at org.springframework.boot.context.logging.LoggingApplicationListener.onApplicationEnvironmentPreparedEvent(LoggingApplicationListener.java:246)
	at org.springframework.boot.context.logging.LoggingApplicationListener.onApplicationEvent(LoggingApplicationListener.java:223)
	at org.springframework.context.event.SimpleApplicationEventMulticaster.doInvokeListener(SimpleApplicationEventMulticaster.java:176)
	at org.springframework.context.event.SimpleApplicationEventMulticaster.invokeListener(SimpleApplicationEventMulticaster.java:169)
	at org.springframework.context.event.SimpleApplicationEventMulticaster.multicastEvent(SimpleApplicationEventMulticaster.java:143)
	at org.springframework.context.event.SimpleApplicationEventMulticaster.multicastEvent(SimpleApplicationEventMulticaster.java:131)
	at org.springframework.boot.context.event.EventPublishingRunListener.multicastInitialEvent(EventPublishingRunListener.java:136)
	at org.springframework.boot.context.event.EventPublishingRunListener.environmentPrepared(EventPublishingRunListener.java:81)
	at org.springframework.boot.SpringApplicationRunListeners.lambda$environmentPrepared$2(SpringApplicationRunListeners.java:64)
	at java.base/java.lang.Iterable.forEach(Iterable.java:75)
	at org.springframework.boot.SpringApplicationRunListeners.doWithListeners(SpringApplicationRunListeners.java:118)
	at org.springframework.boot.SpringApplicationRunListeners.doWithListeners(SpringApplicationRunListeners.java:112)
	at org.springframework.boot.SpringApplicationRunListeners.environmentPrepared(SpringApplicationRunListeners.java:63)
	at org.springframework.boot.SpringApplication.prepareEnvironment(SpringApplication.java:354)
	at org.springframework.boot.SpringApplication.run(SpringApplication.java:305)
	at org.springframework.boot.SpringApplication.run(SpringApplication.java:1304)
	at org.springframework.boot.SpringApplication.run(SpringApplication.java:1293)
	at ar.edu.unq.desapp.groupb.cryptop2p.CryptoP2PApplicationKt.main(CryptoP2PApplication.kt:13)
	at java.base/jdk.internal.reflect.NativeMethodAccessorImpl.invoke0(Native Method)
	at java.base/jdk.internal.reflect.NativeMethodAccessorImpl.invoke(NativeMethodAccessorImpl.java:77)
	at java.base/jdk.internal.reflect.DelegatingMethodAccessorImpl.invoke(DelegatingMethodAccessorImpl.java:43)
	at java.base/java.lang.reflect.Method.invoke(Method.java:568)
	at org.springframework.boot.devtools.restart.RestartLauncher.run(RestartLauncher.java:49)
Caused by: java.lang.IllegalStateException: Logback configuration error detected: 
ERROR in ch.qos.logback.classic.pattern.ClassOfCallerConverter@14e91a88 - failed to parse integer string [1.] java.lang.NumberFormatException: For input string: "1."
ERROR in ch.qos.logback.classic.pattern.ClassOfCallerConverter@17ee7f53 - failed to parse integer string [1.] java.lang.NumberFormatException: For input string: "1."
	at org.springframework.boot.logging.logback.LogbackLoggingSystem.reportConfigurationErrorsIfNecessary(LogbackLoggingSystem.java:261)
	at org.springframework.boot.logging.logback.LogbackLoggingSystem.loadConfiguration(LogbackLoggingSystem.java:248)
	at org.springframework.boot.logging.AbstractLoggingSystem.initializeWithConventions(AbstractLoggingSystem.java:80)
	at org.springframework.boot.logging.AbstractLoggingSystem.initialize(AbstractLoggingSystem.java:60)
	at org.springframework.boot.logging.logback.LogbackLoggingSystem.initialize(LogbackLoggingSystem.java:188)
	at org.springframework.boot.context.logging.LoggingApplicationListener.initializeSystem(LoggingApplicationListener.java:332)
	... 24 common frames omitted
2023-06-21 15:55:19,260 ERROR org.springframework.boot.SpringApplication [restartedMain] Application run failed
java.lang.IllegalStateException: java.lang.IllegalStateException: Logback configuration error detected: 
ERROR in ch.qos.logback.classic.pattern.ClassOfCallerConverter@2cb07e1d - failed to parse integer string [1.] java.lang.NumberFormatException: For input string: "1."
ERROR in ch.qos.logback.classic.pattern.ClassOfCallerConverter@76372f0b - failed to parse integer string [1.] java.lang.NumberFormatException: For input string: "1."
	at org.springframework.boot.context.logging.LoggingApplicationListener.initializeSystem(LoggingApplicationListener.java:347)
	at org.springframework.boot.context.logging.LoggingApplicationListener.initialize(LoggingApplicationListener.java:298)
	at org.springframework.boot.context.logging.LoggingApplicationListener.onApplicationEnvironmentPreparedEvent(LoggingApplicationListener.java:246)
	at org.springframework.boot.context.logging.LoggingApplicationListener.onApplicationEvent(LoggingApplicationListener.java:223)
	at org.springframework.context.event.SimpleApplicationEventMulticaster.doInvokeListener(SimpleApplicationEventMulticaster.java:176)
	at org.springframework.context.event.SimpleApplicationEventMulticaster.invokeListener(SimpleApplicationEventMulticaster.java:169)
	at org.springframework.context.event.SimpleApplicationEventMulticaster.multicastEvent(SimpleApplicationEventMulticaster.java:143)
	at org.springframework.context.event.SimpleApplicationEventMulticaster.multicastEvent(SimpleApplicationEventMulticaster.java:131)
	at org.springframework.boot.context.event.EventPublishingRunListener.multicastInitialEvent(EventPublishingRunListener.java:136)
	at org.springframework.boot.context.event.EventPublishingRunListener.environmentPrepared(EventPublishingRunListener.java:81)
	at org.springframework.boot.SpringApplicationRunListeners.lambda$environmentPrepared$2(SpringApplicationRunListeners.java:64)
	at java.base/java.lang.Iterable.forEach(Iterable.java:75)
	at org.springframework.boot.SpringApplicationRunListeners.doWithListeners(SpringApplicationRunListeners.java:118)
	at org.springframework.boot.SpringApplicationRunListeners.doWithListeners(SpringApplicationRunListeners.java:112)
	at org.springframework.boot.SpringApplicationRunListeners.environmentPrepared(SpringApplicationRunListeners.java:63)
	at org.springframework.boot.SpringApplication.prepareEnvironment(SpringApplication.java:354)
	at org.springframework.boot.SpringApplication.run(SpringApplication.java:305)
	at org.springframework.boot.SpringApplication.run(SpringApplication.java:1304)
	at org.springframework.boot.SpringApplication.run(SpringApplication.java:1293)
	at ar.edu.unq.desapp.groupb.cryptop2p.CryptoP2PApplicationKt.main(CryptoP2PApplication.kt:13)
	at java.base/jdk.internal.reflect.NativeMethodAccessorImpl.invoke0(Native Method)
	at java.base/jdk.internal.reflect.NativeMethodAccessorImpl.invoke(NativeMethodAccessorImpl.java:77)
	at java.base/jdk.internal.reflect.DelegatingMethodAccessorImpl.invoke(DelegatingMethodAccessorImpl.java:43)
	at java.base/java.lang.reflect.Method.invoke(Method.java:568)
	at org.springframework.boot.devtools.restart.RestartLauncher.run(RestartLauncher.java:49)
Caused by: java.lang.IllegalStateException: Logback configuration error detected: 
ERROR in ch.qos.logback.classic.pattern.ClassOfCallerConverter@2cb07e1d - failed to parse integer string [1.] java.lang.NumberFormatException: For input string: "1."
ERROR in ch.qos.logback.classic.pattern.ClassOfCallerConverter@76372f0b - failed to parse integer string [1.] java.lang.NumberFormatException: For input string: "1."
	at org.springframework.boot.logging.logback.LogbackLoggingSystem.reportConfigurationErrorsIfNecessary(LogbackLoggingSystem.java:261)
	at org.springframework.boot.logging.logback.LogbackLoggingSystem.loadConfiguration(LogbackLoggingSystem.java:248)
	at org.springframework.boot.logging.AbstractLoggingSystem.initializeWithConventions(AbstractLoggingSystem.java:80)
	at org.springframework.boot.logging.AbstractLoggingSystem.initialize(AbstractLoggingSystem.java:60)
	at org.springframework.boot.logging.logback.LogbackLoggingSystem.initialize(LogbackLoggingSystem.java:188)
	at org.springframework.boot.context.logging.LoggingApplicationListener.initializeSystem(LoggingApplicationListener.java:332)
	... 24 common frames omitted
2023-06-21 15:55:40,464 ERROR org.springframework.boot.SpringApplication [restartedMain] Application run failed
java.lang.IllegalStateException: java.lang.IllegalStateException: Logback configuration error detected: 
ERROR in ch.qos.logback.classic.pattern.ClassOfCallerConverter@277eab0c - failed to parse integer string [1.] java.lang.NumberFormatException: For input string: "1."
ERROR in ch.qos.logback.classic.pattern.ClassOfCallerConverter@167cfe03 - failed to parse integer string [1.] java.lang.NumberFormatException: For input string: "1."
	at org.springframework.boot.context.logging.LoggingApplicationListener.initializeSystem(LoggingApplicationListener.java:347)
	at org.springframework.boot.context.logging.LoggingApplicationListener.initialize(LoggingApplicationListener.java:298)
	at org.springframework.boot.context.logging.LoggingApplicationListener.onApplicationEnvironmentPreparedEvent(LoggingApplicationListener.java:246)
	at org.springframework.boot.context.logging.LoggingApplicationListener.onApplicationEvent(LoggingApplicationListener.java:223)
	at org.springframework.context.event.SimpleApplicationEventMulticaster.doInvokeListener(SimpleApplicationEventMulticaster.java:176)
	at org.springframework.context.event.SimpleApplicationEventMulticaster.invokeListener(SimpleApplicationEventMulticaster.java:169)
	at org.springframework.context.event.SimpleApplicationEventMulticaster.multicastEvent(SimpleApplicationEventMulticaster.java:143)
	at org.springframework.context.event.SimpleApplicationEventMulticaster.multicastEvent(SimpleApplicationEventMulticaster.java:131)
	at org.springframework.boot.context.event.EventPublishingRunListener.multicastInitialEvent(EventPublishingRunListener.java:136)
	at org.springframework.boot.context.event.EventPublishingRunListener.environmentPrepared(EventPublishingRunListener.java:81)
	at org.springframework.boot.SpringApplicationRunListeners.lambda$environmentPrepared$2(SpringApplicationRunListeners.java:64)
	at java.base/java.lang.Iterable.forEach(Iterable.java:75)
	at org.springframework.boot.SpringApplicationRunListeners.doWithListeners(SpringApplicationRunListeners.java:118)
	at org.springframework.boot.SpringApplicationRunListeners.doWithListeners(SpringApplicationRunListeners.java:112)
	at org.springframework.boot.SpringApplicationRunListeners.environmentPrepared(SpringApplicationRunListeners.java:63)
	at org.springframework.boot.SpringApplication.prepareEnvironment(SpringApplication.java:354)
	at org.springframework.boot.SpringApplication.run(SpringApplication.java:305)
	at org.springframework.boot.SpringApplication.run(SpringApplication.java:1304)
	at org.springframework.boot.SpringApplication.run(SpringApplication.java:1293)
	at ar.edu.unq.desapp.groupb.cryptop2p.CryptoP2PApplicationKt.main(CryptoP2PApplication.kt:13)
	at java.base/jdk.internal.reflect.NativeMethodAccessorImpl.invoke0(Native Method)
	at java.base/jdk.internal.reflect.NativeMethodAccessorImpl.invoke(NativeMethodAccessorImpl.java:77)
	at java.base/jdk.internal.reflect.DelegatingMethodAccessorImpl.invoke(DelegatingMethodAccessorImpl.java:43)
	at java.base/java.lang.reflect.Method.invoke(Method.java:568)
	at org.springframework.boot.devtools.restart.RestartLauncher.run(RestartLauncher.java:49)
Caused by: java.lang.IllegalStateException: Logback configuration error detected: 
ERROR in ch.qos.logback.classic.pattern.ClassOfCallerConverter@277eab0c - failed to parse integer string [1.] java.lang.NumberFormatException: For input string: "1."
ERROR in ch.qos.logback.classic.pattern.ClassOfCallerConverter@167cfe03 - failed to parse integer string [1.] java.lang.NumberFormatException: For input string: "1."
	at org.springframework.boot.logging.logback.LogbackLoggingSystem.reportConfigurationErrorsIfNecessary(LogbackLoggingSystem.java:261)
	at org.springframework.boot.logging.logback.LogbackLoggingSystem.loadConfiguration(LogbackLoggingSystem.java:248)
	at org.springframework.boot.logging.AbstractLoggingSystem.initializeWithConventions(AbstractLoggingSystem.java:80)
	at org.springframework.boot.logging.AbstractLoggingSystem.initialize(AbstractLoggingSystem.java:60)
	at org.springframework.boot.logging.logback.LogbackLoggingSystem.initialize(LogbackLoggingSystem.java:188)
	at org.springframework.boot.context.logging.LoggingApplicationListener.initializeSystem(LoggingApplicationListener.java:332)
	... 24 common frames omitted
2023-06-21 16:30:42,519 ERROR org.springframework.boot.SpringApplication [restartedMain] Application run failed
java.lang.IllegalStateException: java.lang.IllegalStateException: Logback configuration error detected: 
ERROR in ch.qos.logback.classic.pattern.ClassOfCallerConverter@bf272f1 - failed to parse integer string [1.] java.lang.NumberFormatException: For input string: "1."
ERROR in ch.qos.logback.classic.pattern.ClassOfCallerConverter@5ae38291 - failed to parse integer string [1.] java.lang.NumberFormatException: For input string: "1."
	at org.springframework.boot.context.logging.LoggingApplicationListener.initializeSystem(LoggingApplicationListener.java:347)
	at org.springframework.boot.context.logging.LoggingApplicationListener.initialize(LoggingApplicationListener.java:298)
	at org.springframework.boot.context.logging.LoggingApplicationListener.onApplicationEnvironmentPreparedEvent(LoggingApplicationListener.java:246)
	at org.springframework.boot.context.logging.LoggingApplicationListener.onApplicationEvent(LoggingApplicationListener.java:223)
	at org.springframework.context.event.SimpleApplicationEventMulticaster.doInvokeListener(SimpleApplicationEventMulticaster.java:176)
	at org.springframework.context.event.SimpleApplicationEventMulticaster.invokeListener(SimpleApplicationEventMulticaster.java:169)
	at org.springframework.context.event.SimpleApplicationEventMulticaster.multicastEvent(SimpleApplicationEventMulticaster.java:143)
	at org.springframework.context.event.SimpleApplicationEventMulticaster.multicastEvent(SimpleApplicationEventMulticaster.java:131)
	at org.springframework.boot.context.event.EventPublishingRunListener.multicastInitialEvent(EventPublishingRunListener.java:136)
	at org.springframework.boot.context.event.EventPublishingRunListener.environmentPrepared(EventPublishingRunListener.java:81)
	at org.springframework.boot.SpringApplicationRunListeners.lambda$environmentPrepared$2(SpringApplicationRunListeners.java:64)
	at java.base/java.lang.Iterable.forEach(Iterable.java:75)
	at org.springframework.boot.SpringApplicationRunListeners.doWithListeners(SpringApplicationRunListeners.java:118)
	at org.springframework.boot.SpringApplicationRunListeners.doWithListeners(SpringApplicationRunListeners.java:112)
	at org.springframework.boot.SpringApplicationRunListeners.environmentPrepared(SpringApplicationRunListeners.java:63)
	at org.springframework.boot.SpringApplication.prepareEnvironment(SpringApplication.java:354)
	at org.springframework.boot.SpringApplication.run(SpringApplication.java:305)
	at org.springframework.boot.SpringApplication.run(SpringApplication.java:1304)
	at org.springframework.boot.SpringApplication.run(SpringApplication.java:1293)
	at ar.edu.unq.desapp.groupb.cryptop2p.CryptoP2PApplicationKt.main(CryptoP2PApplication.kt:13)
	at java.base/jdk.internal.reflect.NativeMethodAccessorImpl.invoke0(Native Method)
	at java.base/jdk.internal.reflect.NativeMethodAccessorImpl.invoke(NativeMethodAccessorImpl.java:77)
	at java.base/jdk.internal.reflect.DelegatingMethodAccessorImpl.invoke(DelegatingMethodAccessorImpl.java:43)
	at java.base/java.lang.reflect.Method.invoke(Method.java:568)
	at org.springframework.boot.devtools.restart.RestartLauncher.run(RestartLauncher.java:49)
Caused by: java.lang.IllegalStateException: Logback configuration error detected: 
ERROR in ch.qos.logback.classic.pattern.ClassOfCallerConverter@bf272f1 - failed to parse integer string [1.] java.lang.NumberFormatException: For input string: "1."
ERROR in ch.qos.logback.classic.pattern.ClassOfCallerConverter@5ae38291 - failed to parse integer string [1.] java.lang.NumberFormatException: For input string: "1."
	at org.springframework.boot.logging.logback.LogbackLoggingSystem.reportConfigurationErrorsIfNecessary(LogbackLoggingSystem.java:261)
	at org.springframework.boot.logging.logback.LogbackLoggingSystem.loadConfiguration(LogbackLoggingSystem.java:248)
	at org.springframework.boot.logging.AbstractLoggingSystem.initializeWithConventions(AbstractLoggingSystem.java:80)
	at org.springframework.boot.logging.AbstractLoggingSystem.initialize(AbstractLoggingSystem.java:60)
	at org.springframework.boot.logging.logback.LogbackLoggingSystem.initialize(LogbackLoggingSystem.java:188)
	at org.springframework.boot.context.logging.LoggingApplicationListener.initializeSystem(LoggingApplicationListener.java:332)
	... 24 common frames omitted
2023-06-21 16:33:15,053 ERROR org.springframework.boot.SpringApplication [restartedMain] Application run failed
java.lang.IllegalStateException: java.lang.IllegalStateException: Logback configuration error detected: 
ERROR in ch.qos.logback.classic.pattern.ClassOfCallerConverter@3b13df72 - failed to parse integer string [1.] java.lang.NumberFormatException: For input string: "1."
ERROR in ch.qos.logback.classic.pattern.ClassOfCallerConverter@356923d4 - failed to parse integer string [1.] java.lang.NumberFormatException: For input string: "1."
	at org.springframework.boot.context.logging.LoggingApplicationListener.initializeSystem(LoggingApplicationListener.java:347)
	at org.springframework.boot.context.logging.LoggingApplicationListener.initialize(LoggingApplicationListener.java:298)
	at org.springframework.boot.context.logging.LoggingApplicationListener.onApplicationEnvironmentPreparedEvent(LoggingApplicationListener.java:246)
	at org.springframework.boot.context.logging.LoggingApplicationListener.onApplicationEvent(LoggingApplicationListener.java:223)
	at org.springframework.context.event.SimpleApplicationEventMulticaster.doInvokeListener(SimpleApplicationEventMulticaster.java:176)
	at org.springframework.context.event.SimpleApplicationEventMulticaster.invokeListener(SimpleApplicationEventMulticaster.java:169)
	at org.springframework.context.event.SimpleApplicationEventMulticaster.multicastEvent(SimpleApplicationEventMulticaster.java:143)
	at org.springframework.context.event.SimpleApplicationEventMulticaster.multicastEvent(SimpleApplicationEventMulticaster.java:131)
	at org.springframework.boot.context.event.EventPublishingRunListener.multicastInitialEvent(EventPublishingRunListener.java:136)
	at org.springframework.boot.context.event.EventPublishingRunListener.environmentPrepared(EventPublishingRunListener.java:81)
	at org.springframework.boot.SpringApplicationRunListeners.lambda$environmentPrepared$2(SpringApplicationRunListeners.java:64)
	at java.base/java.lang.Iterable.forEach(Iterable.java:75)
	at org.springframework.boot.SpringApplicationRunListeners.doWithListeners(SpringApplicationRunListeners.java:118)
	at org.springframework.boot.SpringApplicationRunListeners.doWithListeners(SpringApplicationRunListeners.java:112)
	at org.springframework.boot.SpringApplicationRunListeners.environmentPrepared(SpringApplicationRunListeners.java:63)
	at org.springframework.boot.SpringApplication.prepareEnvironment(SpringApplication.java:354)
	at org.springframework.boot.SpringApplication.run(SpringApplication.java:305)
	at org.springframework.boot.SpringApplication.run(SpringApplication.java:1304)
	at org.springframework.boot.SpringApplication.run(SpringApplication.java:1293)
	at ar.edu.unq.desapp.groupb.cryptop2p.CryptoP2PApplicationKt.main(CryptoP2PApplication.kt:13)
	at java.base/jdk.internal.reflect.NativeMethodAccessorImpl.invoke0(Native Method)
	at java.base/jdk.internal.reflect.NativeMethodAccessorImpl.invoke(NativeMethodAccessorImpl.java:77)
	at java.base/jdk.internal.reflect.DelegatingMethodAccessorImpl.invoke(DelegatingMethodAccessorImpl.java:43)
	at java.base/java.lang.reflect.Method.invoke(Method.java:568)
	at org.springframework.boot.devtools.restart.RestartLauncher.run(RestartLauncher.java:49)
Caused by: java.lang.IllegalStateException: Logback configuration error detected: 
ERROR in ch.qos.logback.classic.pattern.ClassOfCallerConverter@3b13df72 - failed to parse integer string [1.] java.lang.NumberFormatException: For input string: "1."
ERROR in ch.qos.logback.classic.pattern.ClassOfCallerConverter@356923d4 - failed to parse integer string [1.] java.lang.NumberFormatException: For input string: "1."
	at org.springframework.boot.logging.logback.LogbackLoggingSystem.reportConfigurationErrorsIfNecessary(LogbackLoggingSystem.java:261)
	at org.springframework.boot.logging.logback.LogbackLoggingSystem.loadConfiguration(LogbackLoggingSystem.java:248)
	at org.springframework.boot.logging.AbstractLoggingSystem.initializeWithConventions(AbstractLoggingSystem.java:80)
	at org.springframework.boot.logging.AbstractLoggingSystem.initialize(AbstractLoggingSystem.java:60)
	at org.springframework.boot.logging.logback.LogbackLoggingSystem.initialize(LogbackLoggingSystem.java:188)
	at org.springframework.boot.context.logging.LoggingApplicationListener.initializeSystem(LoggingApplicationListener.java:332)
	... 24 common frames omitted
2023-06-21 16:33:44,623 ERROR org.springframework.boot.SpringApplication [restartedMain] Application run failed
java.lang.IllegalStateException: java.lang.IllegalStateException: Logback configuration error detected: 
ERROR in ch.qos.logback.classic.pattern.ClassOfCallerConverter@4d10bf78 - failed to parse integer string [1.] java.lang.NumberFormatException: For input string: "1."
ERROR in ch.qos.logback.classic.pattern.ClassOfCallerConverter@75fa61a4 - failed to parse integer string [1.] java.lang.NumberFormatException: For input string: "1."
	at org.springframework.boot.context.logging.LoggingApplicationListener.initializeSystem(LoggingApplicationListener.java:347)
	at org.springframework.boot.context.logging.LoggingApplicationListener.initialize(LoggingApplicationListener.java:298)
	at org.springframework.boot.context.logging.LoggingApplicationListener.onApplicationEnvironmentPreparedEvent(LoggingApplicationListener.java:246)
	at org.springframework.boot.context.logging.LoggingApplicationListener.onApplicationEvent(LoggingApplicationListener.java:223)
	at org.springframework.context.event.SimpleApplicationEventMulticaster.doInvokeListener(SimpleApplicationEventMulticaster.java:176)
	at org.springframework.context.event.SimpleApplicationEventMulticaster.invokeListener(SimpleApplicationEventMulticaster.java:169)
	at org.springframework.context.event.SimpleApplicationEventMulticaster.multicastEvent(SimpleApplicationEventMulticaster.java:143)
	at org.springframework.context.event.SimpleApplicationEventMulticaster.multicastEvent(SimpleApplicationEventMulticaster.java:131)
	at org.springframework.boot.context.event.EventPublishingRunListener.multicastInitialEvent(EventPublishingRunListener.java:136)
	at org.springframework.boot.context.event.EventPublishingRunListener.environmentPrepared(EventPublishingRunListener.java:81)
	at org.springframework.boot.SpringApplicationRunListeners.lambda$environmentPrepared$2(SpringApplicationRunListeners.java:64)
	at java.base/java.lang.Iterable.forEach(Iterable.java:75)
	at org.springframework.boot.SpringApplicationRunListeners.doWithListeners(SpringApplicationRunListeners.java:118)
	at org.springframework.boot.SpringApplicationRunListeners.doWithListeners(SpringApplicationRunListeners.java:112)
	at org.springframework.boot.SpringApplicationRunListeners.environmentPrepared(SpringApplicationRunListeners.java:63)
	at org.springframework.boot.SpringApplication.prepareEnvironment(SpringApplication.java:354)
	at org.springframework.boot.SpringApplication.run(SpringApplication.java:305)
	at org.springframework.boot.SpringApplication.run(SpringApplication.java:1304)
	at org.springframework.boot.SpringApplication.run(SpringApplication.java:1293)
	at ar.edu.unq.desapp.groupb.cryptop2p.CryptoP2PApplicationKt.main(CryptoP2PApplication.kt:13)
	at java.base/jdk.internal.reflect.NativeMethodAccessorImpl.invoke0(Native Method)
	at java.base/jdk.internal.reflect.NativeMethodAccessorImpl.invoke(NativeMethodAccessorImpl.java:77)
	at java.base/jdk.internal.reflect.DelegatingMethodAccessorImpl.invoke(DelegatingMethodAccessorImpl.java:43)
	at java.base/java.lang.reflect.Method.invoke(Method.java:568)
	at org.springframework.boot.devtools.restart.RestartLauncher.run(RestartLauncher.java:49)
Caused by: java.lang.IllegalStateException: Logback configuration error detected: 
ERROR in ch.qos.logback.classic.pattern.ClassOfCallerConverter@4d10bf78 - failed to parse integer string [1.] java.lang.NumberFormatException: For input string: "1."
ERROR in ch.qos.logback.classic.pattern.ClassOfCallerConverter@75fa61a4 - failed to parse integer string [1.] java.lang.NumberFormatException: For input string: "1."
	at org.springframework.boot.logging.logback.LogbackLoggingSystem.reportConfigurationErrorsIfNecessary(LogbackLoggingSystem.java:261)
	at org.springframework.boot.logging.logback.LogbackLoggingSystem.loadConfiguration(LogbackLoggingSystem.java:248)
	at org.springframework.boot.logging.AbstractLoggingSystem.initializeWithConventions(AbstractLoggingSystem.java:80)
	at org.springframework.boot.logging.AbstractLoggingSystem.initialize(AbstractLoggingSystem.java:60)
	at org.springframework.boot.logging.logback.LogbackLoggingSystem.initialize(LogbackLoggingSystem.java:188)
	at org.springframework.boot.context.logging.LoggingApplicationListener.initializeSystem(LoggingApplicationListener.java:332)
	... 24 common frames omitted
2023-06-21 16:34:00,157 ERROR org.springframework.boot.SpringApplication [restartedMain] Application run failed
java.lang.IllegalStateException: java.lang.IllegalStateException: Logback configuration error detected: 
ERROR in ch.qos.logback.classic.pattern.ClassOfCallerConverter@bf272f1 - failed to parse integer string [1.] java.lang.NumberFormatException: For input string: "1."
ERROR in ch.qos.logback.classic.pattern.ClassOfCallerConverter@5ae38291 - failed to parse integer string [1.] java.lang.NumberFormatException: For input string: "1."
	at org.springframework.boot.context.logging.LoggingApplicationListener.initializeSystem(LoggingApplicationListener.java:347)
	at org.springframework.boot.context.logging.LoggingApplicationListener.initialize(LoggingApplicationListener.java:298)
	at org.springframework.boot.context.logging.LoggingApplicationListener.onApplicationEnvironmentPreparedEvent(LoggingApplicationListener.java:246)
	at org.springframework.boot.context.logging.LoggingApplicationListener.onApplicationEvent(LoggingApplicationListener.java:223)
	at org.springframework.context.event.SimpleApplicationEventMulticaster.doInvokeListener(SimpleApplicationEventMulticaster.java:176)
	at org.springframework.context.event.SimpleApplicationEventMulticaster.invokeListener(SimpleApplicationEventMulticaster.java:169)
	at org.springframework.context.event.SimpleApplicationEventMulticaster.multicastEvent(SimpleApplicationEventMulticaster.java:143)
	at org.springframework.context.event.SimpleApplicationEventMulticaster.multicastEvent(SimpleApplicationEventMulticaster.java:131)
	at org.springframework.boot.context.event.EventPublishingRunListener.multicastInitialEvent(EventPublishingRunListener.java:136)
	at org.springframework.boot.context.event.EventPublishingRunListener.environmentPrepared(EventPublishingRunListener.java:81)
	at org.springframework.boot.SpringApplicationRunListeners.lambda$environmentPrepared$2(SpringApplicationRunListeners.java:64)
	at java.base/java.lang.Iterable.forEach(Iterable.java:75)
	at org.springframework.boot.SpringApplicationRunListeners.doWithListeners(SpringApplicationRunListeners.java:118)
	at org.springframework.boot.SpringApplicationRunListeners.doWithListeners(SpringApplicationRunListeners.java:112)
	at org.springframework.boot.SpringApplicationRunListeners.environmentPrepared(SpringApplicationRunListeners.java:63)
	at org.springframework.boot.SpringApplication.prepareEnvironment(SpringApplication.java:354)
	at org.springframework.boot.SpringApplication.run(SpringApplication.java:305)
	at org.springframework.boot.SpringApplication.run(SpringApplication.java:1304)
	at org.springframework.boot.SpringApplication.run(SpringApplication.java:1293)
	at ar.edu.unq.desapp.groupb.cryptop2p.CryptoP2PApplicationKt.main(CryptoP2PApplication.kt:13)
	at java.base/jdk.internal.reflect.NativeMethodAccessorImpl.invoke0(Native Method)
	at java.base/jdk.internal.reflect.NativeMethodAccessorImpl.invoke(NativeMethodAccessorImpl.java:77)
	at java.base/jdk.internal.reflect.DelegatingMethodAccessorImpl.invoke(DelegatingMethodAccessorImpl.java:43)
	at java.base/java.lang.reflect.Method.invoke(Method.java:568)
	at org.springframework.boot.devtools.restart.RestartLauncher.run(RestartLauncher.java:49)
Caused by: java.lang.IllegalStateException: Logback configuration error detected: 
ERROR in ch.qos.logback.classic.pattern.ClassOfCallerConverter@bf272f1 - failed to parse integer string [1.] java.lang.NumberFormatException: For input string: "1."
ERROR in ch.qos.logback.classic.pattern.ClassOfCallerConverter@5ae38291 - failed to parse integer string [1.] java.lang.NumberFormatException: For input string: "1."
	at org.springframework.boot.logging.logback.LogbackLoggingSystem.reportConfigurationErrorsIfNecessary(LogbackLoggingSystem.java:261)
	at org.springframework.boot.logging.logback.LogbackLoggingSystem.loadConfiguration(LogbackLoggingSystem.java:248)
	at org.springframework.boot.logging.AbstractLoggingSystem.initializeWithConventions(AbstractLoggingSystem.java:80)
	at org.springframework.boot.logging.AbstractLoggingSystem.initialize(AbstractLoggingSystem.java:60)
	at org.springframework.boot.logging.logback.LogbackLoggingSystem.initialize(LogbackLoggingSystem.java:188)
	at org.springframework.boot.context.logging.LoggingApplicationListener.initializeSystem(LoggingApplicationListener.java:332)
	... 24 common frames omitted
2023-06-26 20:38:13,486 INFO o.h.v.i.u.Version [background-preinit] HV000001: Hibernate Validator 8.0.0.Final
2023-06-26 20:38:13,576 INFO o.s.b.StartupInfoLogger [Test worker] Starting CryptoP2PApplicationTest using Java 17.0.6 with PID 5472 (started by Pc in D:\Escritorio\Nueva carpeta\final\unq-dda-api)
2023-06-26 20:38:13,579 INFO o.s.b.SpringApplication [Test worker] The following 1 profile is active: "test"
2023-06-26 20:38:15,866 INFO o.s.d.r.c.RepositoryConfigurationDelegate [Test worker] Bootstrapping Spring Data JPA repositories in DEFAULT mode.
2023-06-26 20:38:15,986 INFO o.s.d.r.c.RepositoryConfigurationDelegate [Test worker] Finished Spring Data repository scanning in 101 ms. Found 6 JPA repository interfaces.
2023-06-26 20:38:16,728 INFO c.z.h.HikariDataSource [Test worker] HikariPool-1 - Starting...
2023-06-26 20:38:17,176 INFO c.z.h.p.HikariPool [Test worker] HikariPool-1 - Added connection conn0: url=jdbc:h2:mem:2ef89dcc-bc1e-4993-8604-0ae8045110ec user=SA
2023-06-26 20:38:17,180 INFO c.z.h.HikariDataSource [Test worker] HikariPool-1 - Start completed.
2023-06-26 20:38:17,260 INFO o.h.j.i.u.LogHelper [Test worker] HHH000204: Processing PersistenceUnitInfo [name: default]
2023-06-26 20:38:17,352 INFO o.h.Version [Test worker] HHH000412: Hibernate ORM core version 6.1.7.Final
2023-06-26 20:38:17,854 INFO o.h.e.j.d.i.DialectFactoryImpl [Test worker] HHH000400: Using dialect: org.hibernate.dialect.H2Dialect
2023-06-26 20:38:19,080 INFO o.h.e.t.j.p.i.JtaPlatformInitiator [Test worker] HHH000490: Using JtaPlatform implementation: [org.hibernate.engine.transaction.jta.platform.internal.NoJtaPlatform]
2023-06-26 20:38:19,094 INFO o.s.o.j.AbstractEntityManagerFactoryBean [Test worker] Initialized JPA EntityManagerFactory for persistence unit 'default'
2023-06-26 20:38:20,932 WARN o.s.b.a.o.j.JpaBaseConfiguration$JpaWebConfiguration [Test worker] spring.jpa.open-in-view is enabled by default. Therefore, database queries may be performed during view rendering. Explicitly configure spring.jpa.open-in-view to disable this warning
2023-06-26 20:38:22,470 INFO o.s.s.w.DefaultSecurityFilterChain [Test worker] Will secure any request with [org.springframework.security.web.session.DisableEncodeUrlFilter@5fcde6c3, org.springframework.security.web.context.request.async.WebAsyncManagerIntegrationFilter@22007b09, org.springframework.security.web.context.SecurityContextHolderFilter@4d7a82f6, org.springframework.security.web.header.HeaderWriterFilter@2db23de7, org.springframework.web.filter.CorsFilter@1e7b70fc, org.springframework.security.web.authentication.logout.LogoutFilter@7ea3b49f, ar.edu.unq.desapp.groupb.cryptop2p.security.JwtAuthenticationFilter@3db52e92, org.springframework.security.web.authentication.www.BasicAuthenticationFilter@7d401e05, org.springframework.security.web.savedrequest.RequestCacheAwareFilter@58d9a729, org.springframework.security.web.servletapi.SecurityContextHolderAwareRequestFilter@49b98db1, org.springframework.security.web.authentication.AnonymousAuthenticationFilter@114961fb, org.springframework.security.web.session.SessionManagementFilter@5e17da07, org.springframework.security.web.access.ExceptionTranslationFilter@7c00b119, org.springframework.security.web.access.intercept.AuthorizationFilter@f712e7d]
2023-06-26 20:38:22,477 WARN o.s.s.c.a.w.b.WebSecurity [Test worker] You are asking Spring Security to ignore Ant [pattern='/h2-console/**']. This is not recommended -- please use permitAll via HttpSecurity#authorizeHttpRequests instead.
2023-06-26 20:38:22,478 INFO o.s.s.w.DefaultSecurityFilterChain [Test worker] Will not secure Ant [pattern='/h2-console/**']
2023-06-26 20:38:23,057 INFO o.s.b.StartupInfoLogger [Test worker] Started CryptoP2PApplicationTest in 10.215 seconds (process running for 12.85)
2023-06-26 20:38:23,247 ERROR o.s.s.s.TaskUtils$LoggingErrorHandler [scheduling-1] Unexpected error occurred in scheduled task
ar.edu.unq.desapp.groupb.cryptop2p.model.ModelException: The asset does not belong to the system
	at ar.edu.unq.desapp.groupb.cryptop2p.service.AssetService.quotesEvery10Minutes$lambda$1$lambda$0(AssetService.kt:53)
	at java.base/java.util.Optional.orElseThrow(Optional.java:403)
	at ar.edu.unq.desapp.groupb.cryptop2p.service.AssetService.quotesEvery10Minutes(AssetService.kt:53)
	at java.base/jdk.internal.reflect.NativeMethodAccessorImpl.invoke0(Native Method)
	at java.base/jdk.internal.reflect.NativeMethodAccessorImpl.invoke(NativeMethodAccessorImpl.java:77)
	at java.base/jdk.internal.reflect.DelegatingMethodAccessorImpl.invoke(DelegatingMethodAccessorImpl.java:43)
	at java.base/java.lang.reflect.Method.invoke(Method.java:568)
	at org.springframework.aop.support.AopUtils.invokeJoinpointUsingReflection(AopUtils.java:343)
	at org.springframework.aop.framework.ReflectiveMethodInvocation.invokeJoinpoint(ReflectiveMethodInvocation.java:196)
	at org.springframework.aop.framework.ReflectiveMethodInvocation.proceed(ReflectiveMethodInvocation.java:163)
	at org.springframework.aop.framework.CglibAopProxy$CglibMethodInvocation.proceed(CglibAopProxy.java:750)
	at org.springframework.transaction.interceptor.TransactionInterceptor$1.proceedWithInvocation(TransactionInterceptor.java:123)
	at org.springframework.transaction.interceptor.TransactionAspectSupport.invokeWithinTransaction(TransactionAspectSupport.java:390)
	at org.springframework.transaction.interceptor.TransactionInterceptor.invoke(TransactionInterceptor.java:119)
	at org.springframework.aop.framework.ReflectiveMethodInvocation.proceed(ReflectiveMethodInvocation.java:184)
	at org.springframework.aop.framework.CglibAopProxy$CglibMethodInvocation.proceed(CglibAopProxy.java:750)
	at org.springframework.aop.framework.CglibAopProxy$DynamicAdvisedInterceptor.intercept(CglibAopProxy.java:702)
	at ar.edu.unq.desapp.groupb.cryptop2p.service.AssetService$$SpringCGLIB$$0.quotesEvery10Minutes(<generated>)
	at java.base/jdk.internal.reflect.NativeMethodAccessorImpl.invoke0(Native Method)
	at java.base/jdk.internal.reflect.NativeMethodAccessorImpl.invoke(NativeMethodAccessorImpl.java:77)
	at java.base/jdk.internal.reflect.DelegatingMethodAccessorImpl.invoke(DelegatingMethodAccessorImpl.java:43)
	at java.base/java.lang.reflect.Method.invoke(Method.java:568)
	at org.springframework.scheduling.support.ScheduledMethodRunnable.run(ScheduledMethodRunnable.java:84)
	at org.springframework.scheduling.support.DelegatingErrorHandlingRunnable.run(DelegatingErrorHandlingRunnable.java:54)
	at java.base/java.util.concurrent.Executors$RunnableAdapter.call(Executors.java:539)
	at java.base/java.util.concurrent.FutureTask.runAndReset(FutureTask.java:305)
	at java.base/java.util.concurrent.ScheduledThreadPoolExecutor$ScheduledFutureTask.run(ScheduledThreadPoolExecutor.java:305)
	at java.base/java.util.concurrent.ThreadPoolExecutor.runWorker(ThreadPoolExecutor.java:1136)
	at java.base/java.util.concurrent.ThreadPoolExecutor$Worker.run(ThreadPoolExecutor.java:635)
	at java.base/java.lang.Thread.run(Thread.java:833)
2023-06-26 20:38:23,699 INFO c.t.a.c.PluginLoader$PluginSupplier [Test worker] Detected Java version 17.0.6
2023-06-26 20:38:28,981 INFO o.s.t.c.s.AnnotationConfigContextLoaderUtils [Test worker] Could not detect default configuration classes for test class [ar.edu.unq.desapp.groupb.cryptop2p.model.AssetPriceTest]: AssetPriceTest does not declare any static, non-private, non-final, nested classes annotated with @Configuration.
2023-06-26 20:38:28,994 INFO o.s.b.t.c.SpringBootTestContextBootstrapper [Test worker] Found @SpringBootConfiguration ar.edu.unq.desapp.groupb.cryptop2p.CryptoP2PApplication for test class ar.edu.unq.desapp.groupb.cryptop2p.model.AssetPriceTest
2023-06-26 20:38:29,086 INFO o.s.t.c.s.AnnotationConfigContextLoaderUtils [Test worker] Could not detect default configuration classes for test class [ar.edu.unq.desapp.groupb.cryptop2p.model.AssetTest]: AssetTest does not declare any static, non-private, non-final, nested classes annotated with @Configuration.
2023-06-26 20:38:29,089 INFO o.s.b.t.c.SpringBootTestContextBootstrapper [Test worker] Found @SpringBootConfiguration ar.edu.unq.desapp.groupb.cryptop2p.CryptoP2PApplication for test class ar.edu.unq.desapp.groupb.cryptop2p.model.AssetTest
2023-06-26 20:38:29,152 INFO o.s.t.c.s.AnnotationConfigContextLoaderUtils [Test worker] Could not detect default configuration classes for test class [ar.edu.unq.desapp.groupb.cryptop2p.model.OfferTest]: OfferTest does not declare any static, non-private, non-final, nested classes annotated with @Configuration.
2023-06-26 20:38:29,156 INFO o.s.b.t.c.SpringBootTestContextBootstrapper [Test worker] Found @SpringBootConfiguration ar.edu.unq.desapp.groupb.cryptop2p.CryptoP2PApplication for test class ar.edu.unq.desapp.groupb.cryptop2p.model.OfferTest
2023-06-26 20:38:29,235 INFO o.s.t.c.s.AnnotationConfigContextLoaderUtils [Test worker] Could not detect default configuration classes for test class [ar.edu.unq.desapp.groupb.cryptop2p.model.TransactionTest]: TransactionTest does not declare any static, non-private, non-final, nested classes annotated with @Configuration.
2023-06-26 20:38:29,238 INFO o.s.b.t.c.SpringBootTestContextBootstrapper [Test worker] Found @SpringBootConfiguration ar.edu.unq.desapp.groupb.cryptop2p.CryptoP2PApplication for test class ar.edu.unq.desapp.groupb.cryptop2p.model.TransactionTest
2023-06-26 20:38:29,396 INFO o.s.t.c.s.AnnotationConfigContextLoaderUtils [Test worker] Could not detect default configuration classes for test class [ar.edu.unq.desapp.groupb.cryptop2p.model.UserTest]: UserTest does not declare any static, non-private, non-final, nested classes annotated with @Configuration.
2023-06-26 20:38:29,399 INFO o.s.b.t.c.SpringBootTestContextBootstrapper [Test worker] Found @SpringBootConfiguration ar.edu.unq.desapp.groupb.cryptop2p.CryptoP2PApplication for test class ar.edu.unq.desapp.groupb.cryptop2p.model.UserTest
2023-06-26 20:38:29,706 INFO o.s.t.c.s.AnnotationConfigContextLoaderUtils [Test worker] Could not detect default configuration classes for test class [ar.edu.unq.desapp.groupb.cryptop2p.model.UserTransactionRatingTest]: UserTransactionRatingTest does not declare any static, non-private, non-final, nested classes annotated with @Configuration.
2023-06-26 20:38:29,709 INFO o.s.b.t.c.SpringBootTestContextBootstrapper [Test worker] Found @SpringBootConfiguration ar.edu.unq.desapp.groupb.cryptop2p.CryptoP2PApplication for test class ar.edu.unq.desapp.groupb.cryptop2p.model.UserTransactionRatingTest
2023-06-26 20:38:29,763 INFO o.s.t.c.s.AnnotationConfigContextLoaderUtils [Test worker] Could not detect default configuration classes for test class [ar.edu.unq.desapp.groupb.cryptop2p.model.validator.UserValidatorTest]: UserValidatorTest does not declare any static, non-private, non-final, nested classes annotated with @Configuration.
2023-06-26 20:38:29,789 INFO o.s.b.t.c.SpringBootTestContextBootstrapper [Test worker] Found @SpringBootConfiguration ar.edu.unq.desapp.groupb.cryptop2p.CryptoP2PApplication for test class ar.edu.unq.desapp.groupb.cryptop2p.model.validator.UserValidatorTest
2023-06-26 20:38:29,825 INFO o.s.b.StartupInfoLogger [Test worker] Starting UserValidatorTest using Java 17.0.6 with PID 5472 (started by Pc in D:\Escritorio\Nueva carpeta\final\unq-dda-api)
2023-06-26 20:38:29,826 INFO o.s.b.SpringApplication [Test worker] The following 1 profile is active: "test"
2023-06-26 20:38:30,119 INFO o.s.d.r.c.RepositoryConfigurationDelegate [Test worker] Bootstrapping Spring Data JPA repositories in DEFAULT mode.
2023-06-26 20:38:30,144 INFO o.s.d.r.c.RepositoryConfigurationDelegate [Test worker] Finished Spring Data repository scanning in 24 ms. Found 6 JPA repository interfaces.
2023-06-26 20:38:30,414 INFO c.z.h.HikariDataSource [Test worker] HikariPool-2 - Starting...
2023-06-26 20:38:30,418 INFO c.z.h.p.HikariPool [Test worker] HikariPool-2 - Added connection conn10: url=jdbc:h2:mem:dbb1cd09-4dab-4933-9be4-8227a8719ba2 user=SA
2023-06-26 20:38:30,419 INFO c.z.h.HikariDataSource [Test worker] HikariPool-2 - Start completed.
2023-06-26 20:38:30,421 INFO o.h.j.i.u.LogHelper [Test worker] HHH000204: Processing PersistenceUnitInfo [name: default]
2023-06-26 20:38:30,429 INFO o.h.e.j.d.i.DialectFactoryImpl [Test worker] HHH000400: Using dialect: org.hibernate.dialect.H2Dialect
2023-06-26 20:38:30,541 INFO o.h.e.t.j.p.i.JtaPlatformInitiator [Test worker] HHH000490: Using JtaPlatform implementation: [org.hibernate.engine.transaction.jta.platform.internal.NoJtaPlatform]
2023-06-26 20:38:30,542 INFO o.s.o.j.AbstractEntityManagerFactoryBean [Test worker] Initialized JPA EntityManagerFactory for persistence unit 'default'
2023-06-26 20:38:30,731 WARN o.s.b.a.o.j.JpaBaseConfiguration$JpaWebConfiguration [Test worker] spring.jpa.open-in-view is enabled by default. Therefore, database queries may be performed during view rendering. Explicitly configure spring.jpa.open-in-view to disable this warning
2023-06-26 20:38:31,331 INFO o.s.s.w.DefaultSecurityFilterChain [Test worker] Will secure any request with [org.springframework.security.web.session.DisableEncodeUrlFilter@587182c3, org.springframework.security.web.context.request.async.WebAsyncManagerIntegrationFilter@19906c97, org.springframework.security.web.context.SecurityContextHolderFilter@2600f265, org.springframework.security.web.header.HeaderWriterFilter@72c47bf1, org.springframework.web.filter.CorsFilter@7fb15600, org.springframework.security.web.authentication.logout.LogoutFilter@6d9cf07d, ar.edu.unq.desapp.groupb.cryptop2p.security.JwtAuthenticationFilter@77161356, org.springframework.security.web.authentication.www.BasicAuthenticationFilter@52649fea, org.springframework.security.web.savedrequest.RequestCacheAwareFilter@61551998, org.springframework.security.web.servletapi.SecurityContextHolderAwareRequestFilter@301fedb0, org.springframework.security.web.authentication.AnonymousAuthenticationFilter@9dc0dd3, org.springframework.security.web.session.SessionManagementFilter@2cfa16e2, org.springframework.security.web.access.ExceptionTranslationFilter@247c6dd0, org.springframework.security.web.access.intercept.AuthorizationFilter@6b71a6db]
2023-06-26 20:38:31,333 WARN o.s.s.c.a.w.b.WebSecurity [Test worker] You are asking Spring Security to ignore Ant [pattern='/h2-console/**']. This is not recommended -- please use permitAll via HttpSecurity#authorizeHttpRequests instead.
2023-06-26 20:38:31,334 INFO o.s.s.w.DefaultSecurityFilterChain [Test worker] Will not secure Ant [pattern='/h2-console/**']
2023-06-26 20:38:31,438 INFO o.s.b.StartupInfoLogger [Test worker] Started UserValidatorTest in 1.643 seconds (process running for 21.231)
2023-06-26 20:38:31,443 ERROR o.s.s.s.TaskUtils$LoggingErrorHandler [scheduling-1] Unexpected error occurred in scheduled task
ar.edu.unq.desapp.groupb.cryptop2p.model.ModelException: The asset does not belong to the system
	at ar.edu.unq.desapp.groupb.cryptop2p.service.AssetService.quotesEvery10Minutes$lambda$1$lambda$0(AssetService.kt:53)
	at java.base/java.util.Optional.orElseThrow(Optional.java:403)
	at ar.edu.unq.desapp.groupb.cryptop2p.service.AssetService.quotesEvery10Minutes(AssetService.kt:53)
	at java.base/jdk.internal.reflect.NativeMethodAccessorImpl.invoke0(Native Method)
	at java.base/jdk.internal.reflect.NativeMethodAccessorImpl.invoke(NativeMethodAccessorImpl.java:77)
	at java.base/jdk.internal.reflect.DelegatingMethodAccessorImpl.invoke(DelegatingMethodAccessorImpl.java:43)
	at java.base/java.lang.reflect.Method.invoke(Method.java:568)
	at org.springframework.aop.support.AopUtils.invokeJoinpointUsingReflection(AopUtils.java:343)
	at org.springframework.aop.framework.ReflectiveMethodInvocation.invokeJoinpoint(ReflectiveMethodInvocation.java:196)
	at org.springframework.aop.framework.ReflectiveMethodInvocation.proceed(ReflectiveMethodInvocation.java:163)
	at org.springframework.aop.framework.CglibAopProxy$CglibMethodInvocation.proceed(CglibAopProxy.java:750)
	at org.springframework.transaction.interceptor.TransactionInterceptor$1.proceedWithInvocation(TransactionInterceptor.java:123)
	at org.springframework.transaction.interceptor.TransactionAspectSupport.invokeWithinTransaction(TransactionAspectSupport.java:390)
	at org.springframework.transaction.interceptor.TransactionInterceptor.invoke(TransactionInterceptor.java:119)
	at org.springframework.aop.framework.ReflectiveMethodInvocation.proceed(ReflectiveMethodInvocation.java:184)
	at org.springframework.aop.framework.CglibAopProxy$CglibMethodInvocation.proceed(CglibAopProxy.java:750)
	at org.springframework.aop.framework.CglibAopProxy$DynamicAdvisedInterceptor.intercept(CglibAopProxy.java:702)
	at ar.edu.unq.desapp.groupb.cryptop2p.service.AssetService$$SpringCGLIB$$0.quotesEvery10Minutes(<generated>)
	at java.base/jdk.internal.reflect.NativeMethodAccessorImpl.invoke0(Native Method)
	at java.base/jdk.internal.reflect.NativeMethodAccessorImpl.invoke(NativeMethodAccessorImpl.java:77)
	at java.base/jdk.internal.reflect.DelegatingMethodAccessorImpl.invoke(DelegatingMethodAccessorImpl.java:43)
	at java.base/java.lang.reflect.Method.invoke(Method.java:568)
	at org.springframework.scheduling.support.ScheduledMethodRunnable.run(ScheduledMethodRunnable.java:84)
	at org.springframework.scheduling.support.DelegatingErrorHandlingRunnable.run(DelegatingErrorHandlingRunnable.java:54)
	at java.base/java.util.concurrent.Executors$RunnableAdapter.call(Executors.java:539)
	at java.base/java.util.concurrent.FutureTask.runAndReset(FutureTask.java:305)
	at java.base/java.util.concurrent.ScheduledThreadPoolExecutor$ScheduledFutureTask.run(ScheduledThreadPoolExecutor.java:305)
	at java.base/java.util.concurrent.ThreadPoolExecutor.runWorker(ThreadPoolExecutor.java:1136)
	at java.base/java.util.concurrent.ThreadPoolExecutor$Worker.run(ThreadPoolExecutor.java:635)
	at java.base/java.lang.Thread.run(Thread.java:833)
2023-06-26 20:38:31,526 INFO o.s.t.c.s.AnnotationConfigContextLoaderUtils [Test worker] Could not detect default configuration classes for test class [ar.edu.unq.desapp.groupb.cryptop2p.service.ReportServiceTest]: ReportServiceTest does not declare any static, non-private, non-final, nested classes annotated with @Configuration.
2023-06-26 20:38:31,540 INFO o.s.b.t.c.SpringBootTestContextBootstrapper [Test worker] Found @SpringBootConfiguration ar.edu.unq.desapp.groupb.cryptop2p.CryptoP2PApplication for test class ar.edu.unq.desapp.groupb.cryptop2p.service.ReportServiceTest
2023-06-26 20:38:31,569 INFO o.s.b.StartupInfoLogger [Test worker] Starting ReportServiceTest using Java 17.0.6 with PID 5472 (started by Pc in D:\Escritorio\Nueva carpeta\final\unq-dda-api)
2023-06-26 20:38:31,570 INFO o.s.b.SpringApplication [Test worker] The following 1 profile is active: "test"
2023-06-26 20:38:31,831 INFO o.s.d.r.c.RepositoryConfigurationDelegate [Test worker] Bootstrapping Spring Data JPA repositories in DEFAULT mode.
2023-06-26 20:38:31,857 INFO o.s.d.r.c.RepositoryConfigurationDelegate [Test worker] Finished Spring Data repository scanning in 25 ms. Found 6 JPA repository interfaces.
2023-06-26 20:38:32,035 INFO c.z.h.HikariDataSource [Test worker] HikariPool-3 - Starting...
2023-06-26 20:38:32,039 INFO c.z.h.p.HikariPool [Test worker] HikariPool-3 - Added connection conn20: url=jdbc:h2:mem:5cf6fa47-9a24-4b11-a80c-36f10a0eb7e9 user=SA
2023-06-26 20:38:32,040 INFO c.z.h.HikariDataSource [Test worker] HikariPool-3 - Start completed.
2023-06-26 20:38:32,042 INFO o.h.j.i.u.LogHelper [Test worker] HHH000204: Processing PersistenceUnitInfo [name: default]
2023-06-26 20:38:32,054 INFO o.h.e.j.d.i.DialectFactoryImpl [Test worker] HHH000400: Using dialect: org.hibernate.dialect.H2Dialect
2023-06-26 20:38:32,150 INFO o.h.e.t.j.p.i.JtaPlatformInitiator [Test worker] HHH000490: Using JtaPlatform implementation: [org.hibernate.engine.transaction.jta.platform.internal.NoJtaPlatform]
2023-06-26 20:38:32,151 INFO o.s.o.j.AbstractEntityManagerFactoryBean [Test worker] Initialized JPA EntityManagerFactory for persistence unit 'default'
2023-06-26 20:38:32,279 WARN o.s.b.a.o.j.JpaBaseConfiguration$JpaWebConfiguration [Test worker] spring.jpa.open-in-view is enabled by default. Therefore, database queries may be performed during view rendering. Explicitly configure spring.jpa.open-in-view to disable this warning
2023-06-26 20:38:32,728 INFO o.s.s.w.DefaultSecurityFilterChain [Test worker] Will secure any request with [org.springframework.security.web.session.DisableEncodeUrlFilter@6924a719, org.springframework.security.web.context.request.async.WebAsyncManagerIntegrationFilter@1e300651, org.springframework.security.web.context.SecurityContextHolderFilter@6ecde604, org.springframework.security.web.header.HeaderWriterFilter@3a9e4a66, org.springframework.web.filter.CorsFilter@4af349d1, org.springframework.security.web.authentication.logout.LogoutFilter@6c942bb1, ar.edu.unq.desapp.groupb.cryptop2p.security.JwtAuthenticationFilter@78eca234, org.springframework.security.web.authentication.www.BasicAuthenticationFilter@2420c98f, org.springframework.security.web.savedrequest.RequestCacheAwareFilter@47b5d2d2, org.springframework.security.web.servletapi.SecurityContextHolderAwareRequestFilter@f306d38, org.springframework.security.web.authentication.AnonymousAuthenticationFilter@68bd8db1, org.springframework.security.web.session.SessionManagementFilter@62a0134b, org.springframework.security.web.access.ExceptionTranslationFilter@3bd25067, org.springframework.security.web.access.intercept.AuthorizationFilter@98ba38d]
2023-06-26 20:38:32,730 WARN o.s.s.c.a.w.b.WebSecurity [Test worker] You are asking Spring Security to ignore Ant [pattern='/h2-console/**']. This is not recommended -- please use permitAll via HttpSecurity#authorizeHttpRequests instead.
2023-06-26 20:38:32,731 INFO o.s.s.w.DefaultSecurityFilterChain [Test worker] Will not secure Ant [pattern='/h2-console/**']
2023-06-26 20:38:32,817 INFO o.s.b.StartupInfoLogger [Test worker] Started ReportServiceTest in 1.272 seconds (process running for 22.61)
2023-06-26 20:38:32,823 ERROR o.s.s.s.TaskUtils$LoggingErrorHandler [scheduling-1] Unexpected error occurred in scheduled task
ar.edu.unq.desapp.groupb.cryptop2p.model.ModelException: The asset does not belong to the system
	at ar.edu.unq.desapp.groupb.cryptop2p.service.AssetService.quotesEvery10Minutes$lambda$1$lambda$0(AssetService.kt:53)
	at java.base/java.util.Optional.orElseThrow(Optional.java:403)
	at ar.edu.unq.desapp.groupb.cryptop2p.service.AssetService.quotesEvery10Minutes(AssetService.kt:53)
	at java.base/jdk.internal.reflect.NativeMethodAccessorImpl.invoke0(Native Method)
	at java.base/jdk.internal.reflect.NativeMethodAccessorImpl.invoke(NativeMethodAccessorImpl.java:77)
	at java.base/jdk.internal.reflect.DelegatingMethodAccessorImpl.invoke(DelegatingMethodAccessorImpl.java:43)
	at java.base/java.lang.reflect.Method.invoke(Method.java:568)
	at org.springframework.aop.support.AopUtils.invokeJoinpointUsingReflection(AopUtils.java:343)
	at org.springframework.aop.framework.ReflectiveMethodInvocation.invokeJoinpoint(ReflectiveMethodInvocation.java:196)
	at org.springframework.aop.framework.ReflectiveMethodInvocation.proceed(ReflectiveMethodInvocation.java:163)
	at org.springframework.aop.framework.CglibAopProxy$CglibMethodInvocation.proceed(CglibAopProxy.java:750)
	at org.springframework.transaction.interceptor.TransactionInterceptor$1.proceedWithInvocation(TransactionInterceptor.java:123)
	at org.springframework.transaction.interceptor.TransactionAspectSupport.invokeWithinTransaction(TransactionAspectSupport.java:390)
	at org.springframework.transaction.interceptor.TransactionInterceptor.invoke(TransactionInterceptor.java:119)
	at org.springframework.aop.framework.ReflectiveMethodInvocation.proceed(ReflectiveMethodInvocation.java:184)
	at org.springframework.aop.framework.CglibAopProxy$CglibMethodInvocation.proceed(CglibAopProxy.java:750)
	at org.springframework.aop.framework.CglibAopProxy$DynamicAdvisedInterceptor.intercept(CglibAopProxy.java:702)
	at ar.edu.unq.desapp.groupb.cryptop2p.service.AssetService$$SpringCGLIB$$0.quotesEvery10Minutes(<generated>)
	at java.base/jdk.internal.reflect.NativeMethodAccessorImpl.invoke0(Native Method)
	at java.base/jdk.internal.reflect.NativeMethodAccessorImpl.invoke(NativeMethodAccessorImpl.java:77)
	at java.base/jdk.internal.reflect.DelegatingMethodAccessorImpl.invoke(DelegatingMethodAccessorImpl.java:43)
	at java.base/java.lang.reflect.Method.invoke(Method.java:568)
	at org.springframework.scheduling.support.ScheduledMethodRunnable.run(ScheduledMethodRunnable.java:84)
	at org.springframework.scheduling.support.DelegatingErrorHandlingRunnable.run(DelegatingErrorHandlingRunnable.java:54)
	at java.base/java.util.concurrent.Executors$RunnableAdapter.call(Executors.java:539)
	at java.base/java.util.concurrent.FutureTask.runAndReset(FutureTask.java:305)
	at java.base/java.util.concurrent.ScheduledThreadPoolExecutor$ScheduledFutureTask.run(ScheduledThreadPoolExecutor.java:305)
	at java.base/java.util.concurrent.ThreadPoolExecutor.runWorker(ThreadPoolExecutor.java:1136)
	at java.base/java.util.concurrent.ThreadPoolExecutor$Worker.run(ThreadPoolExecutor.java:635)
	at java.base/java.lang.Thread.run(Thread.java:833)
2023-06-26 20:38:32,831 INFO a.e.u.d.g.c.s.ReportService [Test worker] Generate traded volume report...
2023-06-26 20:38:32,843 INFO a.e.u.d.g.c.s.ReportService [Test worker] Generate traded volume report...
2023-06-26 20:38:32,854 INFO a.e.u.d.g.c.s.ReportService [Test worker] Generate traded volume report...
2023-06-26 20:38:32,862 INFO o.s.t.c.s.AnnotationConfigContextLoaderUtils [Test worker] Could not detect default configuration classes for test class [ar.edu.unq.desapp.groupb.cryptop2p.service.UserServiceTest]: UserServiceTest does not declare any static, non-private, non-final, nested classes annotated with @Configuration.
2023-06-26 20:38:32,864 INFO o.s.b.t.c.SpringBootTestContextBootstrapper [Test worker] Found @SpringBootConfiguration ar.edu.unq.desapp.groupb.cryptop2p.CryptoP2PApplication for test class ar.edu.unq.desapp.groupb.cryptop2p.service.UserServiceTest
2023-06-26 20:38:32,916 INFO a.e.u.d.g.c.s.UserService [Test worker] Saving user...
2023-06-26 20:38:32,990 INFO a.e.u.d.g.c.s.UserService [Test worker] Saving user...
2023-06-26 20:38:33,070 INFO a.e.u.d.g.c.s.UserService [Test worker] Saving user...
2023-06-26 20:38:33,263 INFO o.s.t.c.s.AnnotationConfigContextLoaderUtils [Test worker] Could not detect default configuration classes for test class [ar.edu.unq.desapp.groupb.cryptop2p.webservice.AssetControllerTest]: AssetControllerTest does not declare any static, non-private, non-final, nested classes annotated with @Configuration.
2023-06-26 20:38:33,275 INFO o.s.b.t.c.SpringBootTestContextBootstrapper [Test worker] Found @SpringBootConfiguration ar.edu.unq.desapp.groupb.cryptop2p.CryptoP2PApplication for test class ar.edu.unq.desapp.groupb.cryptop2p.webservice.AssetControllerTest
2023-06-26 20:38:33,298 INFO o.s.b.StartupInfoLogger [Test worker] Starting AssetControllerTest using Java 17.0.6 with PID 5472 (started by Pc in D:\Escritorio\Nueva carpeta\final\unq-dda-api)
2023-06-26 20:38:33,299 INFO o.s.b.SpringApplication [Test worker] The following 1 profile is active: "test"
2023-06-26 20:38:33,498 INFO o.s.d.r.c.RepositoryConfigurationDelegate [Test worker] Bootstrapping Spring Data JPA repositories in DEFAULT mode.
2023-06-26 20:38:33,516 INFO o.s.d.r.c.RepositoryConfigurationDelegate [Test worker] Finished Spring Data repository scanning in 17 ms. Found 6 JPA repository interfaces.
2023-06-26 20:38:33,588 INFO c.z.h.HikariDataSource [Test worker] HikariPool-4 - Starting...
2023-06-26 20:38:33,592 INFO c.z.h.p.HikariPool [Test worker] HikariPool-4 - Added connection conn30: url=jdbc:h2:mem:440baf8e-863a-4e30-8261-cb37ef04f4e8 user=SA
2023-06-26 20:38:33,593 INFO c.z.h.HikariDataSource [Test worker] HikariPool-4 - Start completed.
2023-06-26 20:38:33,595 INFO o.h.j.i.u.LogHelper [Test worker] HHH000204: Processing PersistenceUnitInfo [name: default]
2023-06-26 20:38:33,606 INFO o.h.e.j.d.i.DialectFactoryImpl [Test worker] HHH000400: Using dialect: org.hibernate.dialect.H2Dialect
2023-06-26 20:38:33,686 INFO o.h.e.t.j.p.i.JtaPlatformInitiator [Test worker] HHH000490: Using JtaPlatform implementation: [org.hibernate.engine.transaction.jta.platform.internal.NoJtaPlatform]
2023-06-26 20:38:33,687 INFO o.s.o.j.AbstractEntityManagerFactoryBean [Test worker] Initialized JPA EntityManagerFactory for persistence unit 'default'
2023-06-26 20:38:33,819 WARN o.s.b.a.o.j.JpaBaseConfiguration$JpaWebConfiguration [Test worker] spring.jpa.open-in-view is enabled by default. Therefore, database queries may be performed during view rendering. Explicitly configure spring.jpa.open-in-view to disable this warning
2023-06-26 20:38:34,260 INFO o.s.s.w.DefaultSecurityFilterChain [Test worker] Will secure any request with [org.springframework.security.web.session.DisableEncodeUrlFilter@1c8621f2, org.springframework.security.web.context.request.async.WebAsyncManagerIntegrationFilter@5945379, org.springframework.security.web.context.SecurityContextHolderFilter@2437ece8, org.springframework.security.web.header.HeaderWriterFilter@12af871e, org.springframework.web.filter.CorsFilter@160bbf99, org.springframework.security.web.authentication.logout.LogoutFilter@798dfee1, ar.edu.unq.desapp.groupb.cryptop2p.security.JwtAuthenticationFilter@308c0f65, org.springframework.security.web.authentication.www.BasicAuthenticationFilter@a6aaca8, org.springframework.security.web.savedrequest.RequestCacheAwareFilter@5f1b9130, org.springframework.security.web.servletapi.SecurityContextHolderAwareRequestFilter@31627aba, org.springframework.security.web.authentication.AnonymousAuthenticationFilter@495b4e1c, org.springframework.security.web.session.SessionManagementFilter@1458f5ee, org.springframework.security.web.access.ExceptionTranslationFilter@7e20bee0, org.springframework.security.web.access.intercept.AuthorizationFilter@588970b2]
2023-06-26 20:38:34,264 WARN o.s.s.c.a.w.b.WebSecurity [Test worker] You are asking Spring Security to ignore Ant [pattern='/h2-console/**']. This is not recommended -- please use permitAll via HttpSecurity#authorizeHttpRequests instead.
2023-06-26 20:38:34,264 INFO o.s.s.w.DefaultSecurityFilterChain [Test worker] Will not secure Ant [pattern='/h2-console/**']
2023-06-26 20:38:34,344 INFO o.s.b.StartupInfoLogger [Test worker] Started AssetControllerTest in 1.063 seconds (process running for 24.137)
2023-06-26 20:38:34,349 ERROR o.s.s.s.TaskUtils$LoggingErrorHandler [scheduling-1] Unexpected error occurred in scheduled task
ar.edu.unq.desapp.groupb.cryptop2p.model.ModelException: The asset does not belong to the system
	at ar.edu.unq.desapp.groupb.cryptop2p.service.AssetService.quotesEvery10Minutes$lambda$1$lambda$0(AssetService.kt:53)
	at java.base/java.util.Optional.orElseThrow(Optional.java:403)
	at ar.edu.unq.desapp.groupb.cryptop2p.service.AssetService.quotesEvery10Minutes(AssetService.kt:53)
	at java.base/jdk.internal.reflect.NativeMethodAccessorImpl.invoke0(Native Method)
	at java.base/jdk.internal.reflect.NativeMethodAccessorImpl.invoke(NativeMethodAccessorImpl.java:77)
	at java.base/jdk.internal.reflect.DelegatingMethodAccessorImpl.invoke(DelegatingMethodAccessorImpl.java:43)
	at java.base/java.lang.reflect.Method.invoke(Method.java:568)
	at org.springframework.aop.support.AopUtils.invokeJoinpointUsingReflection(AopUtils.java:343)
	at org.springframework.aop.framework.ReflectiveMethodInvocation.invokeJoinpoint(ReflectiveMethodInvocation.java:196)
	at org.springframework.aop.framework.ReflectiveMethodInvocation.proceed(ReflectiveMethodInvocation.java:163)
	at org.springframework.aop.framework.CglibAopProxy$CglibMethodInvocation.proceed(CglibAopProxy.java:750)
	at org.springframework.transaction.interceptor.TransactionInterceptor$1.proceedWithInvocation(TransactionInterceptor.java:123)
	at org.springframework.transaction.interceptor.TransactionAspectSupport.invokeWithinTransaction(TransactionAspectSupport.java:390)
	at org.springframework.transaction.interceptor.TransactionInterceptor.invoke(TransactionInterceptor.java:119)
	at org.springframework.aop.framework.ReflectiveMethodInvocation.proceed(ReflectiveMethodInvocation.java:184)
	at org.springframework.aop.framework.CglibAopProxy$CglibMethodInvocation.proceed(CglibAopProxy.java:750)
	at org.springframework.aop.framework.CglibAopProxy$DynamicAdvisedInterceptor.intercept(CglibAopProxy.java:702)
	at ar.edu.unq.desapp.groupb.cryptop2p.service.AssetService$$SpringCGLIB$$0.quotesEvery10Minutes(<generated>)
	at java.base/jdk.internal.reflect.NativeMethodAccessorImpl.invoke0(Native Method)
	at java.base/jdk.internal.reflect.NativeMethodAccessorImpl.invoke(NativeMethodAccessorImpl.java:77)
	at java.base/jdk.internal.reflect.DelegatingMethodAccessorImpl.invoke(DelegatingMethodAccessorImpl.java:43)
	at java.base/java.lang.reflect.Method.invoke(Method.java:568)
	at org.springframework.scheduling.support.ScheduledMethodRunnable.run(ScheduledMethodRunnable.java:84)
	at org.springframework.scheduling.support.DelegatingErrorHandlingRunnable.run(DelegatingErrorHandlingRunnable.java:54)
	at java.base/java.util.concurrent.Executors$RunnableAdapter.call(Executors.java:539)
	at java.base/java.util.concurrent.FutureTask.runAndReset(FutureTask.java:305)
	at java.base/java.util.concurrent.ScheduledThreadPoolExecutor$ScheduledFutureTask.run(ScheduledThreadPoolExecutor.java:305)
	at java.base/java.util.concurrent.ThreadPoolExecutor.runWorker(ThreadPoolExecutor.java:1136)
	at java.base/java.util.concurrent.ThreadPoolExecutor$Worker.run(ThreadPoolExecutor.java:635)
	at java.base/java.lang.Thread.run(Thread.java:833)
2023-06-26 20:38:34,364 INFO o.s.m.w.MockServletContext [Test worker] Initializing Spring TestDispatcherServlet ''
2023-06-26 20:38:34,365 INFO o.s.w.s.FrameworkServlet [Test worker] Initializing Servlet ''
2023-06-26 20:38:34,366 INFO o.s.w.s.FrameworkServlet [Test worker] Completed initialization in 1 ms
2023-06-26 20:38:34,369 INFO a.e.u.d.g.c.s.AssetService [Test worker] Saving Assets...
2023-06-26 20:38:34,481 INFO a.e.u.d.g.c.s.AssetService [Test worker] Saving Assets...
2023-06-26 20:38:34,489 ERROR a.e.u.d.g.c.w.h.GlobalExceptionHandler [Test worker] The asset name is already registered
2023-06-26 20:38:34,630 INFO o.s.m.w.MockServletContext [Test worker] Initializing Spring TestDispatcherServlet ''
2023-06-26 20:38:34,630 INFO o.s.w.s.FrameworkServlet [Test worker] Initializing Servlet ''
2023-06-26 20:38:34,631 INFO o.s.w.s.FrameworkServlet [Test worker] Completed initialization in 0 ms
2023-06-26 20:38:34,634 INFO a.e.u.d.g.c.s.AssetService [Test worker] Return AssetPrices...
2023-06-26 20:38:34,709 INFO o.s.m.w.MockServletContext [Test worker] Initializing Spring TestDispatcherServlet ''
2023-06-26 20:38:34,710 INFO o.s.w.s.FrameworkServlet [Test worker] Initializing Servlet ''
2023-06-26 20:38:34,711 INFO o.s.w.s.FrameworkServlet [Test worker] Completed initialization in 1 ms
2023-06-26 20:38:34,712 INFO a.e.u.d.g.c.s.AssetService [Test worker] Saving Assets...
2023-06-26 20:38:34,713 ERROR a.e.u.d.g.c.w.h.GlobalExceptionHandler [Test worker] The asset does not belong to the system
2023-06-26 20:38:34,720 INFO o.s.m.w.MockServletContext [Test worker] Initializing Spring TestDispatcherServlet ''
2023-06-26 20:38:34,721 INFO o.s.w.s.FrameworkServlet [Test worker] Initializing Servlet ''
2023-06-26 20:38:34,722 INFO o.s.w.s.FrameworkServlet [Test worker] Completed initialization in 1 ms
2023-06-26 20:38:34,727 WARN o.s.w.s.h.AbstractHandlerExceptionResolver [Test worker] Resolved [org.springframework.web.bind.MissingServletRequestParameterException: Required request parameter 'assetName' for method parameter type String is not present]
2023-06-26 20:38:34,733 INFO o.s.m.w.MockServletContext [Test worker] Initializing Spring TestDispatcherServlet ''
2023-06-26 20:38:34,734 INFO o.s.w.s.FrameworkServlet [Test worker] Initializing Servlet ''
2023-06-26 20:38:34,735 INFO o.s.w.s.FrameworkServlet [Test worker] Completed initialization in 1 ms
2023-06-26 20:38:34,736 INFO a.e.u.d.g.c.s.AssetService [Test worker] Saving Assets...
2023-06-26 20:38:34,738 ERROR a.e.u.d.g.c.w.h.GlobalExceptionHandler [Test worker] The asset does not belong to the system
2023-06-26 20:38:34,744 INFO o.s.m.w.MockServletContext [Test worker] Initializing Spring TestDispatcherServlet ''
2023-06-26 20:38:34,744 INFO o.s.w.s.FrameworkServlet [Test worker] Initializing Servlet ''
2023-06-26 20:38:34,745 INFO o.s.w.s.FrameworkServlet [Test worker] Completed initialization in 0 ms
2023-06-26 20:38:34,746 INFO a.e.u.d.g.c.s.AssetService [Test worker] Saving Assets...
2023-06-26 20:38:34,782 INFO o.s.t.c.s.AnnotationConfigContextLoaderUtils [Test worker] Could not detect default configuration classes for test class [ar.edu.unq.desapp.groupb.cryptop2p.webservice.OfferControllerTest]: OfferControllerTest does not declare any static, non-private, non-final, nested classes annotated with @Configuration.
2023-06-26 20:38:34,784 INFO o.s.b.t.c.SpringBootTestContextBootstrapper [Test worker] Found @SpringBootConfiguration ar.edu.unq.desapp.groupb.cryptop2p.CryptoP2PApplication for test class ar.edu.unq.desapp.groupb.cryptop2p.webservice.OfferControllerTest
2023-06-26 20:38:34,799 INFO o.s.m.w.MockServletContext [Test worker] Initializing Spring TestDispatcherServlet ''
2023-06-26 20:38:34,800 INFO o.s.w.s.FrameworkServlet [Test worker] Initializing Servlet ''
2023-06-26 20:38:34,801 INFO o.s.w.s.FrameworkServlet [Test worker] Completed initialization in 1 ms
2023-06-26 20:38:34,802 INFO a.e.u.d.g.c.s.AssetService [Test worker] Saving Assets...
2023-06-26 20:38:34,812 INFO a.e.u.d.g.c.s.UserService [Test worker] Saving user...
2023-06-26 20:38:34,885 ERROR a.e.u.d.g.c.w.h.GlobalExceptionHandler [Test worker] The operation type cannot be blank
2023-06-26 20:38:34,900 INFO o.s.m.w.MockServletContext [Test worker] Initializing Spring TestDispatcherServlet ''
2023-06-26 20:38:34,900 INFO o.s.w.s.FrameworkServlet [Test worker] Initializing Servlet ''
2023-06-26 20:38:34,901 INFO o.s.w.s.FrameworkServlet [Test worker] Completed initialization in 0 ms
2023-06-26 20:38:34,902 INFO a.e.u.d.g.c.s.AssetService [Test worker] Saving Assets...
2023-06-26 20:38:34,907 INFO a.e.u.d.g.c.s.UserService [Test worker] Saving user...
2023-06-26 20:38:34,915 INFO a.e.u.d.g.c.s.OfferService [Test worker] Saving offer...
2023-06-26 20:38:35,097 INFO o.s.m.w.MockServletContext [Test worker] Initializing Spring TestDispatcherServlet ''
2023-06-26 20:38:35,097 INFO o.s.w.s.FrameworkServlet [Test worker] Initializing Servlet ''
2023-06-26 20:38:35,098 INFO o.s.w.s.FrameworkServlet [Test worker] Completed initialization in 1 ms
2023-06-26 20:38:35,099 INFO a.e.u.d.g.c.s.AssetService [Test worker] Saving Assets...
2023-06-26 20:38:35,104 INFO a.e.u.d.g.c.s.UserService [Test worker] Saving user...
2023-06-26 20:38:35,110 ERROR a.e.u.d.g.c.w.h.GlobalExceptionHandler [Test worker] The operation type cannot be blank
2023-06-26 20:38:35,124 INFO o.s.m.w.MockServletContext [Test worker] Initializing Spring TestDispatcherServlet ''
2023-06-26 20:38:35,124 INFO o.s.w.s.FrameworkServlet [Test worker] Initializing Servlet ''
2023-06-26 20:38:35,125 INFO o.s.w.s.FrameworkServlet [Test worker] Completed initialization in 1 ms
2023-06-26 20:38:35,126 INFO a.e.u.d.g.c.s.AssetService [Test worker] Saving Assets...
2023-06-26 20:38:35,134 INFO a.e.u.d.g.c.s.OfferService [Test worker] Saving offer...
2023-06-26 20:38:35,138 ERROR a.e.u.d.g.c.w.h.GlobalExceptionHandler [Test worker] The user is not registered
2023-06-26 20:38:35,151 INFO o.s.m.w.MockServletContext [Test worker] Initializing Spring TestDispatcherServlet ''
2023-06-26 20:38:35,151 INFO o.s.w.s.FrameworkServlet [Test worker] Initializing Servlet ''
2023-06-26 20:38:35,152 INFO o.s.w.s.FrameworkServlet [Test worker] Completed initialization in 1 ms
2023-06-26 20:38:35,153 INFO a.e.u.d.g.c.s.AssetService [Test worker] Saving Assets...
2023-06-26 20:38:35,158 INFO a.e.u.d.g.c.s.UserService [Test worker] Saving user...
2023-06-26 20:38:35,165 ERROR a.e.u.d.g.c.w.h.GlobalExceptionHandler [Test worker] The name cannot be blank
2023-06-26 20:38:35,180 INFO o.s.m.w.MockServletContext [Test worker] Initializing Spring TestDispatcherServlet ''
2023-06-26 20:38:35,180 INFO o.s.w.s.FrameworkServlet [Test worker] Initializing Servlet ''
2023-06-26 20:38:35,181 INFO o.s.w.s.FrameworkServlet [Test worker] Completed initialization in 1 ms
2023-06-26 20:38:35,182 INFO a.e.u.d.g.c.s.AssetService [Test worker] Saving Assets...
2023-06-26 20:38:35,187 INFO a.e.u.d.g.c.s.UserService [Test worker] Saving user...
2023-06-26 20:38:35,194 ERROR a.e.u.d.g.c.w.h.GlobalExceptionHandler [Test worker] The user cannot be blank
2023-06-26 20:38:35,210 INFO o.s.m.w.MockServletContext [Test worker] Initializing Spring TestDispatcherServlet ''
2023-06-26 20:38:35,210 INFO o.s.w.s.FrameworkServlet [Test worker] Initializing Servlet ''
2023-06-26 20:38:35,211 INFO o.s.w.s.FrameworkServlet [Test worker] Completed initialization in 1 ms
2023-06-26 20:38:35,211 INFO a.e.u.d.g.c.s.AssetService [Test worker] Saving Assets...
2023-06-26 20:38:35,216 INFO a.e.u.d.g.c.s.UserService [Test worker] Saving user...
2023-06-26 20:38:35,224 ERROR a.e.u.d.g.c.w.h.GlobalExceptionHandler [Test worker] The asset name is not in a valid format
2023-06-26 20:38:35,237 INFO o.s.m.w.MockServletContext [Test worker] Initializing Spring TestDispatcherServlet ''
2023-06-26 20:38:35,238 INFO o.s.w.s.FrameworkServlet [Test worker] Initializing Servlet ''
2023-06-26 20:38:35,239 INFO o.s.w.s.FrameworkServlet [Test worker] Completed initialization in 1 ms
2023-06-26 20:38:35,239 INFO a.e.u.d.g.c.s.AssetService [Test worker] Saving Assets...
2023-06-26 20:38:35,244 INFO a.e.u.d.g.c.s.UserService [Test worker] Saving user...
2023-06-26 20:38:35,251 ERROR a.e.u.d.g.c.w.h.GlobalExceptionHandler [Test worker] The unit price can't be negative
2023-06-26 20:38:35,265 INFO o.s.m.w.MockServletContext [Test worker] Initializing Spring TestDispatcherServlet ''
2023-06-26 20:38:35,266 INFO o.s.w.s.FrameworkServlet [Test worker] Initializing Servlet ''
2023-06-26 20:38:35,267 INFO o.s.w.s.FrameworkServlet [Test worker] Completed initialization in 1 ms
2023-06-26 20:38:35,269 INFO a.e.u.d.g.c.s.AssetService [Test worker] Saving Assets...
2023-06-26 20:38:35,274 INFO a.e.u.d.g.c.s.UserService [Test worker] Saving user...
2023-06-26 20:38:35,280 ERROR a.e.u.d.g.c.w.h.GlobalExceptionHandler [Test worker] The name cannot be blank
2023-06-26 20:38:35,281 ERROR a.e.u.d.g.c.w.h.GlobalExceptionHandler [Test worker] The asset name is not in a valid format
2023-06-26 20:38:35,297 INFO o.s.m.w.MockServletContext [Test worker] Initializing Spring TestDispatcherServlet ''
2023-06-26 20:38:35,297 INFO o.s.w.s.FrameworkServlet [Test worker] Initializing Servlet ''
2023-06-26 20:38:35,299 INFO o.s.w.s.FrameworkServlet [Test worker] Completed initialization in 2 ms
2023-06-26 20:38:35,300 INFO a.e.u.d.g.c.s.AssetService [Test worker] Saving Assets...
2023-06-26 20:38:35,306 INFO a.e.u.d.g.c.s.UserService [Test worker] Saving user...
2023-06-26 20:38:35,312 ERROR a.e.u.d.g.c.w.h.GlobalExceptionHandler [Test worker] The quantity can't be negative
2023-06-26 20:38:35,326 INFO o.s.m.w.MockServletContext [Test worker] Initializing Spring TestDispatcherServlet ''
2023-06-26 20:38:35,326 INFO o.s.w.s.FrameworkServlet [Test worker] Initializing Servlet ''
2023-06-26 20:38:35,327 INFO o.s.w.s.FrameworkServlet [Test worker] Completed initialization in 1 ms
2023-06-26 20:38:35,328 INFO a.e.u.d.g.c.s.AssetService [Test worker] Saving Assets...
2023-06-26 20:38:35,334 INFO a.e.u.d.g.c.s.UserService [Test worker] Saving user...
2023-06-26 20:38:35,340 INFO a.e.u.d.g.c.s.OfferService [Test worker] Saving offer...
2023-06-26 20:38:35,344 ERROR a.e.u.d.g.c.w.h.GlobalExceptionHandler [Test worker] The type of operation is invalid
2023-06-26 20:38:35,350 INFO o.s.t.c.s.AnnotationConfigContextLoaderUtils [Test worker] Could not detect default configuration classes for test class [ar.edu.unq.desapp.groupb.cryptop2p.webservice.UserControllerTest]: UserControllerTest does not declare any static, non-private, non-final, nested classes annotated with @Configuration.
2023-06-26 20:38:35,352 INFO o.s.b.t.c.SpringBootTestContextBootstrapper [Test worker] Found @SpringBootConfiguration ar.edu.unq.desapp.groupb.cryptop2p.CryptoP2PApplication for test class ar.edu.unq.desapp.groupb.cryptop2p.webservice.UserControllerTest
2023-06-26 20:38:35,358 INFO o.s.m.w.MockServletContext [Test worker] Initializing Spring TestDispatcherServlet ''
2023-06-26 20:38:35,359 INFO o.s.w.s.FrameworkServlet [Test worker] Initializing Servlet ''
2023-06-26 20:38:35,359 INFO o.s.w.s.FrameworkServlet [Test worker] Completed initialization in 0 ms
2023-06-26 20:38:35,369 ERROR a.e.u.d.g.c.w.h.GlobalExceptionHandler [Test worker] The last name cannot contain special characters or numbers
2023-06-26 20:38:35,378 INFO o.s.m.w.MockServletContext [Test worker] Initializing Spring TestDispatcherServlet ''
2023-06-26 20:38:35,378 INFO o.s.w.s.FrameworkServlet [Test worker] Initializing Servlet ''
2023-06-26 20:38:35,379 INFO o.s.w.s.FrameworkServlet [Test worker] Completed initialization in 1 ms
2023-06-26 20:38:35,382 ERROR a.e.u.d.g.c.w.h.GlobalExceptionHandler [Test worker] The last name cannot contain special characters or numbers
2023-06-26 20:38:35,383 ERROR a.e.u.d.g.c.w.h.GlobalExceptionHandler [Test worker] The last name must be between 3 and 30 characters long
2023-06-26 20:38:35,383 ERROR a.e.u.d.g.c.w.h.GlobalExceptionHandler [Test worker] The last name cannot be blank
2023-06-26 20:38:35,389 INFO o.s.m.w.MockServletContext [Test worker] Initializing Spring TestDispatcherServlet ''
2023-06-26 20:38:35,390 INFO o.s.w.s.FrameworkServlet [Test worker] Initializing Servlet ''
2023-06-26 20:38:35,390 INFO o.s.w.s.FrameworkServlet [Test worker] Completed initialization in 0 ms
2023-06-26 20:38:35,394 ERROR a.e.u.d.g.c.w.h.GlobalExceptionHandler [Test worker] The last name cannot contain special characters or numbers
2023-06-26 20:38:35,401 INFO o.s.m.w.MockServletContext [Test worker] Initializing Spring TestDispatcherServlet ''
2023-06-26 20:38:35,402 INFO o.s.w.s.FrameworkServlet [Test worker] Initializing Servlet ''
2023-06-26 20:38:35,403 INFO o.s.w.s.FrameworkServlet [Test worker] Completed initialization in 1 ms
2023-06-26 20:38:35,406 ERROR a.e.u.d.g.c.w.h.GlobalExceptionHandler [Test worker] The first name cannot contain special characters or numbers
2023-06-26 20:38:35,406 ERROR a.e.u.d.g.c.w.h.GlobalExceptionHandler [Test worker] The first name must be between 3 and 30 characters long
2023-06-26 20:38:35,407 ERROR a.e.u.d.g.c.w.h.GlobalExceptionHandler [Test worker] The first name cannot be blank
2023-06-26 20:38:35,413 INFO o.s.m.w.MockServletContext [Test worker] Initializing Spring TestDispatcherServlet ''
2023-06-26 20:38:35,413 INFO o.s.w.s.FrameworkServlet [Test worker] Initializing Servlet ''
2023-06-26 20:38:35,414 INFO o.s.w.s.FrameworkServlet [Test worker] Completed initialization in 1 ms
2023-06-26 20:38:35,418 ERROR a.e.u.d.g.c.w.h.GlobalExceptionHandler [Test worker] The address cannot be blank
2023-06-26 20:38:35,418 ERROR a.e.u.d.g.c.w.h.GlobalExceptionHandler [Test worker] The address must be between 10 and 30 characters long
2023-06-26 20:38:35,419 ERROR a.e.u.d.g.c.w.h.GlobalExceptionHandler [Test worker] The address cannot contain special characters or numbers
2023-06-26 20:38:35,425 INFO o.s.m.w.MockServletContext [Test worker] Initializing Spring TestDispatcherServlet ''
2023-06-26 20:38:35,425 INFO o.s.w.s.FrameworkServlet [Test worker] Initializing Servlet ''
2023-06-26 20:38:35,426 INFO o.s.w.s.FrameworkServlet [Test worker] Completed initialization in 1 ms
2023-06-26 20:38:35,429 ERROR a.e.u.d.g.c.w.h.GlobalExceptionHandler [Test worker] The last name cannot be blank
2023-06-26 20:38:35,435 INFO o.s.m.w.MockServletContext [Test worker] Initializing Spring TestDispatcherServlet ''
2023-06-26 20:38:35,436 INFO o.s.w.s.FrameworkServlet [Test worker] Initializing Servlet ''
2023-06-26 20:38:35,436 INFO o.s.w.s.FrameworkServlet [Test worker] Completed initialization in 0 ms
2023-06-26 20:38:35,440 ERROR a.e.u.d.g.c.w.h.GlobalExceptionHandler [Test worker] The password must have at least one lowercase letter, one uppercase letter and a special character
2023-06-26 20:38:35,440 ERROR a.e.u.d.g.c.w.h.GlobalExceptionHandler [Test worker] The password must be at least 6 characters long
2023-06-26 20:38:35,448 INFO o.s.m.w.MockServletContext [Test worker] Initializing Spring TestDispatcherServlet ''
2023-06-26 20:38:35,448 INFO o.s.w.s.FrameworkServlet [Test worker] Initializing Servlet ''
2023-06-26 20:38:35,449 INFO o.s.w.s.FrameworkServlet [Test worker] Completed initialization in 1 ms
2023-06-26 20:38:35,454 ERROR a.e.u.d.g.c.w.h.GlobalExceptionHandler [Test worker] The CVU must be 22 digits long
2023-06-26 20:38:35,460 INFO o.s.m.w.MockServletContext [Test worker] Initializing Spring TestDispatcherServlet ''
2023-06-26 20:38:35,460 INFO o.s.w.s.FrameworkServlet [Test worker] Initializing Servlet ''
2023-06-26 20:38:35,461 INFO o.s.w.s.FrameworkServlet [Test worker] Completed initialization in 1 ms
2023-06-26 20:38:35,464 ERROR a.e.u.d.g.c.w.h.GlobalExceptionHandler [Test worker]  The crypto wallet address can only contain numbers
2023-06-26 20:38:35,470 INFO o.s.m.w.MockServletContext [Test worker] Initializing Spring TestDispatcherServlet ''
2023-06-26 20:38:35,470 INFO o.s.w.s.FrameworkServlet [Test worker] Initializing Servlet ''
2023-06-26 20:38:35,471 INFO o.s.w.s.FrameworkServlet [Test worker] Completed initialization in 1 ms
2023-06-26 20:38:35,474 ERROR a.e.u.d.g.c.w.h.GlobalExceptionHandler [Test worker] The address cannot contain special characters or numbers
2023-06-26 20:38:35,480 INFO o.s.m.w.MockServletContext [Test worker] Initializing Spring TestDispatcherServlet ''
2023-06-26 20:38:35,480 INFO o.s.w.s.FrameworkServlet [Test worker] Initializing Servlet ''
2023-06-26 20:38:35,481 INFO o.s.w.s.FrameworkServlet [Test worker] Completed initialization in 1 ms
2023-06-26 20:38:35,485 ERROR a.e.u.d.g.c.w.h.GlobalExceptionHandler [Test worker] The first name must be between 3 and 30 characters long
2023-06-26 20:38:35,491 INFO o.s.m.w.MockServletContext [Test worker] Initializing Spring TestDispatcherServlet ''
2023-06-26 20:38:35,491 INFO o.s.w.s.FrameworkServlet [Test worker] Initializing Servlet ''
2023-06-26 20:38:35,492 INFO o.s.w.s.FrameworkServlet [Test worker] Completed initialization in 0 ms
2023-06-26 20:38:35,495 ERROR a.e.u.d.g.c.w.h.GlobalExceptionHandler [Test worker] The email address is not valid
2023-06-26 20:38:35,502 INFO o.s.m.w.MockServletContext [Test worker] Initializing Spring TestDispatcherServlet ''
2023-06-26 20:38:35,502 INFO o.s.w.s.FrameworkServlet [Test worker] Initializing Servlet ''
2023-06-26 20:38:35,503 INFO o.s.w.s.FrameworkServlet [Test worker] Completed initialization in 0 ms
2023-06-26 20:38:35,507 ERROR a.e.u.d.g.c.w.h.GlobalExceptionHandler [Test worker] The first name must be between 3 and 30 characters long
2023-06-26 20:38:35,514 INFO o.s.m.w.MockServletContext [Test worker] Initializing Spring TestDispatcherServlet ''
2023-06-26 20:38:35,514 INFO o.s.w.s.FrameworkServlet [Test worker] Initializing Servlet ''
2023-06-26 20:38:35,515 INFO o.s.w.s.FrameworkServlet [Test worker] Completed initialization in 1 ms
2023-06-26 20:38:35,519 ERROR a.e.u.d.g.c.w.h.GlobalExceptionHandler [Test worker] The crypto wallet address must be 8 digits long
2023-06-26 20:38:35,526 INFO o.s.m.w.MockServletContext [Test worker] Initializing Spring TestDispatcherServlet ''
2023-06-26 20:38:35,527 INFO o.s.w.s.FrameworkServlet [Test worker] Initializing Servlet ''
2023-06-26 20:38:35,528 INFO o.s.w.s.FrameworkServlet [Test worker] Completed initialization in 1 ms
2023-06-26 20:38:35,531 ERROR a.e.u.d.g.c.w.h.GlobalExceptionHandler [Test worker] The address must be between 10 and 30 characters long
2023-06-26 20:38:35,538 INFO o.s.m.w.MockServletContext [Test worker] Initializing Spring TestDispatcherServlet ''
2023-06-26 20:38:35,538 INFO o.s.w.s.FrameworkServlet [Test worker] Initializing Servlet ''
2023-06-26 20:38:35,539 INFO o.s.w.s.FrameworkServlet [Test worker] Completed initialization in 1 ms
2023-06-26 20:38:35,545 ERROR a.e.u.d.g.c.w.h.GlobalExceptionHandler [Test worker] The address must be between 10 and 30 characters long
2023-06-26 20:38:35,551 INFO o.s.m.w.MockServletContext [Test worker] Initializing Spring TestDispatcherServlet ''
2023-06-26 20:38:35,552 INFO o.s.w.s.FrameworkServlet [Test worker] Initializing Servlet ''
2023-06-26 20:38:35,553 INFO o.s.w.s.FrameworkServlet [Test worker] Completed initialization in 1 ms
2023-06-26 20:38:35,557 ERROR a.e.u.d.g.c.w.h.GlobalExceptionHandler [Test worker] The first name cannot contain special characters or numbers
2023-06-26 20:38:35,563 INFO o.s.m.w.MockServletContext [Test worker] Initializing Spring TestDispatcherServlet ''
2023-06-26 20:38:35,563 INFO o.s.w.s.FrameworkServlet [Test worker] Initializing Servlet ''
2023-06-26 20:38:35,564 INFO o.s.w.s.FrameworkServlet [Test worker] Completed initialization in 0 ms
2023-06-26 20:38:35,568 ERROR a.e.u.d.g.c.w.h.GlobalExceptionHandler [Test worker] The last name must be between 3 and 30 characters long
2023-06-26 20:38:35,575 INFO o.s.m.w.MockServletContext [Test worker] Initializing Spring TestDispatcherServlet ''
2023-06-26 20:38:35,575 INFO o.s.w.s.FrameworkServlet [Test worker] Initializing Servlet ''
2023-06-26 20:38:35,576 INFO o.s.w.s.FrameworkServlet [Test worker] Completed initialization in 1 ms
2023-06-26 20:38:35,579 ERROR a.e.u.d.g.c.w.h.GlobalExceptionHandler [Test worker] The password must have at least one lowercase letter, one uppercase letter and a special character
2023-06-26 20:38:35,586 INFO o.s.m.w.MockServletContext [Test worker] Initializing Spring TestDispatcherServlet ''
2023-06-26 20:38:35,586 INFO o.s.w.s.FrameworkServlet [Test worker] Initializing Servlet ''
2023-06-26 20:38:35,587 INFO o.s.w.s.FrameworkServlet [Test worker] Completed initialization in 0 ms
2023-06-26 20:38:35,590 INFO a.e.u.d.g.c.s.UserService [Test worker] Saving user...
2023-06-26 20:38:35,609 INFO o.s.m.w.MockServletContext [Test worker] Initializing Spring TestDispatcherServlet ''
2023-06-26 20:38:35,609 INFO o.s.w.s.FrameworkServlet [Test worker] Initializing Servlet ''
2023-06-26 20:38:35,610 INFO o.s.w.s.FrameworkServlet [Test worker] Completed initialization in 1 ms
2023-06-26 20:38:35,614 ERROR a.e.u.d.g.c.w.h.GlobalExceptionHandler [Test worker] The CVU can only contain numbers
2023-06-26 20:38:35,621 INFO o.s.m.w.MockServletContext [Test worker] Initializing Spring TestDispatcherServlet ''
2023-06-26 20:38:35,621 INFO o.s.w.s.FrameworkServlet [Test worker] Initializing Servlet ''
2023-06-26 20:38:35,622 INFO o.s.w.s.FrameworkServlet [Test worker] Completed initialization in 1 ms
2023-06-26 20:38:35,625 ERROR a.e.u.d.g.c.w.h.GlobalExceptionHandler [Test worker] The first name cannot be blank
2023-06-26 20:38:35,632 INFO o.s.m.w.MockServletContext [Test worker] Initializing Spring TestDispatcherServlet ''
2023-06-26 20:38:35,632 INFO o.s.w.s.FrameworkServlet [Test worker] Initializing Servlet ''
2023-06-26 20:38:35,633 INFO o.s.w.s.FrameworkServlet [Test worker] Completed initialization in 0 ms
2023-06-26 20:38:35,637 ERROR a.e.u.d.g.c.w.h.GlobalExceptionHandler [Test worker]  The crypto wallet address can only contain numbers
2023-06-26 20:38:35,637 ERROR a.e.u.d.g.c.w.h.GlobalExceptionHandler [Test worker] The crypto wallet address must be 8 digits long
2023-06-26 20:38:35,643 INFO o.s.m.w.MockServletContext [Test worker] Initializing Spring TestDispatcherServlet ''
2023-06-26 20:38:35,644 INFO o.s.w.s.FrameworkServlet [Test worker] Initializing Servlet ''
2023-06-26 20:38:35,645 INFO o.s.w.s.FrameworkServlet [Test worker] Completed initialization in 1 ms
2023-06-26 20:38:35,650 ERROR a.e.u.d.g.c.w.h.GlobalExceptionHandler [Test worker] The crypto wallet address cannot be blank
2023-06-26 20:38:35,658 INFO o.s.m.w.MockServletContext [Test worker] Initializing Spring TestDispatcherServlet ''
2023-06-26 20:38:35,658 INFO o.s.w.s.FrameworkServlet [Test worker] Initializing Servlet ''
2023-06-26 20:38:35,659 INFO o.s.w.s.FrameworkServlet [Test worker] Completed initialization in 1 ms
2023-06-26 20:38:35,663 ERROR a.e.u.d.g.c.w.h.GlobalExceptionHandler [Test worker] The password must have at least one lowercase letter, one uppercase letter and a special character
2023-06-26 20:38:35,671 INFO o.s.m.w.MockServletContext [Test worker] Initializing Spring TestDispatcherServlet ''
2023-06-26 20:38:35,671 INFO o.s.w.s.FrameworkServlet [Test worker] Initializing Servlet ''
2023-06-26 20:38:35,672 INFO o.s.w.s.FrameworkServlet [Test worker] Completed initialization in 1 ms
2023-06-26 20:38:35,675 ERROR a.e.u.d.g.c.w.h.GlobalExceptionHandler [Test worker] The password cannot be blank
2023-06-26 20:38:35,675 ERROR a.e.u.d.g.c.w.h.GlobalExceptionHandler [Test worker] The password must have at least one lowercase letter, one uppercase letter and a special character
2023-06-26 20:38:35,675 ERROR a.e.u.d.g.c.w.h.GlobalExceptionHandler [Test worker] The password must be at least 6 characters long
2023-06-26 20:38:35,682 INFO o.s.m.w.MockServletContext [Test worker] Initializing Spring TestDispatcherServlet ''
2023-06-26 20:38:35,682 INFO o.s.w.s.FrameworkServlet [Test worker] Initializing Servlet ''
2023-06-26 20:38:35,683 INFO o.s.w.s.FrameworkServlet [Test worker] Completed initialization in 0 ms
2023-06-26 20:38:35,687 ERROR a.e.u.d.g.c.w.h.GlobalExceptionHandler [Test worker] The email address cannot be blank
2023-06-26 20:38:35,693 INFO o.s.m.w.MockServletContext [Test worker] Initializing Spring TestDispatcherServlet ''
2023-06-26 20:38:35,693 INFO o.s.w.s.FrameworkServlet [Test worker] Initializing Servlet ''
2023-06-26 20:38:35,694 INFO o.s.w.s.FrameworkServlet [Test worker] Completed initialization in 1 ms
2023-06-26 20:38:35,697 ERROR a.e.u.d.g.c.w.h.GlobalExceptionHandler [Test worker] The address cannot be blank
2023-06-26 20:38:35,703 INFO o.s.m.w.MockServletContext [Test worker] Initializing Spring TestDispatcherServlet ''
2023-06-26 20:38:35,703 INFO o.s.w.s.FrameworkServlet [Test worker] Initializing Servlet ''
2023-06-26 20:38:35,704 INFO o.s.w.s.FrameworkServlet [Test worker] Completed initialization in 1 ms
2023-06-26 20:38:35,707 ERROR a.e.u.d.g.c.w.h.GlobalExceptionHandler [Test worker] The CVU must be 22 digits long
2023-06-26 20:38:35,707 ERROR a.e.u.d.g.c.w.h.GlobalExceptionHandler [Test worker] The CVU cannot be blank
2023-06-26 20:38:35,708 ERROR a.e.u.d.g.c.w.h.GlobalExceptionHandler [Test worker] The CVU can only contain numbers
2023-06-26 20:38:35,714 INFO o.s.m.w.MockServletContext [Test worker] Initializing Spring TestDispatcherServlet ''
2023-06-26 20:38:35,714 INFO o.s.w.s.FrameworkServlet [Test worker] Initializing Servlet ''
2023-06-26 20:38:35,715 INFO o.s.w.s.FrameworkServlet [Test worker] Completed initialization in 1 ms
2023-06-26 20:38:35,719 ERROR a.e.u.d.g.c.w.h.GlobalExceptionHandler [Test worker] The password cannot be blank
2023-06-26 20:38:35,725 INFO o.s.m.w.MockServletContext [Test worker] Initializing Spring TestDispatcherServlet ''
2023-06-26 20:38:35,725 INFO o.s.w.s.FrameworkServlet [Test worker] Initializing Servlet ''
2023-06-26 20:38:35,726 INFO o.s.w.s.FrameworkServlet [Test worker] Completed initialization in 1 ms
2023-06-26 20:38:35,729 ERROR a.e.u.d.g.c.w.h.GlobalExceptionHandler [Test worker] The crypto wallet address must be 8 digits long
2023-06-26 20:38:35,734 INFO o.s.m.w.MockServletContext [Test worker] Initializing Spring TestDispatcherServlet ''
2023-06-26 20:38:35,735 INFO o.s.w.s.FrameworkServlet [Test worker] Initializing Servlet ''
2023-06-26 20:38:35,736 INFO o.s.w.s.FrameworkServlet [Test worker] Completed initialization in 1 ms
2023-06-26 20:38:35,739 ERROR a.e.u.d.g.c.w.h.GlobalExceptionHandler [Test worker] The email address cannot be blank
2023-06-26 20:38:35,746 INFO o.s.m.w.MockServletContext [Test worker] Initializing Spring TestDispatcherServlet ''
2023-06-26 20:38:35,746 INFO o.s.w.s.FrameworkServlet [Test worker] Initializing Servlet ''
2023-06-26 20:38:35,747 INFO o.s.w.s.FrameworkServlet [Test worker] Completed initialization in 1 ms
2023-06-26 20:38:35,750 ERROR a.e.u.d.g.c.w.h.GlobalExceptionHandler [Test worker] The CVU must be 22 digits long
2023-06-26 20:38:35,758 INFO o.s.m.w.MockServletContext [Test worker] Initializing Spring TestDispatcherServlet ''
2023-06-26 20:38:35,758 INFO o.s.w.s.FrameworkServlet [Test worker] Initializing Servlet ''
2023-06-26 20:38:35,763 INFO o.s.w.s.FrameworkServlet [Test worker] Completed initialization in 5 ms
2023-06-26 20:38:35,766 ERROR a.e.u.d.g.c.w.h.GlobalExceptionHandler [Test worker] The first name cannot contain special characters or numbers
2023-06-26 20:38:35,773 INFO o.s.m.w.MockServletContext [Test worker] Initializing Spring TestDispatcherServlet ''
2023-06-26 20:38:35,774 INFO o.s.w.s.FrameworkServlet [Test worker] Initializing Servlet ''
2023-06-26 20:38:35,775 INFO o.s.w.s.FrameworkServlet [Test worker] Completed initialization in 1 ms
2023-06-26 20:38:35,778 ERROR a.e.u.d.g.c.w.h.GlobalExceptionHandler [Test worker] The last name must be between 3 and 30 characters long
2023-06-26 20:38:35,784 INFO o.s.m.w.MockServletContext [Test worker] Initializing Spring TestDispatcherServlet ''
2023-06-26 20:38:35,784 INFO o.s.w.s.FrameworkServlet [Test worker] Initializing Servlet ''
2023-06-26 20:38:35,785 INFO o.s.w.s.FrameworkServlet [Test worker] Completed initialization in 1 ms
2023-06-26 20:38:35,789 ERROR a.e.u.d.g.c.w.h.GlobalExceptionHandler [Test worker] The CVU cannot be blank
2023-06-26 20:38:35,795 INFO o.s.m.w.MockServletContext [Test worker] Initializing Spring TestDispatcherServlet ''
2023-06-26 20:38:35,796 INFO o.s.w.s.FrameworkServlet [Test worker] Initializing Servlet ''
2023-06-26 20:38:35,796 INFO o.s.w.s.FrameworkServlet [Test worker] Completed initialization in 0 ms
2023-06-26 20:38:35,799 ERROR a.e.u.d.g.c.w.h.GlobalExceptionHandler [Test worker] The password must have at least one lowercase letter, one uppercase letter and a special character
2023-06-26 20:38:35,820 INFO o.s.o.j.AbstractEntityManagerFactoryBean [SpringApplicationShutdownHook] Closing JPA EntityManagerFactory for persistence unit 'default'
2023-06-26 20:38:36,089 INFO o.h.t.s.i.SchemaDropperImpl$DelayedDropActionImpl [SpringApplicationShutdownHook] HHH000477: Starting delayed evictData of schema as part of SessionFactory shut-down'
2023-06-26 20:38:36,097 INFO c.z.h.HikariDataSource [SpringApplicationShutdownHook] HikariPool-1 - Shutdown initiated...
2023-06-26 20:38:36,099 INFO c.z.h.HikariDataSource [SpringApplicationShutdownHook] HikariPool-1 - Shutdown completed.
2023-06-26 20:38:36,103 INFO o.s.o.j.AbstractEntityManagerFactoryBean [SpringApplicationShutdownHook] Closing JPA EntityManagerFactory for persistence unit 'default'
2023-06-26 20:38:36,104 INFO o.h.t.s.i.SchemaDropperImpl$DelayedDropActionImpl [SpringApplicationShutdownHook] HHH000477: Starting delayed evictData of schema as part of SessionFactory shut-down'
2023-06-26 20:38:36,108 INFO c.z.h.HikariDataSource [SpringApplicationShutdownHook] HikariPool-2 - Shutdown initiated...
2023-06-26 20:38:36,109 INFO c.z.h.HikariDataSource [SpringApplicationShutdownHook] HikariPool-2 - Shutdown completed.
2023-06-26 20:38:36,110 INFO o.s.o.j.AbstractEntityManagerFactoryBean [SpringApplicationShutdownHook] Closing JPA EntityManagerFactory for persistence unit 'default'
2023-06-26 20:38:36,111 INFO o.h.t.s.i.SchemaDropperImpl$DelayedDropActionImpl [SpringApplicationShutdownHook] HHH000477: Starting delayed evictData of schema as part of SessionFactory shut-down'
2023-06-26 20:38:36,114 INFO c.z.h.HikariDataSource [SpringApplicationShutdownHook] HikariPool-3 - Shutdown initiated...
2023-06-26 20:38:36,115 INFO c.z.h.HikariDataSource [SpringApplicationShutdownHook] HikariPool-3 - Shutdown completed.
2023-06-26 20:38:36,117 INFO o.s.o.j.AbstractEntityManagerFactoryBean [SpringApplicationShutdownHook] Closing JPA EntityManagerFactory for persistence unit 'default'
2023-06-26 20:38:36,118 INFO o.h.t.s.i.SchemaDropperImpl$DelayedDropActionImpl [SpringApplicationShutdownHook] HHH000477: Starting delayed evictData of schema as part of SessionFactory shut-down'
2023-06-26 20:38:36,122 INFO c.z.h.HikariDataSource [SpringApplicationShutdownHook] HikariPool-4 - Shutdown initiated...
2023-06-26 20:38:36,123 INFO c.z.h.HikariDataSource [SpringApplicationShutdownHook] HikariPool-4 - Shutdown completed.
2023-06-26 20:39:28,747 INFO o.h.v.i.u.Version [background-preinit] HV000001: Hibernate Validator 8.0.0.Final
2023-06-26 20:39:28,811 INFO o.s.b.StartupInfoLogger [Test worker] Starting CryptoP2PApplicationTest using Java 17.0.6 with PID 13120 (started by Pc in D:\Escritorio\Nueva carpeta\final\unq-dda-api)
2023-06-26 20:39:28,813 INFO o.s.b.SpringApplication [Test worker] The following 1 profile is active: "test"
2023-06-26 20:39:31,445 INFO o.s.d.r.c.RepositoryConfigurationDelegate [Test worker] Bootstrapping Spring Data JPA repositories in DEFAULT mode.
2023-06-26 20:39:31,579 INFO o.s.d.r.c.RepositoryConfigurationDelegate [Test worker] Finished Spring Data repository scanning in 117 ms. Found 6 JPA repository interfaces.
2023-06-26 20:39:32,542 INFO c.z.h.HikariDataSource [Test worker] HikariPool-1 - Starting...
2023-06-26 20:39:33,347 INFO c.z.h.p.HikariPool [Test worker] HikariPool-1 - Added connection conn0: url=jdbc:h2:mem:28c76d4b-5fa9-4066-92e6-d02f187f93ad user=SA
2023-06-26 20:39:33,358 INFO c.z.h.HikariDataSource [Test worker] HikariPool-1 - Start completed.
2023-06-26 20:39:33,543 INFO o.h.j.i.u.LogHelper [Test worker] HHH000204: Processing PersistenceUnitInfo [name: default]
2023-06-26 20:39:33,826 INFO o.h.Version [Test worker] HHH000412: Hibernate ORM core version 6.1.7.Final
2023-06-26 20:39:34,631 INFO o.h.e.j.d.i.DialectFactoryImpl [Test worker] HHH000400: Using dialect: org.hibernate.dialect.H2Dialect
2023-06-26 20:39:36,361 INFO o.h.e.t.j.p.i.JtaPlatformInitiator [Test worker] HHH000490: Using JtaPlatform implementation: [org.hibernate.engine.transaction.jta.platform.internal.NoJtaPlatform]
2023-06-26 20:39:36,379 INFO o.s.o.j.AbstractEntityManagerFactoryBean [Test worker] Initialized JPA EntityManagerFactory for persistence unit 'default'
2023-06-26 20:39:38,236 WARN o.s.b.a.o.j.JpaBaseConfiguration$JpaWebConfiguration [Test worker] spring.jpa.open-in-view is enabled by default. Therefore, database queries may be performed during view rendering. Explicitly configure spring.jpa.open-in-view to disable this warning
2023-06-26 20:39:39,664 INFO o.s.s.w.DefaultSecurityFilterChain [Test worker] Will secure any request with [org.springframework.security.web.session.DisableEncodeUrlFilter@9352f58, org.springframework.security.web.context.request.async.WebAsyncManagerIntegrationFilter@3f1522e, org.springframework.security.web.context.SecurityContextHolderFilter@7339450, org.springframework.security.web.header.HeaderWriterFilter@50cd0736, org.springframework.web.filter.CorsFilter@3262562c, org.springframework.security.web.authentication.logout.LogoutFilter@7627d8a4, ar.edu.unq.desapp.groupb.cryptop2p.security.JwtAuthenticationFilter@4202af59, org.springframework.security.web.authentication.www.BasicAuthenticationFilter@47d9a2e2, org.springframework.security.web.savedrequest.RequestCacheAwareFilter@209ed046, org.springframework.security.web.servletapi.SecurityContextHolderAwareRequestFilter@4070d628, org.springframework.security.web.authentication.AnonymousAuthenticationFilter@701a0c4d, org.springframework.security.web.session.SessionManagementFilter@65a669c3, org.springframework.security.web.access.ExceptionTranslationFilter@79765d4e, org.springframework.security.web.access.intercept.AuthorizationFilter@47702908]
2023-06-26 20:39:39,682 WARN o.s.s.c.a.w.b.WebSecurity [Test worker] You are asking Spring Security to ignore Ant [pattern='/h2-console/**']. This is not recommended -- please use permitAll via HttpSecurity#authorizeHttpRequests instead.
2023-06-26 20:39:39,683 INFO o.s.s.w.DefaultSecurityFilterChain [Test worker] Will not secure Ant [pattern='/h2-console/**']
2023-06-26 20:39:40,242 INFO o.s.b.StartupInfoLogger [Test worker] Started CryptoP2PApplicationTest in 12.14 seconds (process running for 14.502)
2023-06-26 20:39:40,405 ERROR o.s.s.s.TaskUtils$LoggingErrorHandler [scheduling-1] Unexpected error occurred in scheduled task
ar.edu.unq.desapp.groupb.cryptop2p.model.ModelException: The asset does not belong to the system
	at ar.edu.unq.desapp.groupb.cryptop2p.service.AssetService.quotesEvery10Minutes$lambda$1$lambda$0(AssetService.kt:53)
	at java.base/java.util.Optional.orElseThrow(Optional.java:403)
	at ar.edu.unq.desapp.groupb.cryptop2p.service.AssetService.quotesEvery10Minutes(AssetService.kt:53)
	at java.base/jdk.internal.reflect.NativeMethodAccessorImpl.invoke0(Native Method)
	at java.base/jdk.internal.reflect.NativeMethodAccessorImpl.invoke(NativeMethodAccessorImpl.java:77)
	at java.base/jdk.internal.reflect.DelegatingMethodAccessorImpl.invoke(DelegatingMethodAccessorImpl.java:43)
	at java.base/java.lang.reflect.Method.invoke(Method.java:568)
	at org.springframework.aop.support.AopUtils.invokeJoinpointUsingReflection(AopUtils.java:343)
	at org.springframework.aop.framework.ReflectiveMethodInvocation.invokeJoinpoint(ReflectiveMethodInvocation.java:196)
	at org.springframework.aop.framework.ReflectiveMethodInvocation.proceed(ReflectiveMethodInvocation.java:163)
	at org.springframework.aop.framework.CglibAopProxy$CglibMethodInvocation.proceed(CglibAopProxy.java:750)
	at org.springframework.transaction.interceptor.TransactionInterceptor$1.proceedWithInvocation(TransactionInterceptor.java:123)
	at org.springframework.transaction.interceptor.TransactionAspectSupport.invokeWithinTransaction(TransactionAspectSupport.java:390)
	at org.springframework.transaction.interceptor.TransactionInterceptor.invoke(TransactionInterceptor.java:119)
	at org.springframework.aop.framework.ReflectiveMethodInvocation.proceed(ReflectiveMethodInvocation.java:184)
	at org.springframework.aop.framework.CglibAopProxy$CglibMethodInvocation.proceed(CglibAopProxy.java:750)
	at org.springframework.aop.framework.CglibAopProxy$DynamicAdvisedInterceptor.intercept(CglibAopProxy.java:702)
	at ar.edu.unq.desapp.groupb.cryptop2p.service.AssetService$$SpringCGLIB$$0.quotesEvery10Minutes(<generated>)
	at java.base/jdk.internal.reflect.NativeMethodAccessorImpl.invoke0(Native Method)
	at java.base/jdk.internal.reflect.NativeMethodAccessorImpl.invoke(NativeMethodAccessorImpl.java:77)
	at java.base/jdk.internal.reflect.DelegatingMethodAccessorImpl.invoke(DelegatingMethodAccessorImpl.java:43)
	at java.base/java.lang.reflect.Method.invoke(Method.java:568)
	at org.springframework.scheduling.support.ScheduledMethodRunnable.run(ScheduledMethodRunnable.java:84)
	at org.springframework.scheduling.support.DelegatingErrorHandlingRunnable.run(DelegatingErrorHandlingRunnable.java:54)
	at java.base/java.util.concurrent.Executors$RunnableAdapter.call(Executors.java:539)
	at java.base/java.util.concurrent.FutureTask.runAndReset(FutureTask.java:305)
	at java.base/java.util.concurrent.ScheduledThreadPoolExecutor$ScheduledFutureTask.run(ScheduledThreadPoolExecutor.java:305)
	at java.base/java.util.concurrent.ThreadPoolExecutor.runWorker(ThreadPoolExecutor.java:1136)
	at java.base/java.util.concurrent.ThreadPoolExecutor$Worker.run(ThreadPoolExecutor.java:635)
	at java.base/java.lang.Thread.run(Thread.java:833)
2023-06-26 20:39:40,793 INFO c.t.a.c.PluginLoader$PluginSupplier [Test worker] Detected Java version 17.0.6
2023-06-26 20:39:46,560 INFO o.s.t.c.s.AnnotationConfigContextLoaderUtils [Test worker] Could not detect default configuration classes for test class [ar.edu.unq.desapp.groupb.cryptop2p.model.AssetPriceTest]: AssetPriceTest does not declare any static, non-private, non-final, nested classes annotated with @Configuration.
2023-06-26 20:39:46,574 INFO o.s.b.t.c.SpringBootTestContextBootstrapper [Test worker] Found @SpringBootConfiguration ar.edu.unq.desapp.groupb.cryptop2p.CryptoP2PApplication for test class ar.edu.unq.desapp.groupb.cryptop2p.model.AssetPriceTest
2023-06-26 20:39:46,656 INFO o.s.t.c.s.AnnotationConfigContextLoaderUtils [Test worker] Could not detect default configuration classes for test class [ar.edu.unq.desapp.groupb.cryptop2p.model.AssetTest]: AssetTest does not declare any static, non-private, non-final, nested classes annotated with @Configuration.
2023-06-26 20:39:46,658 INFO o.s.b.t.c.SpringBootTestContextBootstrapper [Test worker] Found @SpringBootConfiguration ar.edu.unq.desapp.groupb.cryptop2p.CryptoP2PApplication for test class ar.edu.unq.desapp.groupb.cryptop2p.model.AssetTest
2023-06-26 20:39:46,720 INFO o.s.t.c.s.AnnotationConfigContextLoaderUtils [Test worker] Could not detect default configuration classes for test class [ar.edu.unq.desapp.groupb.cryptop2p.model.OfferTest]: OfferTest does not declare any static, non-private, non-final, nested classes annotated with @Configuration.
2023-06-26 20:39:46,723 INFO o.s.b.t.c.SpringBootTestContextBootstrapper [Test worker] Found @SpringBootConfiguration ar.edu.unq.desapp.groupb.cryptop2p.CryptoP2PApplication for test class ar.edu.unq.desapp.groupb.cryptop2p.model.OfferTest
2023-06-26 20:39:46,790 INFO o.s.t.c.s.AnnotationConfigContextLoaderUtils [Test worker] Could not detect default configuration classes for test class [ar.edu.unq.desapp.groupb.cryptop2p.model.TransactionTest]: TransactionTest does not declare any static, non-private, non-final, nested classes annotated with @Configuration.
2023-06-26 20:39:46,793 INFO o.s.b.t.c.SpringBootTestContextBootstrapper [Test worker] Found @SpringBootConfiguration ar.edu.unq.desapp.groupb.cryptop2p.CryptoP2PApplication for test class ar.edu.unq.desapp.groupb.cryptop2p.model.TransactionTest
2023-06-26 20:39:46,942 INFO o.s.t.c.s.AnnotationConfigContextLoaderUtils [Test worker] Could not detect default configuration classes for test class [ar.edu.unq.desapp.groupb.cryptop2p.model.UserTest]: UserTest does not declare any static, non-private, non-final, nested classes annotated with @Configuration.
2023-06-26 20:39:46,945 INFO o.s.b.t.c.SpringBootTestContextBootstrapper [Test worker] Found @SpringBootConfiguration ar.edu.unq.desapp.groupb.cryptop2p.CryptoP2PApplication for test class ar.edu.unq.desapp.groupb.cryptop2p.model.UserTest
2023-06-26 20:39:47,161 INFO o.s.t.c.s.AnnotationConfigContextLoaderUtils [Test worker] Could not detect default configuration classes for test class [ar.edu.unq.desapp.groupb.cryptop2p.model.UserTransactionRatingTest]: UserTransactionRatingTest does not declare any static, non-private, non-final, nested classes annotated with @Configuration.
2023-06-26 20:39:47,163 INFO o.s.b.t.c.SpringBootTestContextBootstrapper [Test worker] Found @SpringBootConfiguration ar.edu.unq.desapp.groupb.cryptop2p.CryptoP2PApplication for test class ar.edu.unq.desapp.groupb.cryptop2p.model.UserTransactionRatingTest
2023-06-26 20:39:47,208 INFO o.s.t.c.s.AnnotationConfigContextLoaderUtils [Test worker] Could not detect default configuration classes for test class [ar.edu.unq.desapp.groupb.cryptop2p.model.validator.UserValidatorTest]: UserValidatorTest does not declare any static, non-private, non-final, nested classes annotated with @Configuration.
2023-06-26 20:39:47,225 INFO o.s.b.t.c.SpringBootTestContextBootstrapper [Test worker] Found @SpringBootConfiguration ar.edu.unq.desapp.groupb.cryptop2p.CryptoP2PApplication for test class ar.edu.unq.desapp.groupb.cryptop2p.model.validator.UserValidatorTest
2023-06-26 20:39:47,251 INFO o.s.b.StartupInfoLogger [Test worker] Starting UserValidatorTest using Java 17.0.6 with PID 13120 (started by Pc in D:\Escritorio\Nueva carpeta\final\unq-dda-api)
2023-06-26 20:39:47,252 INFO o.s.b.SpringApplication [Test worker] The following 1 profile is active: "test"
2023-06-26 20:39:47,523 INFO o.s.d.r.c.RepositoryConfigurationDelegate [Test worker] Bootstrapping Spring Data JPA repositories in DEFAULT mode.
2023-06-26 20:39:47,547 INFO o.s.d.r.c.RepositoryConfigurationDelegate [Test worker] Finished Spring Data repository scanning in 22 ms. Found 6 JPA repository interfaces.
2023-06-26 20:39:47,832 INFO c.z.h.HikariDataSource [Test worker] HikariPool-2 - Starting...
2023-06-26 20:39:47,835 INFO c.z.h.p.HikariPool [Test worker] HikariPool-2 - Added connection conn10: url=jdbc:h2:mem:74f3f937-f991-4e49-9595-1afd999c0315 user=SA
2023-06-26 20:39:47,836 INFO c.z.h.HikariDataSource [Test worker] HikariPool-2 - Start completed.
2023-06-26 20:39:47,839 INFO o.h.j.i.u.LogHelper [Test worker] HHH000204: Processing PersistenceUnitInfo [name: default]
2023-06-26 20:39:47,848 INFO o.h.e.j.d.i.DialectFactoryImpl [Test worker] HHH000400: Using dialect: org.hibernate.dialect.H2Dialect
2023-06-26 20:39:47,947 INFO o.h.e.t.j.p.i.JtaPlatformInitiator [Test worker] HHH000490: Using JtaPlatform implementation: [org.hibernate.engine.transaction.jta.platform.internal.NoJtaPlatform]
2023-06-26 20:39:47,948 INFO o.s.o.j.AbstractEntityManagerFactoryBean [Test worker] Initialized JPA EntityManagerFactory for persistence unit 'default'
2023-06-26 20:39:48,097 WARN o.s.b.a.o.j.JpaBaseConfiguration$JpaWebConfiguration [Test worker] spring.jpa.open-in-view is enabled by default. Therefore, database queries may be performed during view rendering. Explicitly configure spring.jpa.open-in-view to disable this warning
2023-06-26 20:39:48,720 INFO o.s.s.w.DefaultSecurityFilterChain [Test worker] Will secure any request with [org.springframework.security.web.session.DisableEncodeUrlFilter@40fce234, org.springframework.security.web.context.request.async.WebAsyncManagerIntegrationFilter@7f1b41db, org.springframework.security.web.context.SecurityContextHolderFilter@50c0a915, org.springframework.security.web.header.HeaderWriterFilter@6f65385d, org.springframework.web.filter.CorsFilter@ea556b4, org.springframework.security.web.authentication.logout.LogoutFilter@34fd6728, ar.edu.unq.desapp.groupb.cryptop2p.security.JwtAuthenticationFilter@625d550f, org.springframework.security.web.authentication.www.BasicAuthenticationFilter@1fe702c7, org.springframework.security.web.savedrequest.RequestCacheAwareFilter@5c6e176b, org.springframework.security.web.servletapi.SecurityContextHolderAwareRequestFilter@1a8f6b6b, org.springframework.security.web.authentication.AnonymousAuthenticationFilter@29739c9d, org.springframework.security.web.session.SessionManagementFilter@4627be7c, org.springframework.security.web.access.ExceptionTranslationFilter@119670, org.springframework.security.web.access.intercept.AuthorizationFilter@79b11fcb]
2023-06-26 20:39:48,726 WARN o.s.s.c.a.w.b.WebSecurity [Test worker] You are asking Spring Security to ignore Ant [pattern='/h2-console/**']. This is not recommended -- please use permitAll via HttpSecurity#authorizeHttpRequests instead.
2023-06-26 20:39:48,727 INFO o.s.s.w.DefaultSecurityFilterChain [Test worker] Will not secure Ant [pattern='/h2-console/**']
2023-06-26 20:39:48,822 INFO o.s.b.StartupInfoLogger [Test worker] Started UserValidatorTest in 1.592 seconds (process running for 23.082)
2023-06-26 20:39:48,829 ERROR o.s.s.s.TaskUtils$LoggingErrorHandler [scheduling-1] Unexpected error occurred in scheduled task
ar.edu.unq.desapp.groupb.cryptop2p.model.ModelException: The asset does not belong to the system
	at ar.edu.unq.desapp.groupb.cryptop2p.service.AssetService.quotesEvery10Minutes$lambda$1$lambda$0(AssetService.kt:53)
	at java.base/java.util.Optional.orElseThrow(Optional.java:403)
	at ar.edu.unq.desapp.groupb.cryptop2p.service.AssetService.quotesEvery10Minutes(AssetService.kt:53)
	at java.base/jdk.internal.reflect.NativeMethodAccessorImpl.invoke0(Native Method)
	at java.base/jdk.internal.reflect.NativeMethodAccessorImpl.invoke(NativeMethodAccessorImpl.java:77)
	at java.base/jdk.internal.reflect.DelegatingMethodAccessorImpl.invoke(DelegatingMethodAccessorImpl.java:43)
	at java.base/java.lang.reflect.Method.invoke(Method.java:568)
	at org.springframework.aop.support.AopUtils.invokeJoinpointUsingReflection(AopUtils.java:343)
	at org.springframework.aop.framework.ReflectiveMethodInvocation.invokeJoinpoint(ReflectiveMethodInvocation.java:196)
	at org.springframework.aop.framework.ReflectiveMethodInvocation.proceed(ReflectiveMethodInvocation.java:163)
	at org.springframework.aop.framework.CglibAopProxy$CglibMethodInvocation.proceed(CglibAopProxy.java:750)
	at org.springframework.transaction.interceptor.TransactionInterceptor$1.proceedWithInvocation(TransactionInterceptor.java:123)
	at org.springframework.transaction.interceptor.TransactionAspectSupport.invokeWithinTransaction(TransactionAspectSupport.java:390)
	at org.springframework.transaction.interceptor.TransactionInterceptor.invoke(TransactionInterceptor.java:119)
	at org.springframework.aop.framework.ReflectiveMethodInvocation.proceed(ReflectiveMethodInvocation.java:184)
	at org.springframework.aop.framework.CglibAopProxy$CglibMethodInvocation.proceed(CglibAopProxy.java:750)
	at org.springframework.aop.framework.CglibAopProxy$DynamicAdvisedInterceptor.intercept(CglibAopProxy.java:702)
	at ar.edu.unq.desapp.groupb.cryptop2p.service.AssetService$$SpringCGLIB$$0.quotesEvery10Minutes(<generated>)
	at java.base/jdk.internal.reflect.NativeMethodAccessorImpl.invoke0(Native Method)
	at java.base/jdk.internal.reflect.NativeMethodAccessorImpl.invoke(NativeMethodAccessorImpl.java:77)
	at java.base/jdk.internal.reflect.DelegatingMethodAccessorImpl.invoke(DelegatingMethodAccessorImpl.java:43)
	at java.base/java.lang.reflect.Method.invoke(Method.java:568)
	at org.springframework.scheduling.support.ScheduledMethodRunnable.run(ScheduledMethodRunnable.java:84)
	at org.springframework.scheduling.support.DelegatingErrorHandlingRunnable.run(DelegatingErrorHandlingRunnable.java:54)
	at java.base/java.util.concurrent.Executors$RunnableAdapter.call(Executors.java:539)
	at java.base/java.util.concurrent.FutureTask.runAndReset(FutureTask.java:305)
	at java.base/java.util.concurrent.ScheduledThreadPoolExecutor$ScheduledFutureTask.run(ScheduledThreadPoolExecutor.java:305)
	at java.base/java.util.concurrent.ThreadPoolExecutor.runWorker(ThreadPoolExecutor.java:1136)
	at java.base/java.util.concurrent.ThreadPoolExecutor$Worker.run(ThreadPoolExecutor.java:635)
	at java.base/java.lang.Thread.run(Thread.java:833)
2023-06-26 20:39:48,905 INFO o.s.t.c.s.AnnotationConfigContextLoaderUtils [Test worker] Could not detect default configuration classes for test class [ar.edu.unq.desapp.groupb.cryptop2p.service.ReportServiceTest]: ReportServiceTest does not declare any static, non-private, non-final, nested classes annotated with @Configuration.
2023-06-26 20:39:48,916 INFO o.s.b.t.c.SpringBootTestContextBootstrapper [Test worker] Found @SpringBootConfiguration ar.edu.unq.desapp.groupb.cryptop2p.CryptoP2PApplication for test class ar.edu.unq.desapp.groupb.cryptop2p.service.ReportServiceTest
2023-06-26 20:39:48,944 INFO o.s.b.StartupInfoLogger [Test worker] Starting ReportServiceTest using Java 17.0.6 with PID 13120 (started by Pc in D:\Escritorio\Nueva carpeta\final\unq-dda-api)
2023-06-26 20:39:48,944 INFO o.s.b.SpringApplication [Test worker] The following 1 profile is active: "test"
2023-06-26 20:39:49,193 INFO o.s.d.r.c.RepositoryConfigurationDelegate [Test worker] Bootstrapping Spring Data JPA repositories in DEFAULT mode.
2023-06-26 20:39:49,216 INFO o.s.d.r.c.RepositoryConfigurationDelegate [Test worker] Finished Spring Data repository scanning in 21 ms. Found 6 JPA repository interfaces.
2023-06-26 20:39:49,385 INFO c.z.h.HikariDataSource [Test worker] HikariPool-3 - Starting...
2023-06-26 20:39:49,389 INFO c.z.h.p.HikariPool [Test worker] HikariPool-3 - Added connection conn20: url=jdbc:h2:mem:e48eba7d-9765-44c9-8ad3-7aebce62a210 user=SA
2023-06-26 20:39:49,389 INFO c.z.h.HikariDataSource [Test worker] HikariPool-3 - Start completed.
2023-06-26 20:39:49,391 INFO o.h.j.i.u.LogHelper [Test worker] HHH000204: Processing PersistenceUnitInfo [name: default]
2023-06-26 20:39:49,400 INFO o.h.e.j.d.i.DialectFactoryImpl [Test worker] HHH000400: Using dialect: org.hibernate.dialect.H2Dialect
2023-06-26 20:39:49,496 INFO o.h.e.t.j.p.i.JtaPlatformInitiator [Test worker] HHH000490: Using JtaPlatform implementation: [org.hibernate.engine.transaction.jta.platform.internal.NoJtaPlatform]
2023-06-26 20:39:49,497 INFO o.s.o.j.AbstractEntityManagerFactoryBean [Test worker] Initialized JPA EntityManagerFactory for persistence unit 'default'
2023-06-26 20:39:49,650 WARN o.s.b.a.o.j.JpaBaseConfiguration$JpaWebConfiguration [Test worker] spring.jpa.open-in-view is enabled by default. Therefore, database queries may be performed during view rendering. Explicitly configure spring.jpa.open-in-view to disable this warning
2023-06-26 20:39:50,115 INFO o.s.s.w.DefaultSecurityFilterChain [Test worker] Will secure any request with [org.springframework.security.web.session.DisableEncodeUrlFilter@da17daf, org.springframework.security.web.context.request.async.WebAsyncManagerIntegrationFilter@ef60cc8, org.springframework.security.web.context.SecurityContextHolderFilter@6feeb428, org.springframework.security.web.header.HeaderWriterFilter@66b502cb, org.springframework.web.filter.CorsFilter@524f17dd, org.springframework.security.web.authentication.logout.LogoutFilter@1b36d4ef, ar.edu.unq.desapp.groupb.cryptop2p.security.JwtAuthenticationFilter@77cbb6b8, org.springframework.security.web.authentication.www.BasicAuthenticationFilter@209d54ff, org.springframework.security.web.savedrequest.RequestCacheAwareFilter@2a714a14, org.springframework.security.web.servletapi.SecurityContextHolderAwareRequestFilter@641ca6cb, org.springframework.security.web.authentication.AnonymousAuthenticationFilter@183f9bc7, org.springframework.security.web.session.SessionManagementFilter@51e69f88, org.springframework.security.web.access.ExceptionTranslationFilter@4a11e968, org.springframework.security.web.access.intercept.AuthorizationFilter@3a9ccf24]
2023-06-26 20:39:50,120 WARN o.s.s.c.a.w.b.WebSecurity [Test worker] You are asking Spring Security to ignore Ant [pattern='/h2-console/**']. This is not recommended -- please use permitAll via HttpSecurity#authorizeHttpRequests instead.
2023-06-26 20:39:50,121 INFO o.s.s.w.DefaultSecurityFilterChain [Test worker] Will not secure Ant [pattern='/h2-console/**']
2023-06-26 20:39:50,217 INFO o.s.b.StartupInfoLogger [Test worker] Started ReportServiceTest in 1.296 seconds (process running for 24.477)
2023-06-26 20:39:50,222 ERROR o.s.s.s.TaskUtils$LoggingErrorHandler [scheduling-1] Unexpected error occurred in scheduled task
ar.edu.unq.desapp.groupb.cryptop2p.model.ModelException: The asset does not belong to the system
	at ar.edu.unq.desapp.groupb.cryptop2p.service.AssetService.quotesEvery10Minutes$lambda$1$lambda$0(AssetService.kt:53)
	at java.base/java.util.Optional.orElseThrow(Optional.java:403)
	at ar.edu.unq.desapp.groupb.cryptop2p.service.AssetService.quotesEvery10Minutes(AssetService.kt:53)
	at java.base/jdk.internal.reflect.NativeMethodAccessorImpl.invoke0(Native Method)
	at java.base/jdk.internal.reflect.NativeMethodAccessorImpl.invoke(NativeMethodAccessorImpl.java:77)
	at java.base/jdk.internal.reflect.DelegatingMethodAccessorImpl.invoke(DelegatingMethodAccessorImpl.java:43)
	at java.base/java.lang.reflect.Method.invoke(Method.java:568)
	at org.springframework.aop.support.AopUtils.invokeJoinpointUsingReflection(AopUtils.java:343)
	at org.springframework.aop.framework.ReflectiveMethodInvocation.invokeJoinpoint(ReflectiveMethodInvocation.java:196)
	at org.springframework.aop.framework.ReflectiveMethodInvocation.proceed(ReflectiveMethodInvocation.java:163)
	at org.springframework.aop.framework.CglibAopProxy$CglibMethodInvocation.proceed(CglibAopProxy.java:750)
	at org.springframework.transaction.interceptor.TransactionInterceptor$1.proceedWithInvocation(TransactionInterceptor.java:123)
	at org.springframework.transaction.interceptor.TransactionAspectSupport.invokeWithinTransaction(TransactionAspectSupport.java:390)
	at org.springframework.transaction.interceptor.TransactionInterceptor.invoke(TransactionInterceptor.java:119)
	at org.springframework.aop.framework.ReflectiveMethodInvocation.proceed(ReflectiveMethodInvocation.java:184)
	at org.springframework.aop.framework.CglibAopProxy$CglibMethodInvocation.proceed(CglibAopProxy.java:750)
	at org.springframework.aop.framework.CglibAopProxy$DynamicAdvisedInterceptor.intercept(CglibAopProxy.java:702)
	at ar.edu.unq.desapp.groupb.cryptop2p.service.AssetService$$SpringCGLIB$$0.quotesEvery10Minutes(<generated>)
	at java.base/jdk.internal.reflect.NativeMethodAccessorImpl.invoke0(Native Method)
	at java.base/jdk.internal.reflect.NativeMethodAccessorImpl.invoke(NativeMethodAccessorImpl.java:77)
	at java.base/jdk.internal.reflect.DelegatingMethodAccessorImpl.invoke(DelegatingMethodAccessorImpl.java:43)
	at java.base/java.lang.reflect.Method.invoke(Method.java:568)
	at org.springframework.scheduling.support.ScheduledMethodRunnable.run(ScheduledMethodRunnable.java:84)
	at org.springframework.scheduling.support.DelegatingErrorHandlingRunnable.run(DelegatingErrorHandlingRunnable.java:54)
	at java.base/java.util.concurrent.Executors$RunnableAdapter.call(Executors.java:539)
	at java.base/java.util.concurrent.FutureTask.runAndReset(FutureTask.java:305)
	at java.base/java.util.concurrent.ScheduledThreadPoolExecutor$ScheduledFutureTask.run(ScheduledThreadPoolExecutor.java:305)
	at java.base/java.util.concurrent.ThreadPoolExecutor.runWorker(ThreadPoolExecutor.java:1136)
	at java.base/java.util.concurrent.ThreadPoolExecutor$Worker.run(ThreadPoolExecutor.java:635)
	at java.base/java.lang.Thread.run(Thread.java:833)
2023-06-26 20:39:50,235 INFO a.e.u.d.g.c.s.ReportService [Test worker] Generate traded volume report...
2023-06-26 20:39:50,249 INFO a.e.u.d.g.c.s.ReportService [Test worker] Generate traded volume report...
2023-06-26 20:39:50,261 INFO a.e.u.d.g.c.s.ReportService [Test worker] Generate traded volume report...
2023-06-26 20:39:50,270 INFO o.s.t.c.s.AnnotationConfigContextLoaderUtils [Test worker] Could not detect default configuration classes for test class [ar.edu.unq.desapp.groupb.cryptop2p.service.UserServiceTest]: UserServiceTest does not declare any static, non-private, non-final, nested classes annotated with @Configuration.
2023-06-26 20:39:50,273 INFO o.s.b.t.c.SpringBootTestContextBootstrapper [Test worker] Found @SpringBootConfiguration ar.edu.unq.desapp.groupb.cryptop2p.CryptoP2PApplication for test class ar.edu.unq.desapp.groupb.cryptop2p.service.UserServiceTest
2023-06-26 20:39:50,336 INFO a.e.u.d.g.c.s.UserService [Test worker] Saving user...
2023-06-26 20:39:50,420 INFO a.e.u.d.g.c.s.UserService [Test worker] Saving user...
2023-06-26 20:39:50,520 INFO a.e.u.d.g.c.s.UserService [Test worker] Saving user...
2023-06-26 20:39:50,716 INFO o.s.t.c.s.AnnotationConfigContextLoaderUtils [Test worker] Could not detect default configuration classes for test class [ar.edu.unq.desapp.groupb.cryptop2p.webservice.AssetControllerTest]: AssetControllerTest does not declare any static, non-private, non-final, nested classes annotated with @Configuration.
2023-06-26 20:39:50,726 INFO o.s.b.t.c.SpringBootTestContextBootstrapper [Test worker] Found @SpringBootConfiguration ar.edu.unq.desapp.groupb.cryptop2p.CryptoP2PApplication for test class ar.edu.unq.desapp.groupb.cryptop2p.webservice.AssetControllerTest
2023-06-26 20:39:50,747 INFO o.s.b.StartupInfoLogger [Test worker] Starting AssetControllerTest using Java 17.0.6 with PID 13120 (started by Pc in D:\Escritorio\Nueva carpeta\final\unq-dda-api)
2023-06-26 20:39:50,748 INFO o.s.b.SpringApplication [Test worker] The following 1 profile is active: "test"
2023-06-26 20:39:50,947 INFO o.s.d.r.c.RepositoryConfigurationDelegate [Test worker] Bootstrapping Spring Data JPA repositories in DEFAULT mode.
2023-06-26 20:39:50,966 INFO o.s.d.r.c.RepositoryConfigurationDelegate [Test worker] Finished Spring Data repository scanning in 18 ms. Found 6 JPA repository interfaces.
2023-06-26 20:39:51,036 INFO c.z.h.HikariDataSource [Test worker] HikariPool-4 - Starting...
2023-06-26 20:39:51,039 INFO c.z.h.p.HikariPool [Test worker] HikariPool-4 - Added connection conn30: url=jdbc:h2:mem:657648ae-6418-40d1-8b98-81bfe14ec6bd user=SA
2023-06-26 20:39:51,040 INFO c.z.h.HikariDataSource [Test worker] HikariPool-4 - Start completed.
2023-06-26 20:39:51,042 INFO o.h.j.i.u.LogHelper [Test worker] HHH000204: Processing PersistenceUnitInfo [name: default]
2023-06-26 20:39:51,051 INFO o.h.e.j.d.i.DialectFactoryImpl [Test worker] HHH000400: Using dialect: org.hibernate.dialect.H2Dialect
2023-06-26 20:39:51,144 INFO o.h.e.t.j.p.i.JtaPlatformInitiator [Test worker] HHH000490: Using JtaPlatform implementation: [org.hibernate.engine.transaction.jta.platform.internal.NoJtaPlatform]
2023-06-26 20:39:51,145 INFO o.s.o.j.AbstractEntityManagerFactoryBean [Test worker] Initialized JPA EntityManagerFactory for persistence unit 'default'
2023-06-26 20:39:51,281 WARN o.s.b.a.o.j.JpaBaseConfiguration$JpaWebConfiguration [Test worker] spring.jpa.open-in-view is enabled by default. Therefore, database queries may be performed during view rendering. Explicitly configure spring.jpa.open-in-view to disable this warning
2023-06-26 20:39:51,763 INFO o.s.s.w.DefaultSecurityFilterChain [Test worker] Will secure any request with [org.springframework.security.web.session.DisableEncodeUrlFilter@61ca4fee, org.springframework.security.web.context.request.async.WebAsyncManagerIntegrationFilter@657e1a3, org.springframework.security.web.context.SecurityContextHolderFilter@bc55c4e, org.springframework.security.web.header.HeaderWriterFilter@1e7db040, org.springframework.web.filter.CorsFilter@4618c7e6, org.springframework.security.web.authentication.logout.LogoutFilter@6156e20c, ar.edu.unq.desapp.groupb.cryptop2p.security.JwtAuthenticationFilter@6c89d10d, org.springframework.security.web.authentication.www.BasicAuthenticationFilter@375a8d8b, org.springframework.security.web.savedrequest.RequestCacheAwareFilter@7235206a, org.springframework.security.web.servletapi.SecurityContextHolderAwareRequestFilter@13961dc, org.springframework.security.web.authentication.AnonymousAuthenticationFilter@25cd2c7b, org.springframework.security.web.session.SessionManagementFilter@29ad00a7, org.springframework.security.web.access.ExceptionTranslationFilter@1c2cb4a8, org.springframework.security.web.access.intercept.AuthorizationFilter@70c60936]
2023-06-26 20:39:51,768 WARN o.s.s.c.a.w.b.WebSecurity [Test worker] You are asking Spring Security to ignore Ant [pattern='/h2-console/**']. This is not recommended -- please use permitAll via HttpSecurity#authorizeHttpRequests instead.
2023-06-26 20:39:51,769 INFO o.s.s.w.DefaultSecurityFilterChain [Test worker] Will not secure Ant [pattern='/h2-console/**']
2023-06-26 20:39:51,855 INFO o.s.b.StartupInfoLogger [Test worker] Started AssetControllerTest in 1.125 seconds (process running for 26.114)
2023-06-26 20:39:51,861 ERROR o.s.s.s.TaskUtils$LoggingErrorHandler [scheduling-1] Unexpected error occurred in scheduled task
ar.edu.unq.desapp.groupb.cryptop2p.model.ModelException: The asset does not belong to the system
	at ar.edu.unq.desapp.groupb.cryptop2p.service.AssetService.quotesEvery10Minutes$lambda$1$lambda$0(AssetService.kt:53)
	at java.base/java.util.Optional.orElseThrow(Optional.java:403)
	at ar.edu.unq.desapp.groupb.cryptop2p.service.AssetService.quotesEvery10Minutes(AssetService.kt:53)
	at java.base/jdk.internal.reflect.NativeMethodAccessorImpl.invoke0(Native Method)
	at java.base/jdk.internal.reflect.NativeMethodAccessorImpl.invoke(NativeMethodAccessorImpl.java:77)
	at java.base/jdk.internal.reflect.DelegatingMethodAccessorImpl.invoke(DelegatingMethodAccessorImpl.java:43)
	at java.base/java.lang.reflect.Method.invoke(Method.java:568)
	at org.springframework.aop.support.AopUtils.invokeJoinpointUsingReflection(AopUtils.java:343)
	at org.springframework.aop.framework.ReflectiveMethodInvocation.invokeJoinpoint(ReflectiveMethodInvocation.java:196)
	at org.springframework.aop.framework.ReflectiveMethodInvocation.proceed(ReflectiveMethodInvocation.java:163)
	at org.springframework.aop.framework.CglibAopProxy$CglibMethodInvocation.proceed(CglibAopProxy.java:750)
	at org.springframework.transaction.interceptor.TransactionInterceptor$1.proceedWithInvocation(TransactionInterceptor.java:123)
	at org.springframework.transaction.interceptor.TransactionAspectSupport.invokeWithinTransaction(TransactionAspectSupport.java:390)
	at org.springframework.transaction.interceptor.TransactionInterceptor.invoke(TransactionInterceptor.java:119)
	at org.springframework.aop.framework.ReflectiveMethodInvocation.proceed(ReflectiveMethodInvocation.java:184)
	at org.springframework.aop.framework.CglibAopProxy$CglibMethodInvocation.proceed(CglibAopProxy.java:750)
	at org.springframework.aop.framework.CglibAopProxy$DynamicAdvisedInterceptor.intercept(CglibAopProxy.java:702)
	at ar.edu.unq.desapp.groupb.cryptop2p.service.AssetService$$SpringCGLIB$$0.quotesEvery10Minutes(<generated>)
	at java.base/jdk.internal.reflect.NativeMethodAccessorImpl.invoke0(Native Method)
	at java.base/jdk.internal.reflect.NativeMethodAccessorImpl.invoke(NativeMethodAccessorImpl.java:77)
	at java.base/jdk.internal.reflect.DelegatingMethodAccessorImpl.invoke(DelegatingMethodAccessorImpl.java:43)
	at java.base/java.lang.reflect.Method.invoke(Method.java:568)
	at org.springframework.scheduling.support.ScheduledMethodRunnable.run(ScheduledMethodRunnable.java:84)
	at org.springframework.scheduling.support.DelegatingErrorHandlingRunnable.run(DelegatingErrorHandlingRunnable.java:54)
	at java.base/java.util.concurrent.Executors$RunnableAdapter.call(Executors.java:539)
	at java.base/java.util.concurrent.FutureTask.runAndReset(FutureTask.java:305)
	at java.base/java.util.concurrent.ScheduledThreadPoolExecutor$ScheduledFutureTask.run(ScheduledThreadPoolExecutor.java:305)
	at java.base/java.util.concurrent.ThreadPoolExecutor.runWorker(ThreadPoolExecutor.java:1136)
	at java.base/java.util.concurrent.ThreadPoolExecutor$Worker.run(ThreadPoolExecutor.java:635)
	at java.base/java.lang.Thread.run(Thread.java:833)
2023-06-26 20:39:51,874 INFO o.s.m.w.MockServletContext [Test worker] Initializing Spring TestDispatcherServlet ''
2023-06-26 20:39:51,875 INFO o.s.w.s.FrameworkServlet [Test worker] Initializing Servlet ''
2023-06-26 20:39:51,876 INFO o.s.w.s.FrameworkServlet [Test worker] Completed initialization in 1 ms
2023-06-26 20:39:51,880 INFO a.e.u.d.g.c.s.AssetService [Test worker] Saving Assets...
2023-06-26 20:39:52,005 INFO a.e.u.d.g.c.s.AssetService [Test worker] Saving Assets...
2023-06-26 20:39:52,015 ERROR a.e.u.d.g.c.w.h.GlobalExceptionHandler [Test worker] The asset name is already registered
2023-06-26 20:39:52,166 INFO o.s.m.w.MockServletContext [Test worker] Initializing Spring TestDispatcherServlet ''
2023-06-26 20:39:52,166 INFO o.s.w.s.FrameworkServlet [Test worker] Initializing Servlet ''
2023-06-26 20:39:52,168 INFO o.s.w.s.FrameworkServlet [Test worker] Completed initialization in 1 ms
2023-06-26 20:39:52,171 INFO a.e.u.d.g.c.s.AssetService [Test worker] Return AssetPrices...
2023-06-26 20:39:52,251 INFO o.s.m.w.MockServletContext [Test worker] Initializing Spring TestDispatcherServlet ''
2023-06-26 20:39:52,251 INFO o.s.w.s.FrameworkServlet [Test worker] Initializing Servlet ''
2023-06-26 20:39:52,252 INFO o.s.w.s.FrameworkServlet [Test worker] Completed initialization in 1 ms
2023-06-26 20:39:52,255 INFO a.e.u.d.g.c.s.AssetService [Test worker] Saving Assets...
2023-06-26 20:39:52,256 ERROR a.e.u.d.g.c.w.h.GlobalExceptionHandler [Test worker] The asset does not belong to the system
2023-06-26 20:39:52,262 INFO o.s.m.w.MockServletContext [Test worker] Initializing Spring TestDispatcherServlet ''
2023-06-26 20:39:52,263 INFO o.s.w.s.FrameworkServlet [Test worker] Initializing Servlet ''
2023-06-26 20:39:52,263 INFO o.s.w.s.FrameworkServlet [Test worker] Completed initialization in 0 ms
2023-06-26 20:39:52,270 WARN o.s.w.s.h.AbstractHandlerExceptionResolver [Test worker] Resolved [org.springframework.web.bind.MissingServletRequestParameterException: Required request parameter 'assetName' for method parameter type String is not present]
2023-06-26 20:39:52,277 INFO o.s.m.w.MockServletContext [Test worker] Initializing Spring TestDispatcherServlet ''
2023-06-26 20:39:52,278 INFO o.s.w.s.FrameworkServlet [Test worker] Initializing Servlet ''
2023-06-26 20:39:52,279 INFO o.s.w.s.FrameworkServlet [Test worker] Completed initialization in 1 ms
2023-06-26 20:39:52,281 INFO a.e.u.d.g.c.s.AssetService [Test worker] Saving Assets...
2023-06-26 20:39:52,282 ERROR a.e.u.d.g.c.w.h.GlobalExceptionHandler [Test worker] The asset does not belong to the system
2023-06-26 20:39:52,291 INFO o.s.m.w.MockServletContext [Test worker] Initializing Spring TestDispatcherServlet ''
2023-06-26 20:39:52,291 INFO o.s.w.s.FrameworkServlet [Test worker] Initializing Servlet ''
2023-06-26 20:39:52,292 INFO o.s.w.s.FrameworkServlet [Test worker] Completed initialization in 1 ms
2023-06-26 20:39:52,294 INFO a.e.u.d.g.c.s.AssetService [Test worker] Saving Assets...
2023-06-26 20:39:52,331 INFO o.s.t.c.s.AnnotationConfigContextLoaderUtils [Test worker] Could not detect default configuration classes for test class [ar.edu.unq.desapp.groupb.cryptop2p.webservice.OfferControllerTest]: OfferControllerTest does not declare any static, non-private, non-final, nested classes annotated with @Configuration.
2023-06-26 20:39:52,333 INFO o.s.b.t.c.SpringBootTestContextBootstrapper [Test worker] Found @SpringBootConfiguration ar.edu.unq.desapp.groupb.cryptop2p.CryptoP2PApplication for test class ar.edu.unq.desapp.groupb.cryptop2p.webservice.OfferControllerTest
2023-06-26 20:39:52,353 INFO o.s.m.w.MockServletContext [Test worker] Initializing Spring TestDispatcherServlet ''
2023-06-26 20:39:52,354 INFO o.s.w.s.FrameworkServlet [Test worker] Initializing Servlet ''
2023-06-26 20:39:52,355 INFO o.s.w.s.FrameworkServlet [Test worker] Completed initialization in 0 ms
2023-06-26 20:39:52,356 INFO a.e.u.d.g.c.s.AssetService [Test worker] Saving Assets...
2023-06-26 20:39:52,368 INFO a.e.u.d.g.c.s.UserService [Test worker] Saving user...
2023-06-26 20:39:52,476 ERROR a.e.u.d.g.c.w.h.GlobalExceptionHandler [Test worker] The operation type cannot be blank
2023-06-26 20:39:52,495 INFO o.s.m.w.MockServletContext [Test worker] Initializing Spring TestDispatcherServlet ''
2023-06-26 20:39:52,495 INFO o.s.w.s.FrameworkServlet [Test worker] Initializing Servlet ''
2023-06-26 20:39:52,496 INFO o.s.w.s.FrameworkServlet [Test worker] Completed initialization in 1 ms
2023-06-26 20:39:52,497 INFO a.e.u.d.g.c.s.AssetService [Test worker] Saving Assets...
2023-06-26 20:39:52,503 INFO a.e.u.d.g.c.s.UserService [Test worker] Saving user...
2023-06-26 20:39:52,513 INFO a.e.u.d.g.c.s.OfferService [Test worker] Saving offer...
2023-06-26 20:39:52,699 INFO o.s.m.w.MockServletContext [Test worker] Initializing Spring TestDispatcherServlet ''
2023-06-26 20:39:52,699 INFO o.s.w.s.FrameworkServlet [Test worker] Initializing Servlet ''
2023-06-26 20:39:52,700 INFO o.s.w.s.FrameworkServlet [Test worker] Completed initialization in 1 ms
2023-06-26 20:39:52,701 INFO a.e.u.d.g.c.s.AssetService [Test worker] Saving Assets...
2023-06-26 20:39:52,707 INFO a.e.u.d.g.c.s.UserService [Test worker] Saving user...
2023-06-26 20:39:52,713 ERROR a.e.u.d.g.c.w.h.GlobalExceptionHandler [Test worker] The operation type cannot be blank
2023-06-26 20:39:52,729 INFO o.s.m.w.MockServletContext [Test worker] Initializing Spring TestDispatcherServlet ''
2023-06-26 20:39:52,729 INFO o.s.w.s.FrameworkServlet [Test worker] Initializing Servlet ''
2023-06-26 20:39:52,730 INFO o.s.w.s.FrameworkServlet [Test worker] Completed initialization in 0 ms
2023-06-26 20:39:52,731 INFO a.e.u.d.g.c.s.AssetService [Test worker] Saving Assets...
2023-06-26 20:39:52,741 INFO a.e.u.d.g.c.s.OfferService [Test worker] Saving offer...
2023-06-26 20:39:52,745 ERROR a.e.u.d.g.c.w.h.GlobalExceptionHandler [Test worker] The user is not registered
2023-06-26 20:39:52,760 INFO o.s.m.w.MockServletContext [Test worker] Initializing Spring TestDispatcherServlet ''
2023-06-26 20:39:52,760 INFO o.s.w.s.FrameworkServlet [Test worker] Initializing Servlet ''
2023-06-26 20:39:52,761 INFO o.s.w.s.FrameworkServlet [Test worker] Completed initialization in 1 ms
2023-06-26 20:39:52,762 INFO a.e.u.d.g.c.s.AssetService [Test worker] Saving Assets...
2023-06-26 20:39:52,767 INFO a.e.u.d.g.c.s.UserService [Test worker] Saving user...
2023-06-26 20:39:52,776 ERROR a.e.u.d.g.c.w.h.GlobalExceptionHandler [Test worker] The name cannot be blank
2023-06-26 20:39:52,791 INFO o.s.m.w.MockServletContext [Test worker] Initializing Spring TestDispatcherServlet ''
2023-06-26 20:39:52,791 INFO o.s.w.s.FrameworkServlet [Test worker] Initializing Servlet ''
2023-06-26 20:39:52,792 INFO o.s.w.s.FrameworkServlet [Test worker] Completed initialization in 0 ms
2023-06-26 20:39:52,793 INFO a.e.u.d.g.c.s.AssetService [Test worker] Saving Assets...
2023-06-26 20:39:52,798 INFO a.e.u.d.g.c.s.UserService [Test worker] Saving user...
2023-06-26 20:39:52,806 ERROR a.e.u.d.g.c.w.h.GlobalExceptionHandler [Test worker] The user cannot be blank
2023-06-26 20:39:52,822 INFO o.s.m.w.MockServletContext [Test worker] Initializing Spring TestDispatcherServlet ''
2023-06-26 20:39:52,822 INFO o.s.w.s.FrameworkServlet [Test worker] Initializing Servlet ''
2023-06-26 20:39:52,823 INFO o.s.w.s.FrameworkServlet [Test worker] Completed initialization in 0 ms
2023-06-26 20:39:52,824 INFO a.e.u.d.g.c.s.AssetService [Test worker] Saving Assets...
2023-06-26 20:39:52,830 INFO a.e.u.d.g.c.s.UserService [Test worker] Saving user...
2023-06-26 20:39:52,837 ERROR a.e.u.d.g.c.w.h.GlobalExceptionHandler [Test worker] The asset name is not in a valid format
2023-06-26 20:39:52,852 INFO o.s.m.w.MockServletContext [Test worker] Initializing Spring TestDispatcherServlet ''
2023-06-26 20:39:52,852 INFO o.s.w.s.FrameworkServlet [Test worker] Initializing Servlet ''
2023-06-26 20:39:52,853 INFO o.s.w.s.FrameworkServlet [Test worker] Completed initialization in 1 ms
2023-06-26 20:39:52,854 INFO a.e.u.d.g.c.s.AssetService [Test worker] Saving Assets...
2023-06-26 20:39:52,861 INFO a.e.u.d.g.c.s.UserService [Test worker] Saving user...
2023-06-26 20:39:52,869 ERROR a.e.u.d.g.c.w.h.GlobalExceptionHandler [Test worker] The unit price can't be negative
2023-06-26 20:39:52,886 INFO o.s.m.w.MockServletContext [Test worker] Initializing Spring TestDispatcherServlet ''
2023-06-26 20:39:52,886 INFO o.s.w.s.FrameworkServlet [Test worker] Initializing Servlet ''
2023-06-26 20:39:52,887 INFO o.s.w.s.FrameworkServlet [Test worker] Completed initialization in 1 ms
2023-06-26 20:39:52,888 INFO a.e.u.d.g.c.s.AssetService [Test worker] Saving Assets...
2023-06-26 20:39:52,894 INFO a.e.u.d.g.c.s.UserService [Test worker] Saving user...
2023-06-26 20:39:52,902 ERROR a.e.u.d.g.c.w.h.GlobalExceptionHandler [Test worker] The name cannot be blank
2023-06-26 20:39:52,902 ERROR a.e.u.d.g.c.w.h.GlobalExceptionHandler [Test worker] The asset name is not in a valid format
2023-06-26 20:39:52,917 INFO o.s.m.w.MockServletContext [Test worker] Initializing Spring TestDispatcherServlet ''
2023-06-26 20:39:52,918 INFO o.s.w.s.FrameworkServlet [Test worker] Initializing Servlet ''
2023-06-26 20:39:52,919 INFO o.s.w.s.FrameworkServlet [Test worker] Completed initialization in 1 ms
2023-06-26 20:39:52,919 INFO a.e.u.d.g.c.s.AssetService [Test worker] Saving Assets...
2023-06-26 20:39:52,925 INFO a.e.u.d.g.c.s.UserService [Test worker] Saving user...
2023-06-26 20:39:52,932 ERROR a.e.u.d.g.c.w.h.GlobalExceptionHandler [Test worker] The quantity can't be negative
2023-06-26 20:39:52,947 INFO o.s.m.w.MockServletContext [Test worker] Initializing Spring TestDispatcherServlet ''
2023-06-26 20:39:52,947 INFO o.s.w.s.FrameworkServlet [Test worker] Initializing Servlet ''
2023-06-26 20:39:52,948 INFO o.s.w.s.FrameworkServlet [Test worker] Completed initialization in 1 ms
2023-06-26 20:39:52,949 INFO a.e.u.d.g.c.s.AssetService [Test worker] Saving Assets...
2023-06-26 20:39:52,954 INFO a.e.u.d.g.c.s.UserService [Test worker] Saving user...
2023-06-26 20:39:52,961 INFO a.e.u.d.g.c.s.OfferService [Test worker] Saving offer...
2023-06-26 20:39:52,965 ERROR a.e.u.d.g.c.w.h.GlobalExceptionHandler [Test worker] The type of operation is invalid
2023-06-26 20:39:52,969 INFO o.s.t.c.s.AnnotationConfigContextLoaderUtils [Test worker] Could not detect default configuration classes for test class [ar.edu.unq.desapp.groupb.cryptop2p.webservice.UserControllerTest]: UserControllerTest does not declare any static, non-private, non-final, nested classes annotated with @Configuration.
2023-06-26 20:39:52,971 INFO o.s.b.t.c.SpringBootTestContextBootstrapper [Test worker] Found @SpringBootConfiguration ar.edu.unq.desapp.groupb.cryptop2p.CryptoP2PApplication for test class ar.edu.unq.desapp.groupb.cryptop2p.webservice.UserControllerTest
2023-06-26 20:39:52,978 INFO o.s.m.w.MockServletContext [Test worker] Initializing Spring TestDispatcherServlet ''
2023-06-26 20:39:52,978 INFO o.s.w.s.FrameworkServlet [Test worker] Initializing Servlet ''
2023-06-26 20:39:52,979 INFO o.s.w.s.FrameworkServlet [Test worker] Completed initialization in 1 ms
2023-06-26 20:39:52,990 ERROR a.e.u.d.g.c.w.h.GlobalExceptionHandler [Test worker] The last name cannot contain special characters or numbers
2023-06-26 20:39:53,000 INFO o.s.m.w.MockServletContext [Test worker] Initializing Spring TestDispatcherServlet ''
2023-06-26 20:39:53,001 INFO o.s.w.s.FrameworkServlet [Test worker] Initializing Servlet ''
2023-06-26 20:39:53,001 INFO o.s.w.s.FrameworkServlet [Test worker] Completed initialization in 0 ms
2023-06-26 20:39:53,005 ERROR a.e.u.d.g.c.w.h.GlobalExceptionHandler [Test worker] The last name cannot contain special characters or numbers
2023-06-26 20:39:53,006 ERROR a.e.u.d.g.c.w.h.GlobalExceptionHandler [Test worker] The last name cannot be blank
2023-06-26 20:39:53,006 ERROR a.e.u.d.g.c.w.h.GlobalExceptionHandler [Test worker] The last name must be between 3 and 30 characters long
2023-06-26 20:39:53,016 INFO o.s.m.w.MockServletContext [Test worker] Initializing Spring TestDispatcherServlet ''
2023-06-26 20:39:53,017 INFO o.s.w.s.FrameworkServlet [Test worker] Initializing Servlet ''
2023-06-26 20:39:53,018 INFO o.s.w.s.FrameworkServlet [Test worker] Completed initialization in 0 ms
2023-06-26 20:39:53,021 ERROR a.e.u.d.g.c.w.h.GlobalExceptionHandler [Test worker] The last name cannot contain special characters or numbers
2023-06-26 20:39:53,028 INFO o.s.m.w.MockServletContext [Test worker] Initializing Spring TestDispatcherServlet ''
2023-06-26 20:39:53,028 INFO o.s.w.s.FrameworkServlet [Test worker] Initializing Servlet ''
2023-06-26 20:39:53,029 INFO o.s.w.s.FrameworkServlet [Test worker] Completed initialization in 1 ms
2023-06-26 20:39:53,032 ERROR a.e.u.d.g.c.w.h.GlobalExceptionHandler [Test worker] The first name must be between 3 and 30 characters long
2023-06-26 20:39:53,033 ERROR a.e.u.d.g.c.w.h.GlobalExceptionHandler [Test worker] The first name cannot contain special characters or numbers
2023-06-26 20:39:53,033 ERROR a.e.u.d.g.c.w.h.GlobalExceptionHandler [Test worker] The first name cannot be blank
2023-06-26 20:39:53,039 INFO o.s.m.w.MockServletContext [Test worker] Initializing Spring TestDispatcherServlet ''
2023-06-26 20:39:53,039 INFO o.s.w.s.FrameworkServlet [Test worker] Initializing Servlet ''
2023-06-26 20:39:53,040 INFO o.s.w.s.FrameworkServlet [Test worker] Completed initialization in 0 ms
2023-06-26 20:39:53,044 ERROR a.e.u.d.g.c.w.h.GlobalExceptionHandler [Test worker] The address must be between 10 and 30 characters long
2023-06-26 20:39:53,044 ERROR a.e.u.d.g.c.w.h.GlobalExceptionHandler [Test worker] The address cannot be blank
2023-06-26 20:39:53,044 ERROR a.e.u.d.g.c.w.h.GlobalExceptionHandler [Test worker] The address cannot contain special characters or numbers
2023-06-26 20:39:53,049 INFO o.s.m.w.MockServletContext [Test worker] Initializing Spring TestDispatcherServlet ''
2023-06-26 20:39:53,050 INFO o.s.w.s.FrameworkServlet [Test worker] Initializing Servlet ''
2023-06-26 20:39:53,051 INFO o.s.w.s.FrameworkServlet [Test worker] Completed initialization in 1 ms
2023-06-26 20:39:53,055 ERROR a.e.u.d.g.c.w.h.GlobalExceptionHandler [Test worker] The last name cannot be blank
2023-06-26 20:39:53,062 INFO o.s.m.w.MockServletContext [Test worker] Initializing Spring TestDispatcherServlet ''
2023-06-26 20:39:53,062 INFO o.s.w.s.FrameworkServlet [Test worker] Initializing Servlet ''
2023-06-26 20:39:53,063 INFO o.s.w.s.FrameworkServlet [Test worker] Completed initialization in 1 ms
2023-06-26 20:39:53,066 ERROR a.e.u.d.g.c.w.h.GlobalExceptionHandler [Test worker] The password must be at least 6 characters long
2023-06-26 20:39:53,066 ERROR a.e.u.d.g.c.w.h.GlobalExceptionHandler [Test worker] The password must have at least one lowercase letter, one uppercase letter and a special character
2023-06-26 20:39:53,073 INFO o.s.m.w.MockServletContext [Test worker] Initializing Spring TestDispatcherServlet ''
2023-06-26 20:39:53,074 INFO o.s.w.s.FrameworkServlet [Test worker] Initializing Servlet ''
2023-06-26 20:39:53,074 INFO o.s.w.s.FrameworkServlet [Test worker] Completed initialization in 0 ms
2023-06-26 20:39:53,078 ERROR a.e.u.d.g.c.w.h.GlobalExceptionHandler [Test worker] The CVU must be 22 digits long
2023-06-26 20:39:53,084 INFO o.s.m.w.MockServletContext [Test worker] Initializing Spring TestDispatcherServlet ''
2023-06-26 20:39:53,085 INFO o.s.w.s.FrameworkServlet [Test worker] Initializing Servlet ''
2023-06-26 20:39:53,086 INFO o.s.w.s.FrameworkServlet [Test worker] Completed initialization in 0 ms
2023-06-26 20:39:53,089 ERROR a.e.u.d.g.c.w.h.GlobalExceptionHandler [Test worker]  The crypto wallet address can only contain numbers
2023-06-26 20:39:53,095 INFO o.s.m.w.MockServletContext [Test worker] Initializing Spring TestDispatcherServlet ''
2023-06-26 20:39:53,095 INFO o.s.w.s.FrameworkServlet [Test worker] Initializing Servlet ''
2023-06-26 20:39:53,096 INFO o.s.w.s.FrameworkServlet [Test worker] Completed initialization in 1 ms
2023-06-26 20:39:53,099 ERROR a.e.u.d.g.c.w.h.GlobalExceptionHandler [Test worker] The address cannot contain special characters or numbers
2023-06-26 20:39:53,105 INFO o.s.m.w.MockServletContext [Test worker] Initializing Spring TestDispatcherServlet ''
2023-06-26 20:39:53,105 INFO o.s.w.s.FrameworkServlet [Test worker] Initializing Servlet ''
2023-06-26 20:39:53,106 INFO o.s.w.s.FrameworkServlet [Test worker] Completed initialization in 0 ms
2023-06-26 20:39:53,110 ERROR a.e.u.d.g.c.w.h.GlobalExceptionHandler [Test worker] The first name must be between 3 and 30 characters long
2023-06-26 20:39:53,115 INFO o.s.m.w.MockServletContext [Test worker] Initializing Spring TestDispatcherServlet ''
2023-06-26 20:39:53,116 INFO o.s.w.s.FrameworkServlet [Test worker] Initializing Servlet ''
2023-06-26 20:39:53,116 INFO o.s.w.s.FrameworkServlet [Test worker] Completed initialization in 0 ms
2023-06-26 20:39:53,120 ERROR a.e.u.d.g.c.w.h.GlobalExceptionHandler [Test worker] The email address is not valid
2023-06-26 20:39:53,126 INFO o.s.m.w.MockServletContext [Test worker] Initializing Spring TestDispatcherServlet ''
2023-06-26 20:39:53,126 INFO o.s.w.s.FrameworkServlet [Test worker] Initializing Servlet ''
2023-06-26 20:39:53,127 INFO o.s.w.s.FrameworkServlet [Test worker] Completed initialization in 1 ms
2023-06-26 20:39:53,131 ERROR a.e.u.d.g.c.w.h.GlobalExceptionHandler [Test worker] The first name must be between 3 and 30 characters long
2023-06-26 20:39:53,138 INFO o.s.m.w.MockServletContext [Test worker] Initializing Spring TestDispatcherServlet ''
2023-06-26 20:39:53,138 INFO o.s.w.s.FrameworkServlet [Test worker] Initializing Servlet ''
2023-06-26 20:39:53,140 INFO o.s.w.s.FrameworkServlet [Test worker] Completed initialization in 1 ms
2023-06-26 20:39:53,143 ERROR a.e.u.d.g.c.w.h.GlobalExceptionHandler [Test worker] The crypto wallet address must be 8 digits long
2023-06-26 20:39:53,149 INFO o.s.m.w.MockServletContext [Test worker] Initializing Spring TestDispatcherServlet ''
2023-06-26 20:39:53,150 INFO o.s.w.s.FrameworkServlet [Test worker] Initializing Servlet ''
2023-06-26 20:39:53,151 INFO o.s.w.s.FrameworkServlet [Test worker] Completed initialization in 1 ms
2023-06-26 20:39:53,154 ERROR a.e.u.d.g.c.w.h.GlobalExceptionHandler [Test worker] The address must be between 10 and 30 characters long
2023-06-26 20:39:53,161 INFO o.s.m.w.MockServletContext [Test worker] Initializing Spring TestDispatcherServlet ''
2023-06-26 20:39:53,161 INFO o.s.w.s.FrameworkServlet [Test worker] Initializing Servlet ''
2023-06-26 20:39:53,162 INFO o.s.w.s.FrameworkServlet [Test worker] Completed initialization in 0 ms
2023-06-26 20:39:53,168 ERROR a.e.u.d.g.c.w.h.GlobalExceptionHandler [Test worker] The address must be between 10 and 30 characters long
2023-06-26 20:39:53,174 INFO o.s.m.w.MockServletContext [Test worker] Initializing Spring TestDispatcherServlet ''
2023-06-26 20:39:53,174 INFO o.s.w.s.FrameworkServlet [Test worker] Initializing Servlet ''
2023-06-26 20:39:53,175 INFO o.s.w.s.FrameworkServlet [Test worker] Completed initialization in 1 ms
2023-06-26 20:39:53,179 ERROR a.e.u.d.g.c.w.h.GlobalExceptionHandler [Test worker] The first name cannot contain special characters or numbers
2023-06-26 20:39:53,185 INFO o.s.m.w.MockServletContext [Test worker] Initializing Spring TestDispatcherServlet ''
2023-06-26 20:39:53,185 INFO o.s.w.s.FrameworkServlet [Test worker] Initializing Servlet ''
2023-06-26 20:39:53,186 INFO o.s.w.s.FrameworkServlet [Test worker] Completed initialization in 1 ms
2023-06-26 20:39:53,189 ERROR a.e.u.d.g.c.w.h.GlobalExceptionHandler [Test worker] The last name must be between 3 and 30 characters long
2023-06-26 20:39:53,196 INFO o.s.m.w.MockServletContext [Test worker] Initializing Spring TestDispatcherServlet ''
2023-06-26 20:39:53,197 INFO o.s.w.s.FrameworkServlet [Test worker] Initializing Servlet ''
2023-06-26 20:39:53,198 INFO o.s.w.s.FrameworkServlet [Test worker] Completed initialization in 1 ms
2023-06-26 20:39:53,201 ERROR a.e.u.d.g.c.w.h.GlobalExceptionHandler [Test worker] The password must have at least one lowercase letter, one uppercase letter and a special character
2023-06-26 20:39:53,207 INFO o.s.m.w.MockServletContext [Test worker] Initializing Spring TestDispatcherServlet ''
2023-06-26 20:39:53,208 INFO o.s.w.s.FrameworkServlet [Test worker] Initializing Servlet ''
2023-06-26 20:39:53,209 INFO o.s.w.s.FrameworkServlet [Test worker] Completed initialization in 1 ms
2023-06-26 20:39:53,211 INFO a.e.u.d.g.c.s.UserService [Test worker] Saving user...
2023-06-26 20:39:53,230 INFO o.s.m.w.MockServletContext [Test worker] Initializing Spring TestDispatcherServlet ''
2023-06-26 20:39:53,230 INFO o.s.w.s.FrameworkServlet [Test worker] Initializing Servlet ''
2023-06-26 20:39:53,231 INFO o.s.w.s.FrameworkServlet [Test worker] Completed initialization in 1 ms
2023-06-26 20:39:53,234 ERROR a.e.u.d.g.c.w.h.GlobalExceptionHandler [Test worker] The CVU can only contain numbers
2023-06-26 20:39:53,241 INFO o.s.m.w.MockServletContext [Test worker] Initializing Spring TestDispatcherServlet ''
2023-06-26 20:39:53,242 INFO o.s.w.s.FrameworkServlet [Test worker] Initializing Servlet ''
2023-06-26 20:39:53,243 INFO o.s.w.s.FrameworkServlet [Test worker] Completed initialization in 1 ms
2023-06-26 20:39:53,246 ERROR a.e.u.d.g.c.w.h.GlobalExceptionHandler [Test worker] The first name cannot be blank
2023-06-26 20:39:53,252 INFO o.s.m.w.MockServletContext [Test worker] Initializing Spring TestDispatcherServlet ''
2023-06-26 20:39:53,252 INFO o.s.w.s.FrameworkServlet [Test worker] Initializing Servlet ''
2023-06-26 20:39:53,253 INFO o.s.w.s.FrameworkServlet [Test worker] Completed initialization in 1 ms
2023-06-26 20:39:53,256 ERROR a.e.u.d.g.c.w.h.GlobalExceptionHandler [Test worker]  The crypto wallet address can only contain numbers
2023-06-26 20:39:53,256 ERROR a.e.u.d.g.c.w.h.GlobalExceptionHandler [Test worker] The crypto wallet address must be 8 digits long
2023-06-26 20:39:53,263 INFO o.s.m.w.MockServletContext [Test worker] Initializing Spring TestDispatcherServlet ''
2023-06-26 20:39:53,263 INFO o.s.w.s.FrameworkServlet [Test worker] Initializing Servlet ''
2023-06-26 20:39:53,264 INFO o.s.w.s.FrameworkServlet [Test worker] Completed initialization in 1 ms
2023-06-26 20:39:53,267 ERROR a.e.u.d.g.c.w.h.GlobalExceptionHandler [Test worker] The crypto wallet address cannot be blank
2023-06-26 20:39:53,273 INFO o.s.m.w.MockServletContext [Test worker] Initializing Spring TestDispatcherServlet ''
2023-06-26 20:39:53,274 INFO o.s.w.s.FrameworkServlet [Test worker] Initializing Servlet ''
2023-06-26 20:39:53,275 INFO o.s.w.s.FrameworkServlet [Test worker] Completed initialization in 1 ms
2023-06-26 20:39:53,279 ERROR a.e.u.d.g.c.w.h.GlobalExceptionHandler [Test worker] The password must have at least one lowercase letter, one uppercase letter and a special character
2023-06-26 20:39:53,285 INFO o.s.m.w.MockServletContext [Test worker] Initializing Spring TestDispatcherServlet ''
2023-06-26 20:39:53,285 INFO o.s.w.s.FrameworkServlet [Test worker] Initializing Servlet ''
2023-06-26 20:39:53,286 INFO o.s.w.s.FrameworkServlet [Test worker] Completed initialization in 1 ms
2023-06-26 20:39:53,289 ERROR a.e.u.d.g.c.w.h.GlobalExceptionHandler [Test worker] The password cannot be blank
2023-06-26 20:39:53,289 ERROR a.e.u.d.g.c.w.h.GlobalExceptionHandler [Test worker] The password must have at least one lowercase letter, one uppercase letter and a special character
2023-06-26 20:39:53,289 ERROR a.e.u.d.g.c.w.h.GlobalExceptionHandler [Test worker] The password must be at least 6 characters long
2023-06-26 20:39:53,297 INFO o.s.m.w.MockServletContext [Test worker] Initializing Spring TestDispatcherServlet ''
2023-06-26 20:39:53,298 INFO o.s.w.s.FrameworkServlet [Test worker] Initializing Servlet ''
2023-06-26 20:39:53,299 INFO o.s.w.s.FrameworkServlet [Test worker] Completed initialization in 1 ms
2023-06-26 20:39:53,302 ERROR a.e.u.d.g.c.w.h.GlobalExceptionHandler [Test worker] The email address cannot be blank
2023-06-26 20:39:53,308 INFO o.s.m.w.MockServletContext [Test worker] Initializing Spring TestDispatcherServlet ''
2023-06-26 20:39:53,308 INFO o.s.w.s.FrameworkServlet [Test worker] Initializing Servlet ''
2023-06-26 20:39:53,309 INFO o.s.w.s.FrameworkServlet [Test worker] Completed initialization in 1 ms
2023-06-26 20:39:53,312 ERROR a.e.u.d.g.c.w.h.GlobalExceptionHandler [Test worker] The address cannot be blank
2023-06-26 20:39:53,317 INFO o.s.m.w.MockServletContext [Test worker] Initializing Spring TestDispatcherServlet ''
2023-06-26 20:39:53,318 INFO o.s.w.s.FrameworkServlet [Test worker] Initializing Servlet ''
2023-06-26 20:39:53,319 INFO o.s.w.s.FrameworkServlet [Test worker] Completed initialization in 1 ms
2023-06-26 20:39:53,323 ERROR a.e.u.d.g.c.w.h.GlobalExceptionHandler [Test worker] The CVU must be 22 digits long
2023-06-26 20:39:53,323 ERROR a.e.u.d.g.c.w.h.GlobalExceptionHandler [Test worker] The CVU cannot be blank
2023-06-26 20:39:53,324 ERROR a.e.u.d.g.c.w.h.GlobalExceptionHandler [Test worker] The CVU can only contain numbers
2023-06-26 20:39:53,330 INFO o.s.m.w.MockServletContext [Test worker] Initializing Spring TestDispatcherServlet ''
2023-06-26 20:39:53,330 INFO o.s.w.s.FrameworkServlet [Test worker] Initializing Servlet ''
2023-06-26 20:39:53,331 INFO o.s.w.s.FrameworkServlet [Test worker] Completed initialization in 0 ms
2023-06-26 20:39:53,335 ERROR a.e.u.d.g.c.w.h.GlobalExceptionHandler [Test worker] The password cannot be blank
2023-06-26 20:39:53,344 INFO o.s.m.w.MockServletContext [Test worker] Initializing Spring TestDispatcherServlet ''
2023-06-26 20:39:53,344 INFO o.s.w.s.FrameworkServlet [Test worker] Initializing Servlet ''
2023-06-26 20:39:53,345 INFO o.s.w.s.FrameworkServlet [Test worker] Completed initialization in 0 ms
2023-06-26 20:39:53,348 ERROR a.e.u.d.g.c.w.h.GlobalExceptionHandler [Test worker] The crypto wallet address must be 8 digits long
2023-06-26 20:39:53,355 INFO o.s.m.w.MockServletContext [Test worker] Initializing Spring TestDispatcherServlet ''
2023-06-26 20:39:53,355 INFO o.s.w.s.FrameworkServlet [Test worker] Initializing Servlet ''
2023-06-26 20:39:53,356 INFO o.s.w.s.FrameworkServlet [Test worker] Completed initialization in 1 ms
2023-06-26 20:39:53,360 ERROR a.e.u.d.g.c.w.h.GlobalExceptionHandler [Test worker] The email address cannot be blank
2023-06-26 20:39:53,365 INFO o.s.m.w.MockServletContext [Test worker] Initializing Spring TestDispatcherServlet ''
2023-06-26 20:39:53,366 INFO o.s.w.s.FrameworkServlet [Test worker] Initializing Servlet ''
2023-06-26 20:39:53,367 INFO o.s.w.s.FrameworkServlet [Test worker] Completed initialization in 1 ms
2023-06-26 20:39:53,370 ERROR a.e.u.d.g.c.w.h.GlobalExceptionHandler [Test worker] The CVU must be 22 digits long
2023-06-26 20:39:53,377 INFO o.s.m.w.MockServletContext [Test worker] Initializing Spring TestDispatcherServlet ''
2023-06-26 20:39:53,377 INFO o.s.w.s.FrameworkServlet [Test worker] Initializing Servlet ''
2023-06-26 20:39:53,378 INFO o.s.w.s.FrameworkServlet [Test worker] Completed initialization in 1 ms
2023-06-26 20:39:53,381 ERROR a.e.u.d.g.c.w.h.GlobalExceptionHandler [Test worker] The first name cannot contain special characters or numbers
2023-06-26 20:39:53,386 INFO o.s.m.w.MockServletContext [Test worker] Initializing Spring TestDispatcherServlet ''
2023-06-26 20:39:53,387 INFO o.s.w.s.FrameworkServlet [Test worker] Initializing Servlet ''
2023-06-26 20:39:53,388 INFO o.s.w.s.FrameworkServlet [Test worker] Completed initialization in 1 ms
2023-06-26 20:39:53,391 ERROR a.e.u.d.g.c.w.h.GlobalExceptionHandler [Test worker] The last name must be between 3 and 30 characters long
2023-06-26 20:39:53,396 INFO o.s.m.w.MockServletContext [Test worker] Initializing Spring TestDispatcherServlet ''
2023-06-26 20:39:53,397 INFO o.s.w.s.FrameworkServlet [Test worker] Initializing Servlet ''
2023-06-26 20:39:53,398 INFO o.s.w.s.FrameworkServlet [Test worker] Completed initialization in 1 ms
2023-06-26 20:39:53,401 ERROR a.e.u.d.g.c.w.h.GlobalExceptionHandler [Test worker] The CVU cannot be blank
2023-06-26 20:39:53,408 INFO o.s.m.w.MockServletContext [Test worker] Initializing Spring TestDispatcherServlet ''
2023-06-26 20:39:53,408 INFO o.s.w.s.FrameworkServlet [Test worker] Initializing Servlet ''
2023-06-26 20:39:53,409 INFO o.s.w.s.FrameworkServlet [Test worker] Completed initialization in 1 ms
2023-06-26 20:39:53,412 ERROR a.e.u.d.g.c.w.h.GlobalExceptionHandler [Test worker] The password must have at least one lowercase letter, one uppercase letter and a special character
2023-06-26 20:39:53,428 INFO o.s.o.j.AbstractEntityManagerFactoryBean [SpringApplicationShutdownHook] Closing JPA EntityManagerFactory for persistence unit 'default'
2023-06-26 20:39:53,686 INFO o.h.t.s.i.SchemaDropperImpl$DelayedDropActionImpl [SpringApplicationShutdownHook] HHH000477: Starting delayed evictData of schema as part of SessionFactory shut-down'
2023-06-26 20:39:53,693 INFO c.z.h.HikariDataSource [SpringApplicationShutdownHook] HikariPool-1 - Shutdown initiated...
2023-06-26 20:39:53,695 INFO c.z.h.HikariDataSource [SpringApplicationShutdownHook] HikariPool-1 - Shutdown completed.
2023-06-26 20:39:53,699 INFO o.s.o.j.AbstractEntityManagerFactoryBean [SpringApplicationShutdownHook] Closing JPA EntityManagerFactory for persistence unit 'default'
2023-06-26 20:39:53,700 INFO o.h.t.s.i.SchemaDropperImpl$DelayedDropActionImpl [SpringApplicationShutdownHook] HHH000477: Starting delayed evictData of schema as part of SessionFactory shut-down'
2023-06-26 20:39:53,704 INFO c.z.h.HikariDataSource [SpringApplicationShutdownHook] HikariPool-2 - Shutdown initiated...
2023-06-26 20:39:53,704 INFO c.z.h.HikariDataSource [SpringApplicationShutdownHook] HikariPool-2 - Shutdown completed.
2023-06-26 20:39:53,706 INFO o.s.o.j.AbstractEntityManagerFactoryBean [SpringApplicationShutdownHook] Closing JPA EntityManagerFactory for persistence unit 'default'
2023-06-26 20:39:53,707 INFO o.h.t.s.i.SchemaDropperImpl$DelayedDropActionImpl [SpringApplicationShutdownHook] HHH000477: Starting delayed evictData of schema as part of SessionFactory shut-down'
2023-06-26 20:39:53,712 INFO c.z.h.HikariDataSource [SpringApplicationShutdownHook] HikariPool-3 - Shutdown initiated...
2023-06-26 20:39:53,713 INFO c.z.h.HikariDataSource [SpringApplicationShutdownHook] HikariPool-3 - Shutdown completed.
2023-06-26 20:39:53,715 INFO o.s.o.j.AbstractEntityManagerFactoryBean [SpringApplicationShutdownHook] Closing JPA EntityManagerFactory for persistence unit 'default'
2023-06-26 20:39:53,715 INFO o.h.t.s.i.SchemaDropperImpl$DelayedDropActionImpl [SpringApplicationShutdownHook] HHH000477: Starting delayed evictData of schema as part of SessionFactory shut-down'
2023-06-26 20:39:53,719 INFO c.z.h.HikariDataSource [SpringApplicationShutdownHook] HikariPool-4 - Shutdown initiated...
2023-06-26 20:39:53,720 INFO c.z.h.HikariDataSource [SpringApplicationShutdownHook] HikariPool-4 - Shutdown completed.
2023-06-26 20:40:43,493 INFO o.h.v.i.u.Version [background-preinit] HV000001: Hibernate Validator 8.0.0.Final
2023-06-26 20:40:43,529 INFO o.s.b.StartupInfoLogger [restartedMain] Starting CryptoP2PApplicationKt using Java 17.0.6 with PID 10800 (D:\Escritorio\Nueva carpeta\final\unq-dda-api\build\classes\kotlin\main started by Pc in D:\Escritorio\Nueva carpeta\final\unq-dda-api)
2023-06-26 20:40:43,530 INFO o.s.b.SpringApplication [restartedMain] No active profile set, falling back to 1 default profile: "default"
2023-06-26 20:40:43,576 INFO o.s.b.l.DeferredLog [restartedMain] Devtools property defaults active! Set 'spring.devtools.add-properties' to 'false' to disable
2023-06-26 20:40:43,577 INFO o.s.b.l.DeferredLog [restartedMain] For additional web related logging consider setting the 'logging.level.web' property to 'DEBUG'
2023-06-26 20:40:44,519 INFO o.s.d.r.c.RepositoryConfigurationDelegate [restartedMain] Bootstrapping Spring Data JPA repositories in DEFAULT mode.
2023-06-26 20:40:44,590 INFO o.s.d.r.c.RepositoryConfigurationDelegate [restartedMain] Finished Spring Data repository scanning in 63 ms. Found 6 JPA repository interfaces.
2023-06-26 20:40:45,162 INFO o.s.b.w.e.t.TomcatWebServer [restartedMain] Tomcat initialized with port(s): 8080 (http)
2023-06-26 20:40:45,171 INFO o.a.j.l.DirectJDKLog [restartedMain] Initializing ProtocolHandler ["http-nio-0.0.0.0-8080"]
2023-06-26 20:40:45,172 INFO o.a.j.l.DirectJDKLog [restartedMain] Starting service [Tomcat]
2023-06-26 20:40:45,173 INFO o.a.j.l.DirectJDKLog [restartedMain] Starting Servlet engine: [Apache Tomcat/10.1.5]
2023-06-26 20:40:45,236 INFO o.a.j.l.DirectJDKLog [restartedMain] Initializing Spring embedded WebApplicationContext
2023-06-26 20:40:45,237 INFO o.s.b.w.s.c.ServletWebServerApplicationContext [restartedMain] Root WebApplicationContext: initialization completed in 1660 ms
2023-06-26 20:40:45,263 INFO c.z.h.HikariDataSource [restartedMain] HikariPool-1 - Starting...
2023-06-26 20:40:45,446 INFO c.z.h.p.HikariPool [restartedMain] HikariPool-1 - Added connection conn0: url=jdbc:h2:mem:test user=SA
2023-06-26 20:40:45,454 INFO c.z.h.HikariDataSource [restartedMain] HikariPool-1 - Start completed.
2023-06-26 20:40:45,465 INFO o.s.b.a.h.H2ConsoleAutoConfiguration [restartedMain] H2 console available at '/h2-console'. Database available at 'jdbc:h2:mem:test'
2023-06-26 20:40:45,558 INFO o.h.j.i.u.LogHelper [restartedMain] HHH000204: Processing PersistenceUnitInfo [name: default]
2023-06-26 20:40:45,608 INFO o.h.Version [restartedMain] HHH000412: Hibernate ORM core version 6.1.7.Final
2023-06-26 20:40:45,892 INFO o.h.e.j.d.i.DialectFactoryImpl [restartedMain] HHH000400: Using dialect: org.hibernate.dialect.H2Dialect
2023-06-26 20:40:46,619 INFO o.h.e.t.j.p.i.JtaPlatformInitiator [restartedMain] HHH000490: Using JtaPlatform implementation: [org.hibernate.engine.transaction.jta.platform.internal.NoJtaPlatform]
2023-06-26 20:40:46,628 INFO o.s.o.j.AbstractEntityManagerFactoryBean [restartedMain] Initialized JPA EntityManagerFactory for persistence unit 'default'
2023-06-26 20:40:47,679 WARN o.s.b.a.o.j.JpaBaseConfiguration$JpaWebConfiguration [restartedMain] spring.jpa.open-in-view is enabled by default. Therefore, database queries may be performed during view rendering. Explicitly configure spring.jpa.open-in-view to disable this warning
2023-06-26 20:40:48,213 INFO o.s.s.w.DefaultSecurityFilterChain [restartedMain] Will secure any request with [org.springframework.security.web.session.DisableEncodeUrlFilter@2944db2f, org.springframework.security.web.context.request.async.WebAsyncManagerIntegrationFilter@40b9af8d, org.springframework.security.web.context.SecurityContextHolderFilter@60fcb817, org.springframework.security.web.header.HeaderWriterFilter@48ab4c6e, org.springframework.web.filter.CorsFilter@3dea241e, org.springframework.security.web.authentication.logout.LogoutFilter@41a8e1f5, ar.edu.unq.desapp.groupb.cryptop2p.security.JwtAuthenticationFilter@6bea6de9, org.springframework.security.web.authentication.www.BasicAuthenticationFilter@157f9d6f, org.springframework.security.web.savedrequest.RequestCacheAwareFilter@3b16647f, org.springframework.security.web.servletapi.SecurityContextHolderAwareRequestFilter@1a300bc9, org.springframework.security.web.authentication.AnonymousAuthenticationFilter@49d2fd2c, org.springframework.security.web.session.SessionManagementFilter@7fc91759, org.springframework.security.web.access.ExceptionTranslationFilter@5a159d10, org.springframework.security.web.access.intercept.AuthorizationFilter@637248b9]
2023-06-26 20:40:48,217 WARN o.s.s.c.a.w.b.WebSecurity [restartedMain] You are asking Spring Security to ignore Ant [pattern='/h2-console/**']. This is not recommended -- please use permitAll via HttpSecurity#authorizeHttpRequests instead.
2023-06-26 20:40:48,218 INFO o.s.s.w.DefaultSecurityFilterChain [restartedMain] Will not secure Ant [pattern='/h2-console/**']
2023-06-26 20:40:48,459 INFO o.s.b.d.a.OptionalLiveReloadServer [restartedMain] LiveReload server is running on port 35729
2023-06-26 20:40:48,480 INFO o.a.j.l.DirectJDKLog [restartedMain] Starting ProtocolHandler ["http-nio-0.0.0.0-8080"]
2023-06-26 20:40:48,503 INFO o.s.b.w.e.t.TomcatWebServer [restartedMain] Tomcat started on port(s): 8080 (http) with context path ''
2023-06-26 20:40:48,517 INFO o.s.b.StartupInfoLogger [restartedMain] Started CryptoP2PApplicationKt in 5.431 seconds (process running for 6.036)
2023-06-26 20:40:48,562 INFO a.e.u.d.g.c.s.UserService [restartedMain] Saving user...
2023-06-26 20:40:48,606 ERROR o.s.s.s.TaskUtils$LoggingErrorHandler [scheduling-1] Unexpected error occurred in scheduled task
ar.edu.unq.desapp.groupb.cryptop2p.model.ModelException: The asset does not belong to the system
	at ar.edu.unq.desapp.groupb.cryptop2p.service.AssetService.quotesEvery10Minutes$lambda$1$lambda$0(AssetService.kt:53)
	at java.base/java.util.Optional.orElseThrow(Optional.java:403)
	at ar.edu.unq.desapp.groupb.cryptop2p.service.AssetService.quotesEvery10Minutes(AssetService.kt:53)
	at java.base/jdk.internal.reflect.NativeMethodAccessorImpl.invoke0(Native Method)
	at java.base/jdk.internal.reflect.NativeMethodAccessorImpl.invoke(NativeMethodAccessorImpl.java:77)
	at java.base/jdk.internal.reflect.DelegatingMethodAccessorImpl.invoke(DelegatingMethodAccessorImpl.java:43)
	at java.base/java.lang.reflect.Method.invoke(Method.java:568)
	at org.springframework.aop.support.AopUtils.invokeJoinpointUsingReflection(AopUtils.java:343)
	at org.springframework.aop.framework.ReflectiveMethodInvocation.invokeJoinpoint(ReflectiveMethodInvocation.java:196)
	at org.springframework.aop.framework.ReflectiveMethodInvocation.proceed(ReflectiveMethodInvocation.java:163)
	at org.springframework.aop.framework.CglibAopProxy$CglibMethodInvocation.proceed(CglibAopProxy.java:750)
	at org.springframework.transaction.interceptor.TransactionInterceptor$1.proceedWithInvocation(TransactionInterceptor.java:123)
	at org.springframework.transaction.interceptor.TransactionAspectSupport.invokeWithinTransaction(TransactionAspectSupport.java:390)
	at org.springframework.transaction.interceptor.TransactionInterceptor.invoke(TransactionInterceptor.java:119)
	at org.springframework.aop.framework.ReflectiveMethodInvocation.proceed(ReflectiveMethodInvocation.java:184)
	at org.springframework.aop.framework.CglibAopProxy$CglibMethodInvocation.proceed(CglibAopProxy.java:750)
	at org.springframework.aop.framework.CglibAopProxy$DynamicAdvisedInterceptor.intercept(CglibAopProxy.java:702)
	at ar.edu.unq.desapp.groupb.cryptop2p.service.AssetService$$SpringCGLIB$$0.quotesEvery10Minutes(<generated>)
	at java.base/jdk.internal.reflect.NativeMethodAccessorImpl.invoke0(Native Method)
	at java.base/jdk.internal.reflect.NativeMethodAccessorImpl.invoke(NativeMethodAccessorImpl.java:77)
	at java.base/jdk.internal.reflect.DelegatingMethodAccessorImpl.invoke(DelegatingMethodAccessorImpl.java:43)
	at java.base/java.lang.reflect.Method.invoke(Method.java:568)
	at org.springframework.scheduling.support.ScheduledMethodRunnable.run(ScheduledMethodRunnable.java:84)
	at org.springframework.scheduling.support.DelegatingErrorHandlingRunnable.run(DelegatingErrorHandlingRunnable.java:54)
	at java.base/java.util.concurrent.Executors$RunnableAdapter.call(Executors.java:539)
	at java.base/java.util.concurrent.FutureTask.runAndReset(FutureTask.java:305)
	at java.base/java.util.concurrent.ScheduledThreadPoolExecutor$ScheduledFutureTask.run(ScheduledThreadPoolExecutor.java:305)
	at java.base/java.util.concurrent.ThreadPoolExecutor.runWorker(ThreadPoolExecutor.java:1136)
	at java.base/java.util.concurrent.ThreadPoolExecutor$Worker.run(ThreadPoolExecutor.java:635)
	at java.base/java.lang.Thread.run(Thread.java:833)
2023-06-26 20:40:48,647 INFO a.e.u.d.g.c.s.UserService [restartedMain] Saving user...
2023-06-26 20:40:48,652 INFO a.e.u.d.g.c.s.UserService [restartedMain] Saving user...
2023-06-26 20:40:48,656 INFO a.e.u.d.g.c.s.UserService [restartedMain] Saving user...
2023-06-26 20:40:48,661 INFO a.e.u.d.g.c.s.UserService [restartedMain] Saving user...
2023-06-26 20:40:48,666 INFO a.e.u.d.g.c.s.UserService [restartedMain] Saving user...
2023-06-26 20:40:48,672 INFO a.e.u.d.g.c.s.UserService [restartedMain] Saving user...
2023-06-26 20:40:48,678 INFO a.e.u.d.g.c.s.UserService [restartedMain] Saving user...
2023-06-26 20:40:48,682 INFO a.e.u.d.g.c.s.AssetService [restartedMain] Saving Assets...
2023-06-26 20:40:48,685 INFO a.e.u.d.g.c.s.ExchangeService [restartedMain] Get Crypto Asset Price...
2023-06-26 20:40:49,420 INFO a.e.u.d.g.c.s.AssetService [restartedMain] Saving Assets...
2023-06-26 20:40:49,422 INFO a.e.u.d.g.c.s.ExchangeService [restartedMain] Get Crypto Asset Price...
2023-06-26 20:40:49,751 INFO a.e.u.d.g.c.s.AssetService [restartedMain] Saving Assets...
2023-06-26 20:40:49,753 INFO a.e.u.d.g.c.s.ExchangeService [restartedMain] Get Crypto Asset Price...
2023-06-26 20:40:50,080 INFO a.e.u.d.g.c.s.AssetService [restartedMain] Saving Assets...
2023-06-26 20:40:50,081 INFO a.e.u.d.g.c.s.ExchangeService [restartedMain] Get Crypto Asset Price...
2023-06-26 20:40:50,415 INFO a.e.u.d.g.c.s.AssetService [restartedMain] Saving Assets...
2023-06-26 20:40:50,416 INFO a.e.u.d.g.c.s.ExchangeService [restartedMain] Get Crypto Asset Price...
2023-06-26 20:40:50,744 INFO a.e.u.d.g.c.s.AssetService [restartedMain] Saving Assets...
2023-06-26 20:40:50,745 INFO a.e.u.d.g.c.s.ExchangeService [restartedMain] Get Crypto Asset Price...
2023-06-26 20:40:51,079 INFO a.e.u.d.g.c.s.AssetService [restartedMain] Saving Assets...
2023-06-26 20:40:51,082 INFO a.e.u.d.g.c.s.ExchangeService [restartedMain] Get Crypto Asset Price...
2023-06-26 20:40:51,416 INFO a.e.u.d.g.c.s.AssetService [restartedMain] Saving Assets...
2023-06-26 20:40:51,417 INFO a.e.u.d.g.c.s.ExchangeService [restartedMain] Get Crypto Asset Price...
2023-06-26 20:40:51,746 INFO a.e.u.d.g.c.s.AssetService [restartedMain] Saving Assets...
2023-06-26 20:40:51,748 INFO a.e.u.d.g.c.s.ExchangeService [restartedMain] Get Crypto Asset Price...
2023-06-26 20:40:52,688 INFO a.e.u.d.g.c.s.AssetService [restartedMain] Saving Assets...
2023-06-26 20:40:52,689 INFO a.e.u.d.g.c.s.ExchangeService [restartedMain] Get Crypto Asset Price...
2023-06-26 20:40:53,628 INFO a.e.u.d.g.c.s.AssetService [restartedMain] Saving Assets...
2023-06-26 20:40:53,629 INFO a.e.u.d.g.c.s.ExchangeService [restartedMain] Get Crypto Asset Price...
2023-06-26 20:40:54,572 INFO a.e.u.d.g.c.s.AssetService [restartedMain] Saving Assets...
2023-06-26 20:40:54,574 INFO a.e.u.d.g.c.s.ExchangeService [restartedMain] Get Crypto Asset Price...
2023-06-26 20:40:55,512 INFO a.e.u.d.g.c.s.AssetService [restartedMain] Saving Assets...
2023-06-26 20:40:55,515 INFO a.e.u.d.g.c.s.ExchangeService [restartedMain] Get Crypto Asset Price...
2023-06-26 20:40:56,453 INFO a.e.u.d.g.c.s.AssetService [restartedMain] Saving Assets...
2023-06-26 20:40:56,455 INFO a.e.u.d.g.c.s.ExchangeService [restartedMain] Get Crypto Asset Price...
2023-06-26 20:41:02,312 INFO o.s.o.j.AbstractEntityManagerFactoryBean [SpringApplicationShutdownHook] Closing JPA EntityManagerFactory for persistence unit 'default'
2023-06-26 20:41:02,313 INFO o.h.t.s.i.SchemaDropperImpl$DelayedDropActionImpl [SpringApplicationShutdownHook] HHH000477: Starting delayed evictData of schema as part of SessionFactory shut-down'
2023-06-26 20:41:02,698 WARN o.s.b.f.s.DisposableBeanAdapter [SpringApplicationShutdownHook] Invocation of destroy method failed on bean with name 'inMemoryDatabaseShutdownExecutor': org.h2.jdbc.JdbcSQLNonTransientConnectionException: La base de datos ya esta cerrada (para des-habilitar el cerrado automatico durante el shutdown de la VM, agregue ";DB_CLOSE_ON_EXIT=FALSE" a la URL de conexin)
Database is already closed (to disable automatic closing at VM shutdown, add ";DB_CLOSE_ON_EXIT=FALSE" to the db URL) [90121-214]
2023-06-26 20:41:02,699 INFO c.z.h.HikariDataSource [SpringApplicationShutdownHook] HikariPool-1 - Shutdown initiated...
2023-06-26 20:41:02,843 INFO c.z.h.HikariDataSource [SpringApplicationShutdownHook] HikariPool-1 - Shutdown completed.
2023-06-26 20:43:58,216 INFO o.h.v.i.u.Version [background-preinit] HV000001: Hibernate Validator 8.0.0.Final
2023-06-26 20:43:58,264 INFO o.s.b.StartupInfoLogger [restartedMain] Starting CryptoP2PApplicationKt using Java 17.0.6 with PID 16780 (D:\Escritorio\Nueva carpeta\final\unq-dda-api\build\classes\kotlin\main started by Pc in D:\Escritorio\Nueva carpeta\final\unq-dda-api)
2023-06-26 20:43:58,265 INFO o.s.b.SpringApplication [restartedMain] No active profile set, falling back to 1 default profile: "default"
2023-06-26 20:43:58,322 INFO o.s.b.l.DeferredLog [restartedMain] Devtools property defaults active! Set 'spring.devtools.add-properties' to 'false' to disable
2023-06-26 20:43:58,322 INFO o.s.b.l.DeferredLog [restartedMain] For additional web related logging consider setting the 'logging.level.web' property to 'DEBUG'
2023-06-26 20:43:59,293 INFO o.s.d.r.c.RepositoryConfigurationDelegate [restartedMain] Bootstrapping Spring Data JPA repositories in DEFAULT mode.
2023-06-26 20:43:59,368 INFO o.s.d.r.c.RepositoryConfigurationDelegate [restartedMain] Finished Spring Data repository scanning in 65 ms. Found 6 JPA repository interfaces.
2023-06-26 20:43:59,966 INFO o.s.b.w.e.t.TomcatWebServer [restartedMain] Tomcat initialized with port(s): 8080 (http)
2023-06-26 20:43:59,976 INFO o.a.j.l.DirectJDKLog [restartedMain] Initializing ProtocolHandler ["http-nio-0.0.0.0-8080"]
2023-06-26 20:43:59,976 INFO o.a.j.l.DirectJDKLog [restartedMain] Starting service [Tomcat]
2023-06-26 20:43:59,977 INFO o.a.j.l.DirectJDKLog [restartedMain] Starting Servlet engine: [Apache Tomcat/10.1.5]
2023-06-26 20:44:00,047 INFO o.a.j.l.DirectJDKLog [restartedMain] Initializing Spring embedded WebApplicationContext
2023-06-26 20:44:00,047 INFO o.s.b.w.s.c.ServletWebServerApplicationContext [restartedMain] Root WebApplicationContext: initialization completed in 1724 ms
2023-06-26 20:44:00,074 INFO c.z.h.HikariDataSource [restartedMain] HikariPool-1 - Starting...
2023-06-26 20:44:00,256 INFO c.z.h.p.HikariPool [restartedMain] HikariPool-1 - Added connection conn0: url=jdbc:h2:mem:test user=SA
2023-06-26 20:44:00,264 INFO c.z.h.HikariDataSource [restartedMain] HikariPool-1 - Start completed.
2023-06-26 20:44:00,275 INFO o.s.b.a.h.H2ConsoleAutoConfiguration [restartedMain] H2 console available at '/h2-console'. Database available at 'jdbc:h2:mem:test'
2023-06-26 20:44:00,364 INFO o.h.j.i.u.LogHelper [restartedMain] HHH000204: Processing PersistenceUnitInfo [name: default]
2023-06-26 20:44:00,411 INFO o.h.Version [restartedMain] HHH000412: Hibernate ORM core version 6.1.7.Final
2023-06-26 20:44:00,692 INFO o.h.e.j.d.i.DialectFactoryImpl [restartedMain] HHH000400: Using dialect: org.hibernate.dialect.H2Dialect
2023-06-26 20:44:01,429 INFO o.h.e.t.j.p.i.JtaPlatformInitiator [restartedMain] HHH000490: Using JtaPlatform implementation: [org.hibernate.engine.transaction.jta.platform.internal.NoJtaPlatform]
2023-06-26 20:44:01,438 INFO o.s.o.j.AbstractEntityManagerFactoryBean [restartedMain] Initialized JPA EntityManagerFactory for persistence unit 'default'
2023-06-26 20:44:02,487 WARN o.s.b.a.o.j.JpaBaseConfiguration$JpaWebConfiguration [restartedMain] spring.jpa.open-in-view is enabled by default. Therefore, database queries may be performed during view rendering. Explicitly configure spring.jpa.open-in-view to disable this warning
2023-06-26 20:44:03,029 INFO o.s.s.w.DefaultSecurityFilterChain [restartedMain] Will secure any request with [org.springframework.security.web.session.DisableEncodeUrlFilter@43c1fd3a, org.springframework.security.web.context.request.async.WebAsyncManagerIntegrationFilter@31e8311f, org.springframework.security.web.context.SecurityContextHolderFilter@64c0674, org.springframework.security.web.header.HeaderWriterFilter@40f7839c, org.springframework.web.filter.CorsFilter@3359f4a3, org.springframework.security.web.authentication.logout.LogoutFilter@3cd1d0ab, ar.edu.unq.desapp.groupb.cryptop2p.security.JwtAuthenticationFilter@50b462f5, org.springframework.security.web.authentication.www.BasicAuthenticationFilter@5e258fc2, org.springframework.security.web.savedrequest.RequestCacheAwareFilter@54f1debf, org.springframework.security.web.servletapi.SecurityContextHolderAwareRequestFilter@26265a30, org.springframework.security.web.authentication.AnonymousAuthenticationFilter@3a5d71de, org.springframework.security.web.session.SessionManagementFilter@650cb20c, org.springframework.security.web.access.ExceptionTranslationFilter@2fc1e9c5, org.springframework.security.web.access.intercept.AuthorizationFilter@51d30c4f]
2023-06-26 20:44:03,040 WARN o.s.s.c.a.w.b.WebSecurity [restartedMain] You are asking Spring Security to ignore Ant [pattern='/h2-console/**']. This is not recommended -- please use permitAll via HttpSecurity#authorizeHttpRequests instead.
2023-06-26 20:44:03,041 INFO o.s.s.w.DefaultSecurityFilterChain [restartedMain] Will not secure Ant [pattern='/h2-console/**']
2023-06-26 20:44:03,290 INFO o.s.b.d.a.OptionalLiveReloadServer [restartedMain] LiveReload server is running on port 35729
2023-06-26 20:44:03,311 INFO o.a.j.l.DirectJDKLog [restartedMain] Starting ProtocolHandler ["http-nio-0.0.0.0-8080"]
2023-06-26 20:44:03,334 INFO o.s.b.w.e.t.TomcatWebServer [restartedMain] Tomcat started on port(s): 8080 (http) with context path ''
2023-06-26 20:44:03,348 INFO o.s.b.StartupInfoLogger [restartedMain] Started CryptoP2PApplicationKt in 5.542 seconds (process running for 6.161)
2023-06-26 20:44:03,393 INFO a.e.u.d.g.c.s.UserService [restartedMain] Saving user...
2023-06-26 20:44:03,436 ERROR o.s.s.s.TaskUtils$LoggingErrorHandler [scheduling-1] Unexpected error occurred in scheduled task
ar.edu.unq.desapp.groupb.cryptop2p.model.ModelException: The asset does not belong to the system
	at ar.edu.unq.desapp.groupb.cryptop2p.service.AssetService.quotesEvery10Minutes$lambda$1$lambda$0(AssetService.kt:53)
	at java.base/java.util.Optional.orElseThrow(Optional.java:403)
	at ar.edu.unq.desapp.groupb.cryptop2p.service.AssetService.quotesEvery10Minutes(AssetService.kt:53)
	at java.base/jdk.internal.reflect.NativeMethodAccessorImpl.invoke0(Native Method)
	at java.base/jdk.internal.reflect.NativeMethodAccessorImpl.invoke(NativeMethodAccessorImpl.java:77)
	at java.base/jdk.internal.reflect.DelegatingMethodAccessorImpl.invoke(DelegatingMethodAccessorImpl.java:43)
	at java.base/java.lang.reflect.Method.invoke(Method.java:568)
	at org.springframework.aop.support.AopUtils.invokeJoinpointUsingReflection(AopUtils.java:343)
	at org.springframework.aop.framework.ReflectiveMethodInvocation.invokeJoinpoint(ReflectiveMethodInvocation.java:196)
	at org.springframework.aop.framework.ReflectiveMethodInvocation.proceed(ReflectiveMethodInvocation.java:163)
	at org.springframework.aop.framework.CglibAopProxy$CglibMethodInvocation.proceed(CglibAopProxy.java:750)
	at org.springframework.transaction.interceptor.TransactionInterceptor$1.proceedWithInvocation(TransactionInterceptor.java:123)
	at org.springframework.transaction.interceptor.TransactionAspectSupport.invokeWithinTransaction(TransactionAspectSupport.java:390)
	at org.springframework.transaction.interceptor.TransactionInterceptor.invoke(TransactionInterceptor.java:119)
	at org.springframework.aop.framework.ReflectiveMethodInvocation.proceed(ReflectiveMethodInvocation.java:184)
	at org.springframework.aop.framework.CglibAopProxy$CglibMethodInvocation.proceed(CglibAopProxy.java:750)
	at org.springframework.aop.framework.CglibAopProxy$DynamicAdvisedInterceptor.intercept(CglibAopProxy.java:702)
	at ar.edu.unq.desapp.groupb.cryptop2p.service.AssetService$$SpringCGLIB$$0.quotesEvery10Minutes(<generated>)
	at java.base/jdk.internal.reflect.NativeMethodAccessorImpl.invoke0(Native Method)
	at java.base/jdk.internal.reflect.NativeMethodAccessorImpl.invoke(NativeMethodAccessorImpl.java:77)
	at java.base/jdk.internal.reflect.DelegatingMethodAccessorImpl.invoke(DelegatingMethodAccessorImpl.java:43)
	at java.base/java.lang.reflect.Method.invoke(Method.java:568)
	at org.springframework.scheduling.support.ScheduledMethodRunnable.run(ScheduledMethodRunnable.java:84)
	at org.springframework.scheduling.support.DelegatingErrorHandlingRunnable.run(DelegatingErrorHandlingRunnable.java:54)
	at java.base/java.util.concurrent.Executors$RunnableAdapter.call(Executors.java:539)
	at java.base/java.util.concurrent.FutureTask.runAndReset(FutureTask.java:305)
	at java.base/java.util.concurrent.ScheduledThreadPoolExecutor$ScheduledFutureTask.run(ScheduledThreadPoolExecutor.java:305)
	at java.base/java.util.concurrent.ThreadPoolExecutor.runWorker(ThreadPoolExecutor.java:1136)
	at java.base/java.util.concurrent.ThreadPoolExecutor$Worker.run(ThreadPoolExecutor.java:635)
	at java.base/java.lang.Thread.run(Thread.java:833)
2023-06-26 20:44:03,475 INFO a.e.u.d.g.c.s.UserService [restartedMain] Saving user...
2023-06-26 20:44:03,479 INFO a.e.u.d.g.c.s.UserService [restartedMain] Saving user...
2023-06-26 20:44:03,483 INFO a.e.u.d.g.c.s.UserService [restartedMain] Saving user...
2023-06-26 20:44:03,487 INFO a.e.u.d.g.c.s.UserService [restartedMain] Saving user...
2023-06-26 20:44:03,490 INFO a.e.u.d.g.c.s.UserService [restartedMain] Saving user...
2023-06-26 20:44:03,494 INFO a.e.u.d.g.c.s.UserService [restartedMain] Saving user...
2023-06-26 20:44:03,498 INFO a.e.u.d.g.c.s.UserService [restartedMain] Saving user...
2023-06-26 20:44:03,503 INFO a.e.u.d.g.c.s.AssetService [restartedMain] Saving Assets...
2023-06-26 20:44:03,505 INFO a.e.u.d.g.c.s.ExchangeService [restartedMain] Get Crypto Asset Price...
2023-06-26 20:44:04,202 INFO a.e.u.d.g.c.s.AssetService [restartedMain] Saving Assets...
2023-06-26 20:44:04,204 INFO a.e.u.d.g.c.s.ExchangeService [restartedMain] Get Crypto Asset Price...
2023-06-26 20:44:04,535 INFO a.e.u.d.g.c.s.AssetService [restartedMain] Saving Assets...
2023-06-26 20:44:04,537 INFO a.e.u.d.g.c.s.ExchangeService [restartedMain] Get Crypto Asset Price...
2023-06-26 20:44:04,867 INFO a.e.u.d.g.c.s.AssetService [restartedMain] Saving Assets...
2023-06-26 20:44:04,869 INFO a.e.u.d.g.c.s.ExchangeService [restartedMain] Get Crypto Asset Price...
2023-06-26 20:44:05,201 INFO a.e.u.d.g.c.s.AssetService [restartedMain] Saving Assets...
2023-06-26 20:44:05,203 INFO a.e.u.d.g.c.s.ExchangeService [restartedMain] Get Crypto Asset Price...
2023-06-26 20:44:05,543 INFO a.e.u.d.g.c.s.AssetService [restartedMain] Saving Assets...
2023-06-26 20:44:05,544 INFO a.e.u.d.g.c.s.ExchangeService [restartedMain] Get Crypto Asset Price...
2023-06-26 20:44:05,879 INFO a.e.u.d.g.c.s.AssetService [restartedMain] Saving Assets...
2023-06-26 20:44:05,881 INFO a.e.u.d.g.c.s.ExchangeService [restartedMain] Get Crypto Asset Price...
2023-06-26 20:44:06,212 INFO a.e.u.d.g.c.s.AssetService [restartedMain] Saving Assets...
2023-06-26 20:44:06,214 INFO a.e.u.d.g.c.s.ExchangeService [restartedMain] Get Crypto Asset Price...
2023-06-26 20:44:07,158 INFO a.e.u.d.g.c.s.AssetService [restartedMain] Saving Assets...
2023-06-26 20:44:07,160 INFO a.e.u.d.g.c.s.ExchangeService [restartedMain] Get Crypto Asset Price...
2023-06-26 20:44:08,119 INFO a.e.u.d.g.c.s.AssetService [restartedMain] Saving Assets...
2023-06-26 20:44:08,120 INFO a.e.u.d.g.c.s.ExchangeService [restartedMain] Get Crypto Asset Price...
2023-06-26 20:44:09,056 INFO a.e.u.d.g.c.s.AssetService [restartedMain] Saving Assets...
2023-06-26 20:44:09,058 INFO a.e.u.d.g.c.s.ExchangeService [restartedMain] Get Crypto Asset Price...
2023-06-26 20:44:09,999 INFO a.e.u.d.g.c.s.AssetService [restartedMain] Saving Assets...
2023-06-26 20:44:10,001 INFO a.e.u.d.g.c.s.ExchangeService [restartedMain] Get Crypto Asset Price...
2023-06-26 20:44:11,372 INFO a.e.u.d.g.c.s.AssetService [restartedMain] Saving Assets...
2023-06-26 20:44:11,374 INFO a.e.u.d.g.c.s.ExchangeService [restartedMain] Get Crypto Asset Price...
2023-06-26 20:44:11,708 INFO a.e.u.d.g.c.s.AssetService [restartedMain] Saving Assets...
2023-06-26 20:44:11,710 INFO a.e.u.d.g.c.s.ExchangeService [restartedMain] Get Crypto Asset Price...
2023-06-26 20:44:15,484 INFO o.a.j.l.DirectJDKLog [http-nio-0.0.0.0-8080-exec-1] Initializing Spring DispatcherServlet 'dispatcherServlet'
2023-06-26 20:44:15,484 INFO o.s.w.s.FrameworkServlet [http-nio-0.0.0.0-8080-exec-1] Initializing Servlet 'dispatcherServlet'
2023-06-26 20:44:15,485 INFO o.s.w.s.FrameworkServlet [http-nio-0.0.0.0-8080-exec-1] Completed initialization in 1 ms
2023-06-26 20:44:16,509 INFO o.s.a.AbstractOpenApiResource [http-nio-0.0.0.0-8080-exec-9] Init duration for springdoc-openapi is: 687 ms
2023-06-26 20:44:31,609 ERROR a.e.u.d.g.c.w.h.GlobalExceptionHandler [http-nio-0.0.0.0-8080-exec-1] The email address is not valid
2023-06-26 20:44:31,613 WARN o.s.w.s.h.AbstractHandlerExceptionResolver [http-nio-0.0.0.0-8080-exec-1] Resolved [org.springframework.web.bind.MethodArgumentNotValidException: Validation failed for argument [0] in public org.springframework.http.ResponseEntity<ar.edu.unq.desapp.groupb.cryptop2p.webservice.dto.TokenInfo> ar.edu.unq.desapp.groupb.cryptop2p.webservice.UserController.authenticate(ar.edu.unq.desapp.groupb.cryptop2p.webservice.dto.LoginDTO): [Field error in object 'loginDTO' on field 'email': rejected value [string]; codes [Email.loginDTO.email,Email.email,Email.java.lang.String,Email]; arguments [org.springframework.context.support.DefaultMessageSourceResolvable: codes [loginDTO.email,email]; arguments []; default message [email],[Ljakarta.validation.constraints.Pattern$Flag;@6bc24ff2,.*]; default message [The email address is not valid]] ]
2023-06-26 20:44:46,894 ERROR a.e.u.d.g.c.w.h.GlobalExceptionHandler [http-nio-0.0.0.0-8080-exec-2] Credenciales errneas
2023-06-26 20:44:46,896 WARN o.s.w.s.h.AbstractHandlerExceptionResolver [http-nio-0.0.0.0-8080-exec-2] Resolved [org.springframework.security.authentication.BadCredentialsException: Credenciales errneas]
2023-06-26 20:46:39,050 INFO o.s.o.j.AbstractEntityManagerFactoryBean [SpringApplicationShutdownHook] Closing JPA EntityManagerFactory for persistence unit 'default'
2023-06-26 20:46:39,051 INFO o.h.t.s.i.SchemaDropperImpl$DelayedDropActionImpl [SpringApplicationShutdownHook] HHH000477: Starting delayed evictData of schema as part of SessionFactory shut-down'
2023-06-26 20:46:39,453 WARN o.s.b.f.s.DisposableBeanAdapter [SpringApplicationShutdownHook] Invocation of destroy method failed on bean with name 'inMemoryDatabaseShutdownExecutor': org.h2.jdbc.JdbcSQLNonTransientConnectionException: La base de datos ya esta cerrada (para des-habilitar el cerrado automatico durante el shutdown de la VM, agregue ";DB_CLOSE_ON_EXIT=FALSE" a la URL de conexin)
Database is already closed (to disable automatic closing at VM shutdown, add ";DB_CLOSE_ON_EXIT=FALSE" to the db URL) [90121-214]
2023-06-26 20:46:39,454 INFO c.z.h.HikariDataSource [SpringApplicationShutdownHook] HikariPool-1 - Shutdown initiated...
2023-06-26 20:46:39,595 INFO c.z.h.HikariDataSource [SpringApplicationShutdownHook] HikariPool-1 - Shutdown completed.
2023-06-26 20:46:52,704 INFO o.h.v.i.u.Version [background-preinit] HV000001: Hibernate Validator 8.0.0.Final
2023-06-26 20:46:52,740 INFO o.s.b.StartupInfoLogger [restartedMain] Starting CryptoP2PApplicationKt using Java 17.0.6 with PID 18572 (D:\Escritorio\Nueva carpeta\final\unq-dda-api\build\classes\kotlin\main started by Pc in D:\Escritorio\Nueva carpeta\final\unq-dda-api)
2023-06-26 20:46:52,741 INFO o.s.b.SpringApplication [restartedMain] No active profile set, falling back to 1 default profile: "default"
2023-06-26 20:46:52,789 INFO o.s.b.l.DeferredLog [restartedMain] Devtools property defaults active! Set 'spring.devtools.add-properties' to 'false' to disable
2023-06-26 20:46:52,789 INFO o.s.b.l.DeferredLog [restartedMain] For additional web related logging consider setting the 'logging.level.web' property to 'DEBUG'
2023-06-26 20:46:53,719 INFO o.s.d.r.c.RepositoryConfigurationDelegate [restartedMain] Bootstrapping Spring Data JPA repositories in DEFAULT mode.
2023-06-26 20:46:53,788 INFO o.s.d.r.c.RepositoryConfigurationDelegate [restartedMain] Finished Spring Data repository scanning in 61 ms. Found 6 JPA repository interfaces.
2023-06-26 20:46:54,354 INFO o.s.b.w.e.t.TomcatWebServer [restartedMain] Tomcat initialized with port(s): 8080 (http)
2023-06-26 20:46:54,363 INFO o.a.j.l.DirectJDKLog [restartedMain] Initializing ProtocolHandler ["http-nio-0.0.0.0-8080"]
2023-06-26 20:46:54,364 INFO o.a.j.l.DirectJDKLog [restartedMain] Starting service [Tomcat]
2023-06-26 20:46:54,364 INFO o.a.j.l.DirectJDKLog [restartedMain] Starting Servlet engine: [Apache Tomcat/10.1.5]
2023-06-26 20:46:54,428 INFO o.a.j.l.DirectJDKLog [restartedMain] Initializing Spring embedded WebApplicationContext
2023-06-26 20:46:54,429 INFO o.s.b.w.s.c.ServletWebServerApplicationContext [restartedMain] Root WebApplicationContext: initialization completed in 1639 ms
2023-06-26 20:46:54,454 INFO c.z.h.HikariDataSource [restartedMain] HikariPool-1 - Starting...
2023-06-26 20:46:54,641 INFO c.z.h.p.HikariPool [restartedMain] HikariPool-1 - Added connection conn0: url=jdbc:h2:mem:test user=SA
2023-06-26 20:46:54,643 INFO c.z.h.HikariDataSource [restartedMain] HikariPool-1 - Start completed.
2023-06-26 20:46:54,654 INFO o.s.b.a.h.H2ConsoleAutoConfiguration [restartedMain] H2 console available at '/h2-console'. Database available at 'jdbc:h2:mem:test'
2023-06-26 20:46:54,740 INFO o.h.j.i.u.LogHelper [restartedMain] HHH000204: Processing PersistenceUnitInfo [name: default]
2023-06-26 20:46:54,786 INFO o.h.Version [restartedMain] HHH000412: Hibernate ORM core version 6.1.7.Final
2023-06-26 20:46:55,064 INFO o.h.e.j.d.i.DialectFactoryImpl [restartedMain] HHH000400: Using dialect: org.hibernate.dialect.H2Dialect
2023-06-26 20:46:55,926 INFO o.h.e.t.j.p.i.JtaPlatformInitiator [restartedMain] HHH000490: Using JtaPlatform implementation: [org.hibernate.engine.transaction.jta.platform.internal.NoJtaPlatform]
2023-06-26 20:46:55,938 INFO o.s.o.j.AbstractEntityManagerFactoryBean [restartedMain] Initialized JPA EntityManagerFactory for persistence unit 'default'
2023-06-26 20:46:57,076 WARN o.s.b.a.o.j.JpaBaseConfiguration$JpaWebConfiguration [restartedMain] spring.jpa.open-in-view is enabled by default. Therefore, database queries may be performed during view rendering. Explicitly configure spring.jpa.open-in-view to disable this warning
2023-06-26 20:46:57,643 INFO o.s.s.w.DefaultSecurityFilterChain [restartedMain] Will secure any request with [org.springframework.security.web.session.DisableEncodeUrlFilter@7551dd3f, org.springframework.security.web.context.request.async.WebAsyncManagerIntegrationFilter@4f9d8de2, org.springframework.security.web.context.SecurityContextHolderFilter@41098272, org.springframework.security.web.header.HeaderWriterFilter@65d237be, org.springframework.web.filter.CorsFilter@544773f0, org.springframework.security.web.authentication.logout.LogoutFilter@6659dd5f, ar.edu.unq.desapp.groupb.cryptop2p.security.JwtAuthenticationFilter@503953b5, org.springframework.security.web.authentication.www.BasicAuthenticationFilter@1874404f, org.springframework.security.web.savedrequest.RequestCacheAwareFilter@53410471, org.springframework.security.web.servletapi.SecurityContextHolderAwareRequestFilter@41f0f40f, org.springframework.security.web.authentication.AnonymousAuthenticationFilter@6deffbab, org.springframework.security.web.session.SessionManagementFilter@7901a126, org.springframework.security.web.access.ExceptionTranslationFilter@513af699, org.springframework.security.web.access.intercept.AuthorizationFilter@69678d9c]
2023-06-26 20:46:57,655 WARN o.s.s.c.a.w.b.WebSecurity [restartedMain] You are asking Spring Security to ignore Ant [pattern='/h2-console/**']. This is not recommended -- please use permitAll via HttpSecurity#authorizeHttpRequests instead.
2023-06-26 20:46:57,655 INFO o.s.s.w.DefaultSecurityFilterChain [restartedMain] Will not secure Ant [pattern='/h2-console/**']
2023-06-26 20:46:57,982 INFO o.s.b.d.a.OptionalLiveReloadServer [restartedMain] LiveReload server is running on port 35729
2023-06-26 20:46:58,004 INFO o.a.j.l.DirectJDKLog [restartedMain] Starting ProtocolHandler ["http-nio-0.0.0.0-8080"]
2023-06-26 20:46:58,025 INFO o.s.b.w.e.t.TomcatWebServer [restartedMain] Tomcat started on port(s): 8080 (http) with context path ''
2023-06-26 20:46:58,045 INFO o.s.b.StartupInfoLogger [restartedMain] Started CryptoP2PApplicationKt in 5.734 seconds (process running for 6.294)
2023-06-26 20:46:58,090 INFO a.e.u.d.g.c.s.UserService [restartedMain] Saving user...
2023-06-26 20:46:58,134 ERROR o.s.s.s.TaskUtils$LoggingErrorHandler [scheduling-1] Unexpected error occurred in scheduled task
ar.edu.unq.desapp.groupb.cryptop2p.model.ModelException: The asset does not belong to the system
	at ar.edu.unq.desapp.groupb.cryptop2p.service.AssetService.quotesEvery10Minutes$lambda$1$lambda$0(AssetService.kt:53)
	at java.base/java.util.Optional.orElseThrow(Optional.java:403)
	at ar.edu.unq.desapp.groupb.cryptop2p.service.AssetService.quotesEvery10Minutes(AssetService.kt:53)
	at java.base/jdk.internal.reflect.NativeMethodAccessorImpl.invoke0(Native Method)
	at java.base/jdk.internal.reflect.NativeMethodAccessorImpl.invoke(NativeMethodAccessorImpl.java:77)
	at java.base/jdk.internal.reflect.DelegatingMethodAccessorImpl.invoke(DelegatingMethodAccessorImpl.java:43)
	at java.base/java.lang.reflect.Method.invoke(Method.java:568)
	at org.springframework.aop.support.AopUtils.invokeJoinpointUsingReflection(AopUtils.java:343)
	at org.springframework.aop.framework.ReflectiveMethodInvocation.invokeJoinpoint(ReflectiveMethodInvocation.java:196)
	at org.springframework.aop.framework.ReflectiveMethodInvocation.proceed(ReflectiveMethodInvocation.java:163)
	at org.springframework.aop.framework.CglibAopProxy$CglibMethodInvocation.proceed(CglibAopProxy.java:750)
	at org.springframework.transaction.interceptor.TransactionInterceptor$1.proceedWithInvocation(TransactionInterceptor.java:123)
	at org.springframework.transaction.interceptor.TransactionAspectSupport.invokeWithinTransaction(TransactionAspectSupport.java:390)
	at org.springframework.transaction.interceptor.TransactionInterceptor.invoke(TransactionInterceptor.java:119)
	at org.springframework.aop.framework.ReflectiveMethodInvocation.proceed(ReflectiveMethodInvocation.java:184)
	at org.springframework.aop.framework.CglibAopProxy$CglibMethodInvocation.proceed(CglibAopProxy.java:750)
	at org.springframework.aop.framework.CglibAopProxy$DynamicAdvisedInterceptor.intercept(CglibAopProxy.java:702)
	at ar.edu.unq.desapp.groupb.cryptop2p.service.AssetService$$SpringCGLIB$$0.quotesEvery10Minutes(<generated>)
	at java.base/jdk.internal.reflect.NativeMethodAccessorImpl.invoke0(Native Method)
	at java.base/jdk.internal.reflect.NativeMethodAccessorImpl.invoke(NativeMethodAccessorImpl.java:77)
	at java.base/jdk.internal.reflect.DelegatingMethodAccessorImpl.invoke(DelegatingMethodAccessorImpl.java:43)
	at java.base/java.lang.reflect.Method.invoke(Method.java:568)
	at org.springframework.scheduling.support.ScheduledMethodRunnable.run(ScheduledMethodRunnable.java:84)
	at org.springframework.scheduling.support.DelegatingErrorHandlingRunnable.run(DelegatingErrorHandlingRunnable.java:54)
	at java.base/java.util.concurrent.Executors$RunnableAdapter.call(Executors.java:539)
	at java.base/java.util.concurrent.FutureTask.runAndReset(FutureTask.java:305)
	at java.base/java.util.concurrent.ScheduledThreadPoolExecutor$ScheduledFutureTask.run(ScheduledThreadPoolExecutor.java:305)
	at java.base/java.util.concurrent.ThreadPoolExecutor.runWorker(ThreadPoolExecutor.java:1136)
	at java.base/java.util.concurrent.ThreadPoolExecutor$Worker.run(ThreadPoolExecutor.java:635)
	at java.base/java.lang.Thread.run(Thread.java:833)
2023-06-26 20:46:58,172 INFO a.e.u.d.g.c.s.UserService [restartedMain] Saving user...
2023-06-26 20:46:58,176 INFO a.e.u.d.g.c.s.UserService [restartedMain] Saving user...
2023-06-26 20:46:58,180 INFO a.e.u.d.g.c.s.UserService [restartedMain] Saving user...
2023-06-26 20:46:58,184 INFO a.e.u.d.g.c.s.UserService [restartedMain] Saving user...
2023-06-26 20:46:58,188 INFO a.e.u.d.g.c.s.UserService [restartedMain] Saving user...
2023-06-26 20:46:58,192 INFO a.e.u.d.g.c.s.UserService [restartedMain] Saving user...
2023-06-26 20:46:58,202 INFO a.e.u.d.g.c.s.UserService [restartedMain] Saving user...
2023-06-26 20:46:58,215 INFO a.e.u.d.g.c.s.AssetService [restartedMain] Saving Assets...
2023-06-26 20:46:58,219 INFO a.e.u.d.g.c.s.ExchangeService [restartedMain] Get Crypto Asset Price...
2023-06-26 20:46:59,387 INFO a.e.u.d.g.c.s.AssetService [restartedMain] Saving Assets...
2023-06-26 20:46:59,389 INFO a.e.u.d.g.c.s.ExchangeService [restartedMain] Get Crypto Asset Price...
2023-06-26 20:46:59,718 INFO a.e.u.d.g.c.s.AssetService [restartedMain] Saving Assets...
2023-06-26 20:46:59,720 INFO a.e.u.d.g.c.s.ExchangeService [restartedMain] Get Crypto Asset Price...
2023-06-26 20:47:00,054 INFO a.e.u.d.g.c.s.AssetService [restartedMain] Saving Assets...
2023-06-26 20:47:00,055 INFO a.e.u.d.g.c.s.ExchangeService [restartedMain] Get Crypto Asset Price...
2023-06-26 20:47:00,386 INFO a.e.u.d.g.c.s.AssetService [restartedMain] Saving Assets...
2023-06-26 20:47:00,388 INFO a.e.u.d.g.c.s.ExchangeService [restartedMain] Get Crypto Asset Price...
2023-06-26 20:47:00,723 INFO a.e.u.d.g.c.s.AssetService [restartedMain] Saving Assets...
2023-06-26 20:47:00,724 INFO a.e.u.d.g.c.s.ExchangeService [restartedMain] Get Crypto Asset Price...
2023-06-26 20:47:01,062 INFO a.e.u.d.g.c.s.AssetService [restartedMain] Saving Assets...
2023-06-26 20:47:01,064 INFO a.e.u.d.g.c.s.ExchangeService [restartedMain] Get Crypto Asset Price...
2023-06-26 20:47:01,395 INFO a.e.u.d.g.c.s.AssetService [restartedMain] Saving Assets...
2023-06-26 20:47:01,397 INFO a.e.u.d.g.c.s.ExchangeService [restartedMain] Get Crypto Asset Price...
2023-06-26 20:47:02,342 INFO a.e.u.d.g.c.s.AssetService [restartedMain] Saving Assets...
2023-06-26 20:47:02,345 INFO a.e.u.d.g.c.s.ExchangeService [restartedMain] Get Crypto Asset Price...
2023-06-26 20:47:03,296 INFO a.e.u.d.g.c.s.AssetService [restartedMain] Saving Assets...
2023-06-26 20:47:03,297 INFO a.e.u.d.g.c.s.ExchangeService [restartedMain] Get Crypto Asset Price...
2023-06-26 20:47:04,235 INFO a.e.u.d.g.c.s.AssetService [restartedMain] Saving Assets...
2023-06-26 20:47:04,237 INFO a.e.u.d.g.c.s.ExchangeService [restartedMain] Get Crypto Asset Price...
2023-06-26 20:47:04,567 INFO a.e.u.d.g.c.s.AssetService [restartedMain] Saving Assets...
2023-06-26 20:47:04,569 INFO a.e.u.d.g.c.s.ExchangeService [restartedMain] Get Crypto Asset Price...
2023-06-26 20:47:05,506 INFO a.e.u.d.g.c.s.AssetService [restartedMain] Saving Assets...
2023-06-26 20:47:05,508 INFO a.e.u.d.g.c.s.ExchangeService [restartedMain] Get Crypto Asset Price...
2023-06-26 20:47:05,918 INFO a.e.u.d.g.c.s.AssetService [restartedMain] Saving Assets...
2023-06-26 20:47:05,920 INFO a.e.u.d.g.c.s.ExchangeService [restartedMain] Get Crypto Asset Price...
2023-06-26 20:47:15,933 INFO o.a.j.l.DirectJDKLog [http-nio-0.0.0.0-8080-exec-1] Initializing Spring DispatcherServlet 'dispatcherServlet'
2023-06-26 20:47:15,934 INFO o.s.w.s.FrameworkServlet [http-nio-0.0.0.0-8080-exec-1] Initializing Servlet 'dispatcherServlet'
2023-06-26 20:47:15,935 INFO o.s.w.s.FrameworkServlet [http-nio-0.0.0.0-8080-exec-1] Completed initialization in 1 ms
2023-06-26 20:47:16,839 INFO o.s.a.AbstractOpenApiResource [http-nio-0.0.0.0-8080-exec-9] Init duration for springdoc-openapi is: 641 ms
2023-06-26 20:47:42,774 INFO o.s.o.j.AbstractEntityManagerFactoryBean [SpringApplicationShutdownHook] Closing JPA EntityManagerFactory for persistence unit 'default'
2023-06-26 20:47:42,775 INFO o.h.t.s.i.SchemaDropperImpl$DelayedDropActionImpl [SpringApplicationShutdownHook] HHH000477: Starting delayed evictData of schema as part of SessionFactory shut-down'
2023-06-26 20:47:43,181 WARN o.s.b.f.s.DisposableBeanAdapter [SpringApplicationShutdownHook] Invocation of destroy method failed on bean with name 'inMemoryDatabaseShutdownExecutor': org.h2.jdbc.JdbcSQLNonTransientConnectionException: La base de datos ya esta cerrada (para des-habilitar el cerrado automatico durante el shutdown de la VM, agregue ";DB_CLOSE_ON_EXIT=FALSE" a la URL de conexin)
Database is already closed (to disable automatic closing at VM shutdown, add ";DB_CLOSE_ON_EXIT=FALSE" to the db URL) [90121-214]
2023-06-26 20:47:43,182 INFO c.z.h.HikariDataSource [SpringApplicationShutdownHook] HikariPool-1 - Shutdown initiated...
2023-06-26 20:47:43,323 INFO c.z.h.HikariDataSource [SpringApplicationShutdownHook] HikariPool-1 - Shutdown completed.
